Code : 230177 [Import Export]   Warning : Keyword 'TCCRepositoryID' is only available in version 810.000000 and higher, the designated value will be ignored. Line number : 1990 File name : D:\vishal all data\OLD DATA\2025\Rajib Sir\LATEST VIETNAM\TechGration\TechGration\CYMEUPLOAD\DIENLOC-472\CymeTextFile\Network.txt
Code : 230177 [Import Export]   Warning : Keyword 'TCCRepositoryAlternateID1' is only available in version 810.000000 and higher, the designated value will be ignored. Line number : 1990 File name : D:\vishal all data\OLD DATA\2025\Rajib Sir\LATEST VIETNAM\TechGration\TechGration\CYMEUPLOAD\DIENLOC-472\CymeTextFile\Network.txt
Code : 230177 [Import Export]   Warning : Keyword 'TCCRepositoryAlternateID2' is only available in version 810.000000 and higher, the designated value will be ignored. Line number : 1990 File name : D:\vishal all data\OLD DATA\2025\Rajib Sir\LATEST VIETNAM\TechGration\TechGration\CYMEUPLOAD\DIENLOC-472\CymeTextFile\Network.txt
Code : 230177 [Import Export]   Warning : Keyword 'TCCRepositoryAlternateID3' is only available in version 810.000000 and higher, the designated value will be ignored. Line number : 1990 File name : D:\vishal all data\OLD DATA\2025\Rajib Sir\LATEST VIETNAM\TechGration\TechGration\CYMEUPLOAD\DIENLOC-472\CymeTextFile\Network.txt
Code : 230177 [Import Export]   Warning : Keyword 'TCCRepositoryAlternateID4' is only available in version 810.000000 and higher, the designated value will be ignored. Line number : 1990 File name : D:\vishal all data\OLD DATA\2025\Rajib Sir\LATEST VIETNAM\TechGration\TechGration\CYMEUPLOAD\DIENLOC-472\CymeTextFile\Network.txt
Code : 230177 [Import Export]   Warning : Keyword 'TCCRepositoryAlternateID5' is only available in version 810.000000 and higher, the designated value will be ignored. Line number : 1990 File name : D:\vishal all data\OLD DATA\2025\Rajib Sir\LATEST VIETNAM\TechGration\TechGration\CYMEUPLOAD\DIENLOC-472\CymeTextFile\Network.txt
Code : 230177 [Import Export]   Warning : Keyword 'TCCRepositoryAlternateID6' is only available in version 810.000000 and higher, the designated value will be ignored. Line number : 1990 File name : D:\vishal all data\OLD DATA\2025\Rajib Sir\LATEST VIETNAM\TechGration\TechGration\CYMEUPLOAD\DIENLOC-472\CymeTextFile\Network.txt
Code : 230177 [Import Export]   Warning : Keyword 'TCCRepositoryAlternateID7' is only available in version 810.000000 and higher, the designated value will be ignored. Line number : 1990 File name : D:\vishal all data\OLD DATA\2025\Rajib Sir\LATEST VIETNAM\TechGration\TechGration\CYMEUPLOAD\DIENLOC-472\CymeTextFile\Network.txt
Code : 230177 [Import Export]   Warning : Keyword 'TCCRepositoryAlternateID8' is only available in version 810.000000 and higher, the designated value will be ignored. Line number : 1990 File name : D:\vishal all data\OLD DATA\2025\Rajib Sir\LATEST VIETNAM\TechGration\TechGration\CYMEUPLOAD\DIENLOC-472\CymeTextFile\Network.txt
Code : 230177 [Import Export]   Warning : Keyword 'TCCRepositoryAlternateID9' is only available in version 810.000000 and higher, the designated value will be ignored. Line number : 1990 File name : D:\vishal all data\OLD DATA\2025\Rajib Sir\LATEST VIETNAM\TechGration\TechGration\CYMEUPLOAD\DIENLOC-472\CymeTextFile\Network.txt
Code : 230177 [Import Export]   Warning : Keyword 'TCCRepositoryAlternateID10' is only available in version 810.000000 and higher, the designated value will be ignored. Line number : 1990 File name : D:\vishal all data\OLD DATA\2025\Rajib Sir\LATEST VIETNAM\TechGration\TechGration\CYMEUPLOAD\DIENLOC-472\CymeTextFile\Network.txt
Code : 230177 [Import Export]   Warning : Keyword 'IntellirupterTCCRepositoryID' is only available in version 810.000000 and higher, the designated value will be ignored. Line number : 1990 File name : D:\vishal all data\OLD DATA\2025\Rajib Sir\LATEST VIETNAM\TechGration\TechGration\CYMEUPLOAD\DIENLOC-472\CymeTextFile\Network.txt
Code : 230177 [Import Export]   Warning : Keyword 'SourceHarmonicModelType' is only available in version 810.000000 and higher, the designated value will be ignored. Line number : 2004 File name : D:\vishal all data\OLD DATA\2025\Rajib Sir\LATEST VIETNAM\TechGration\TechGration\CYMEUPLOAD\DIENLOC-472\CymeTextFile\Network.txt
Code : 230177 [Import Export]   Warning : Keyword 'PulseNumber' is only available in version 810.000000 and higher, the designated value will be ignored. Line number : 2004 File name : D:\vishal all data\OLD DATA\2025\Rajib Sir\LATEST VIETNAM\TechGration\TechGration\CYMEUPLOAD\DIENLOC-472\CymeTextFile\Network.txt
Code : 230177 [Import Export]   Warning : Keyword 'FiringAngle' is only available in version 810.000000 and higher, the designated value will be ignored. Line number : 2004 File name : D:\vishal all data\OLD DATA\2025\Rajib Sir\LATEST VIETNAM\TechGration\TechGration\CYMEUPLOAD\DIENLOC-472\CymeTextFile\Network.txt
Code : 230177 [Import Export]   Warning : Keyword 'OverlapAngle' is only available in version 810.000000 and higher, the designated value will be ignored. Line number : 2004 File name : D:\vishal all data\OLD DATA\2025\Rajib Sir\LATEST VIETNAM\TechGration\TechGration\CYMEUPLOAD\DIENLOC-472\CymeTextFile\Network.txt
Code : 230177 [Import Export]   Warning : Keyword 'ConnectionConfiguration' is only available in version 820.000000 and higher, the designated value will be ignored. Line number : 2004 File name : D:\vishal all data\OLD DATA\2025\Rajib Sir\LATEST VIETNAM\TechGration\TechGration\CYMEUPLOAD\DIENLOC-472\CymeTextFile\Network.txt
Code : 230177 [Import Export]   Warning : Keyword 'ConnectionConfiguration' is only available in version 820.000000 and higher, the designated value will be ignored. Line number : 2007 File name : D:\vishal all data\OLD DATA\2025\Rajib Sir\LATEST VIETNAM\TechGration\TechGration\CYMEUPLOAD\DIENLOC-472\CymeTextFile\Network.txt
Code : 230177 [Import Export]   Warning : Keyword 'CTConnection' is only available in version 820.000000 and higher, the designated value will be ignored. Line number : 2007 File name : D:\vishal all data\OLD DATA\2025\Rajib Sir\LATEST VIETNAM\TechGration\TechGration\CYMEUPLOAD\DIENLOC-472\CymeTextFile\Network.txt
Code : 230177 [Import Export]   Warning : Keyword 'SourceHarmonicModelType' is only available in version 810.000000 and higher, the designated value will be ignored. Line number : 2007 File name : D:\vishal all data\OLD DATA\2025\Rajib Sir\LATEST VIETNAM\TechGration\TechGration\CYMEUPLOAD\DIENLOC-472\CymeTextFile\Network.txt
Code : 230177 [Import Export]   Warning : Keyword 'PulseNumber' is only available in version 810.000000 and higher, the designated value will be ignored. Line number : 2007 File name : D:\vishal all data\OLD DATA\2025\Rajib Sir\LATEST VIETNAM\TechGration\TechGration\CYMEUPLOAD\DIENLOC-472\CymeTextFile\Network.txt
Code : 230177 [Import Export]   Warning : Keyword 'FiringAngle' is only available in version 810.000000 and higher, the designated value will be ignored. Line number : 2007 File name : D:\vishal all data\OLD DATA\2025\Rajib Sir\LATEST VIETNAM\TechGration\TechGration\CYMEUPLOAD\DIENLOC-472\CymeTextFile\Network.txt
Code : 230177 [Import Export]   Warning : Keyword 'OverlapAngle' is only available in version 810.000000 and higher, the designated value will be ignored. Line number : 2007 File name : D:\vishal all data\OLD DATA\2025\Rajib Sir\LATEST VIETNAM\TechGration\TechGration\CYMEUPLOAD\DIENLOC-472\CymeTextFile\Network.txt
Code : 230177 [Import Export]   Warning : Keyword 'SourceHarmonicModelType' is only available in version 810.000000 and higher, the designated value will be ignored. Line number : 2010 File name : D:\vishal all data\OLD DATA\2025\Rajib Sir\LATEST VIETNAM\TechGration\TechGration\CYMEUPLOAD\DIENLOC-472\CymeTextFile\Network.txt
Code : 230177 [Import Export]   Warning : Keyword 'PulseNumber' is only available in version 810.000000 and higher, the designated value will be ignored. Line number : 2010 File name : D:\vishal all data\OLD DATA\2025\Rajib Sir\LATEST VIETNAM\TechGration\TechGration\CYMEUPLOAD\DIENLOC-472\CymeTextFile\Network.txt
Code : 230177 [Import Export]   Warning : Keyword 'FiringAngle' is only available in version 810.000000 and higher, the designated value will be ignored. Line number : 2010 File name : D:\vishal all data\OLD DATA\2025\Rajib Sir\LATEST VIETNAM\TechGration\TechGration\CYMEUPLOAD\DIENLOC-472\CymeTextFile\Network.txt
Code : 230177 [Import Export]   Warning : Keyword 'OverlapAngle' is only available in version 810.000000 and higher, the designated value will be ignored. Line number : 2010 File name : D:\vishal all data\OLD DATA\2025\Rajib Sir\LATEST VIETNAM\TechGration\TechGration\CYMEUPLOAD\DIENLOC-472\CymeTextFile\Network.txt
Code : 230177 [Import Export]   Warning : Keyword 'ConnectionConfiguration' is only available in version 820.000000 and higher, the designated value will be ignored. Line number : 2010 File name : D:\vishal all data\OLD DATA\2025\Rajib Sir\LATEST VIETNAM\TechGration\TechGration\CYMEUPLOAD\DIENLOC-472\CymeTextFile\Network.txt
Code : 230050 [Import Export]   Warning : Found gaps in the sequence numbers for intermediate nodes concerning the Section ID : 'BB_5591'. File name : D:\vishal all data\OLD DATA\2025\Rajib Sir\LATEST VIETNAM\TechGration\TechGration\CYMEUPLOAD\DIENLOC-472\CymeTextFile\Network.txt
Code : 230050 [Import Export]   Warning : Found gaps in the sequence numbers for intermediate nodes concerning the Section ID : 'OH_10369'. File name : D:\vishal all data\OLD DATA\2025\Rajib Sir\LATEST VIETNAM\TechGration\TechGration\CYMEUPLOAD\DIENLOC-472\CymeTextFile\Network.txt
Code : 230050 [Import Export]   Warning : Found gaps in the sequence numbers for intermediate nodes concerning the Section ID : 'OH_10371'. File name : D:\vishal all data\OLD DATA\2025\Rajib Sir\LATEST VIETNAM\TechGration\TechGration\CYMEUPLOAD\DIENLOC-472\CymeTextFile\Network.txt
Code : 230050 [Import Export]   Warning : Found gaps in the sequence numbers for intermediate nodes concerning the Section ID : 'OH_10506'. File name : D:\vishal all data\OLD DATA\2025\Rajib Sir\LATEST VIETNAM\TechGration\TechGration\CYMEUPLOAD\DIENLOC-472\CymeTextFile\Network.txt
Code : 230050 [Import Export]   Warning : Found gaps in the sequence numbers for intermediate nodes concerning the Section ID : 'OH_10507'. File name : D:\vishal all data\OLD DATA\2025\Rajib Sir\LATEST VIETNAM\TechGration\TechGration\CYMEUPLOAD\DIENLOC-472\CymeTextFile\Network.txt
Code : 230050 [Import Export]   Warning : Found gaps in the sequence numbers for intermediate nodes concerning the Section ID : 'OH_10508'. File name : D:\vishal all data\OLD DATA\2025\Rajib Sir\LATEST VIETNAM\TechGration\TechGration\CYMEUPLOAD\DIENLOC-472\CymeTextFile\Network.txt
Code : 230050 [Import Export]   Warning : Found gaps in the sequence numbers for intermediate nodes concerning the Section ID : 'OH_10585'. File name : D:\vishal all data\OLD DATA\2025\Rajib Sir\LATEST VIETNAM\TechGration\TechGration\CYMEUPLOAD\DIENLOC-472\CymeTextFile\Network.txt
Code : 230050 [Import Export]   Warning : Found gaps in the sequence numbers for intermediate nodes concerning the Section ID : 'OH_10592'. File name : D:\vishal all data\OLD DATA\2025\Rajib Sir\LATEST VIETNAM\TechGration\TechGration\CYMEUPLOAD\DIENLOC-472\CymeTextFile\Network.txt
Code : 230050 [Import Export]   Warning : Found gaps in the sequence numbers for intermediate nodes concerning the Section ID : 'OH_10593'. File name : D:\vishal all data\OLD DATA\2025\Rajib Sir\LATEST VIETNAM\TechGration\TechGration\CYMEUPLOAD\DIENLOC-472\CymeTextFile\Network.txt
Code : 230050 [Import Export]   Warning : Found gaps in the sequence numbers for intermediate nodes concerning the Section ID : 'OH_11482'. File name : D:\vishal all data\OLD DATA\2025\Rajib Sir\LATEST VIETNAM\TechGration\TechGration\CYMEUPLOAD\DIENLOC-472\CymeTextFile\Network.txt
Code : 230050 [Import Export]   Warning : Found gaps in the sequence numbers for intermediate nodes concerning the Section ID : 'OH_11691'. File name : D:\vishal all data\OLD DATA\2025\Rajib Sir\LATEST VIETNAM\TechGration\TechGration\CYMEUPLOAD\DIENLOC-472\CymeTextFile\Network.txt
Code : 230050 [Import Export]   Warning : Found gaps in the sequence numbers for intermediate nodes concerning the Section ID : 'OH_4655'. File name : D:\vishal all data\OLD DATA\2025\Rajib Sir\LATEST VIETNAM\TechGration\TechGration\CYMEUPLOAD\DIENLOC-472\CymeTextFile\Network.txt
Code : 230050 [Import Export]   Warning : Found gaps in the sequence numbers for intermediate nodes concerning the Section ID : 'OH_4667'. File name : D:\vishal all data\OLD DATA\2025\Rajib Sir\LATEST VIETNAM\TechGration\TechGration\CYMEUPLOAD\DIENLOC-472\CymeTextFile\Network.txt
Code : 230050 [Import Export]   Warning : Found gaps in the sequence numbers for intermediate nodes concerning the Section ID : 'OH_4675'. File name : D:\vishal all data\OLD DATA\2025\Rajib Sir\LATEST VIETNAM\TechGration\TechGration\CYMEUPLOAD\DIENLOC-472\CymeTextFile\Network.txt
Code : 230050 [Import Export]   Warning : Found gaps in the sequence numbers for intermediate nodes concerning the Section ID : 'OH_4718'. File name : D:\vishal all data\OLD DATA\2025\Rajib Sir\LATEST VIETNAM\TechGration\TechGration\CYMEUPLOAD\DIENLOC-472\CymeTextFile\Network.txt
Code : 230050 [Import Export]   Warning : Found gaps in the sequence numbers for intermediate nodes concerning the Section ID : 'OH_4724'. File name : D:\vishal all data\OLD DATA\2025\Rajib Sir\LATEST VIETNAM\TechGration\TechGration\CYMEUPLOAD\DIENLOC-472\CymeTextFile\Network.txt
Code : 230050 [Import Export]   Warning : Found gaps in the sequence numbers for intermediate nodes concerning the Section ID : 'OH_4725'. File name : D:\vishal all data\OLD DATA\2025\Rajib Sir\LATEST VIETNAM\TechGration\TechGration\CYMEUPLOAD\DIENLOC-472\CymeTextFile\Network.txt
Code : 230050 [Import Export]   Warning : Found gaps in the sequence numbers for intermediate nodes concerning the Section ID : 'OH_4731'. File name : D:\vishal all data\OLD DATA\2025\Rajib Sir\LATEST VIETNAM\TechGration\TechGration\CYMEUPLOAD\DIENLOC-472\CymeTextFile\Network.txt
Code : 230050 [Import Export]   Warning : Found gaps in the sequence numbers for intermediate nodes concerning the Section ID : 'OH_4734'. File name : D:\vishal all data\OLD DATA\2025\Rajib Sir\LATEST VIETNAM\TechGration\TechGration\CYMEUPLOAD\DIENLOC-472\CymeTextFile\Network.txt
Code : 230050 [Import Export]   Warning : Found gaps in the sequence numbers for intermediate nodes concerning the Section ID : 'OH_4740'. File name : D:\vishal all data\OLD DATA\2025\Rajib Sir\LATEST VIETNAM\TechGration\TechGration\CYMEUPLOAD\DIENLOC-472\CymeTextFile\Network.txt
Code : 230050 [Import Export]   Warning : Found gaps in the sequence numbers for intermediate nodes concerning the Section ID : 'OH_4741'. File name : D:\vishal all data\OLD DATA\2025\Rajib Sir\LATEST VIETNAM\TechGration\TechGration\CYMEUPLOAD\DIENLOC-472\CymeTextFile\Network.txt
Code : 230050 [Import Export]   Warning : Found gaps in the sequence numbers for intermediate nodes concerning the Section ID : 'OH_4742'. File name : D:\vishal all data\OLD DATA\2025\Rajib Sir\LATEST VIETNAM\TechGration\TechGration\CYMEUPLOAD\DIENLOC-472\CymeTextFile\Network.txt
Code : 230050 [Import Export]   Warning : Found gaps in the sequence numbers for intermediate nodes concerning the Section ID : 'OH_4743'. File name : D:\vishal all data\OLD DATA\2025\Rajib Sir\LATEST VIETNAM\TechGration\TechGration\CYMEUPLOAD\DIENLOC-472\CymeTextFile\Network.txt
Code : 230050 [Import Export]   Warning : Found gaps in the sequence numbers for intermediate nodes concerning the Section ID : 'OH_4744'. File name : D:\vishal all data\OLD DATA\2025\Rajib Sir\LATEST VIETNAM\TechGration\TechGration\CYMEUPLOAD\DIENLOC-472\CymeTextFile\Network.txt
Code : 230050 [Import Export]   Warning : Found gaps in the sequence numbers for intermediate nodes concerning the Section ID : 'OH_4745'. File name : D:\vishal all data\OLD DATA\2025\Rajib Sir\LATEST VIETNAM\TechGration\TechGration\CYMEUPLOAD\DIENLOC-472\CymeTextFile\Network.txt
Code : 230050 [Import Export]   Warning : Found gaps in the sequence numbers for intermediate nodes concerning the Section ID : 'OH_4749'. File name : D:\vishal all data\OLD DATA\2025\Rajib Sir\LATEST VIETNAM\TechGration\TechGration\CYMEUPLOAD\DIENLOC-472\CymeTextFile\Network.txt
Code : 230050 [Import Export]   Warning : Found gaps in the sequence numbers for intermediate nodes concerning the Section ID : 'OH_4750'. File name : D:\vishal all data\OLD DATA\2025\Rajib Sir\LATEST VIETNAM\TechGration\TechGration\CYMEUPLOAD\DIENLOC-472\CymeTextFile\Network.txt
Code : 230050 [Import Export]   Warning : Found gaps in the sequence numbers for intermediate nodes concerning the Section ID : 'OH_4753'. File name : D:\vishal all data\OLD DATA\2025\Rajib Sir\LATEST VIETNAM\TechGration\TechGration\CYMEUPLOAD\DIENLOC-472\CymeTextFile\Network.txt
Code : 230050 [Import Export]   Warning : Found gaps in the sequence numbers for intermediate nodes concerning the Section ID : 'OH_4754'. File name : D:\vishal all data\OLD DATA\2025\Rajib Sir\LATEST VIETNAM\TechGration\TechGration\CYMEUPLOAD\DIENLOC-472\CymeTextFile\Network.txt
Code : 230050 [Import Export]   Warning : Found gaps in the sequence numbers for intermediate nodes concerning the Section ID : 'OH_4755'. File name : D:\vishal all data\OLD DATA\2025\Rajib Sir\LATEST VIETNAM\TechGration\TechGration\CYMEUPLOAD\DIENLOC-472\CymeTextFile\Network.txt
Code : 230050 [Import Export]   Warning : Found gaps in the sequence numbers for intermediate nodes concerning the Section ID : 'OH_4756'. File name : D:\vishal all data\OLD DATA\2025\Rajib Sir\LATEST VIETNAM\TechGration\TechGration\CYMEUPLOAD\DIENLOC-472\CymeTextFile\Network.txt
Code : 230050 [Import Export]   Warning : Found gaps in the sequence numbers for intermediate nodes concerning the Section ID : 'OH_4757'. File name : D:\vishal all data\OLD DATA\2025\Rajib Sir\LATEST VIETNAM\TechGration\TechGration\CYMEUPLOAD\DIENLOC-472\CymeTextFile\Network.txt
Code : 230050 [Import Export]   Warning : Found gaps in the sequence numbers for intermediate nodes concerning the Section ID : 'OH_4758'. File name : D:\vishal all data\OLD DATA\2025\Rajib Sir\LATEST VIETNAM\TechGration\TechGration\CYMEUPLOAD\DIENLOC-472\CymeTextFile\Network.txt
Code : 230050 [Import Export]   Warning : Found gaps in the sequence numbers for intermediate nodes concerning the Section ID : 'OH_4759'. File name : D:\vishal all data\OLD DATA\2025\Rajib Sir\LATEST VIETNAM\TechGration\TechGration\CYMEUPLOAD\DIENLOC-472\CymeTextFile\Network.txt
Code : 230050 [Import Export]   Warning : Found gaps in the sequence numbers for intermediate nodes concerning the Section ID : 'OH_4815'. File name : D:\vishal all data\OLD DATA\2025\Rajib Sir\LATEST VIETNAM\TechGration\TechGration\CYMEUPLOAD\DIENLOC-472\CymeTextFile\Network.txt
Code : 230050 [Import Export]   Warning : Found gaps in the sequence numbers for intermediate nodes concerning the Section ID : 'OH_4816'. File name : D:\vishal all data\OLD DATA\2025\Rajib Sir\LATEST VIETNAM\TechGration\TechGration\CYMEUPLOAD\DIENLOC-472\CymeTextFile\Network.txt
Code : 230050 [Import Export]   Warning : Found gaps in the sequence numbers for intermediate nodes concerning the Section ID : 'OH_4817'. File name : D:\vishal all data\OLD DATA\2025\Rajib Sir\LATEST VIETNAM\TechGration\TechGration\CYMEUPLOAD\DIENLOC-472\CymeTextFile\Network.txt
Code : 230050 [Import Export]   Warning : Found gaps in the sequence numbers for intermediate nodes concerning the Section ID : 'OH_4818'. File name : D:\vishal all data\OLD DATA\2025\Rajib Sir\LATEST VIETNAM\TechGration\TechGration\CYMEUPLOAD\DIENLOC-472\CymeTextFile\Network.txt
Code : 230050 [Import Export]   Warning : Found gaps in the sequence numbers for intermediate nodes concerning the Section ID : 'OH_5454'. File name : D:\vishal all data\OLD DATA\2025\Rajib Sir\LATEST VIETNAM\TechGration\TechGration\CYMEUPLOAD\DIENLOC-472\CymeTextFile\Network.txt
Code : 230050 [Import Export]   Warning : Found gaps in the sequence numbers for intermediate nodes concerning the Section ID : 'OH_5455'. File name : D:\vishal all data\OLD DATA\2025\Rajib Sir\LATEST VIETNAM\TechGration\TechGration\CYMEUPLOAD\DIENLOC-472\CymeTextFile\Network.txt
Code : 230050 [Import Export]   Warning : Found gaps in the sequence numbers for intermediate nodes concerning the Section ID : 'OH_5462'. File name : D:\vishal all data\OLD DATA\2025\Rajib Sir\LATEST VIETNAM\TechGration\TechGration\CYMEUPLOAD\DIENLOC-472\CymeTextFile\Network.txt
Code : 230050 [Import Export]   Warning : Found gaps in the sequence numbers for intermediate nodes concerning the Section ID : 'OH_5464'. File name : D:\vishal all data\OLD DATA\2025\Rajib Sir\LATEST VIETNAM\TechGration\TechGration\CYMEUPLOAD\DIENLOC-472\CymeTextFile\Network.txt
Code : 230050 [Import Export]   Warning : Found gaps in the sequence numbers for intermediate nodes concerning the Section ID : 'OH_5483'. File name : D:\vishal all data\OLD DATA\2025\Rajib Sir\LATEST VIETNAM\TechGration\TechGration\CYMEUPLOAD\DIENLOC-472\CymeTextFile\Network.txt
Code : 230050 [Import Export]   Warning : Found gaps in the sequence numbers for intermediate nodes concerning the Section ID : 'OH_5486'. File name : D:\vishal all data\OLD DATA\2025\Rajib Sir\LATEST VIETNAM\TechGration\TechGration\CYMEUPLOAD\DIENLOC-472\CymeTextFile\Network.txt
Code : 230050 [Import Export]   Warning : Found gaps in the sequence numbers for intermediate nodes concerning the Section ID : 'OH_5487'. File name : D:\vishal all data\OLD DATA\2025\Rajib Sir\LATEST VIETNAM\TechGration\TechGration\CYMEUPLOAD\DIENLOC-472\CymeTextFile\Network.txt
Code : 230050 [Import Export]   Warning : Found gaps in the sequence numbers for intermediate nodes concerning the Section ID : 'OH_5488'. File name : D:\vishal all data\OLD DATA\2025\Rajib Sir\LATEST VIETNAM\TechGration\TechGration\CYMEUPLOAD\DIENLOC-472\CymeTextFile\Network.txt
Code : 230050 [Import Export]   Warning : Found gaps in the sequence numbers for intermediate nodes concerning the Section ID : 'OH_5617'. File name : D:\vishal all data\OLD DATA\2025\Rajib Sir\LATEST VIETNAM\TechGration\TechGration\CYMEUPLOAD\DIENLOC-472\CymeTextFile\Network.txt
Code : 230050 [Import Export]   Warning : Found gaps in the sequence numbers for intermediate nodes concerning the Section ID : 'OH_5623'. File name : D:\vishal all data\OLD DATA\2025\Rajib Sir\LATEST VIETNAM\TechGration\TechGration\CYMEUPLOAD\DIENLOC-472\CymeTextFile\Network.txt
Code : 230050 [Import Export]   Warning : Found gaps in the sequence numbers for intermediate nodes concerning the Section ID : 'OH_5629'. File name : D:\vishal all data\OLD DATA\2025\Rajib Sir\LATEST VIETNAM\TechGration\TechGration\CYMEUPLOAD\DIENLOC-472\CymeTextFile\Network.txt
Code : 230050 [Import Export]   Warning : Found gaps in the sequence numbers for intermediate nodes concerning the Section ID : 'OH_5630'. File name : D:\vishal all data\OLD DATA\2025\Rajib Sir\LATEST VIETNAM\TechGration\TechGration\CYMEUPLOAD\DIENLOC-472\CymeTextFile\Network.txt
Code : 230050 [Import Export]   Warning : Found gaps in the sequence numbers for intermediate nodes concerning the Section ID : 'OH_5657'. File name : D:\vishal all data\OLD DATA\2025\Rajib Sir\LATEST VIETNAM\TechGration\TechGration\CYMEUPLOAD\DIENLOC-472\CymeTextFile\Network.txt
Code : 230050 [Import Export]   Warning : Found gaps in the sequence numbers for intermediate nodes concerning the Section ID : 'OH_5670'. File name : D:\vishal all data\OLD DATA\2025\Rajib Sir\LATEST VIETNAM\TechGration\TechGration\CYMEUPLOAD\DIENLOC-472\CymeTextFile\Network.txt
Code : 230050 [Import Export]   Warning : Found gaps in the sequence numbers for intermediate nodes concerning the Section ID : 'OH_5676'. File name : D:\vishal all data\OLD DATA\2025\Rajib Sir\LATEST VIETNAM\TechGration\TechGration\CYMEUPLOAD\DIENLOC-472\CymeTextFile\Network.txt
Code : 230050 [Import Export]   Warning : Found gaps in the sequence numbers for intermediate nodes concerning the Section ID : 'OH_5677'. File name : D:\vishal all data\OLD DATA\2025\Rajib Sir\LATEST VIETNAM\TechGration\TechGration\CYMEUPLOAD\DIENLOC-472\CymeTextFile\Network.txt
Code : 230050 [Import Export]   Warning : Found gaps in the sequence numbers for intermediate nodes concerning the Section ID : 'OH_5678'. File name : D:\vishal all data\OLD DATA\2025\Rajib Sir\LATEST VIETNAM\TechGration\TechGration\CYMEUPLOAD\DIENLOC-472\CymeTextFile\Network.txt
Code : 230050 [Import Export]   Warning : Found gaps in the sequence numbers for intermediate nodes concerning the Section ID : 'OH_5679'. File name : D:\vishal all data\OLD DATA\2025\Rajib Sir\LATEST VIETNAM\TechGration\TechGration\CYMEUPLOAD\DIENLOC-472\CymeTextFile\Network.txt
Code : 230050 [Import Export]   Warning : Found gaps in the sequence numbers for intermediate nodes concerning the Section ID : 'OH_5680'. File name : D:\vishal all data\OLD DATA\2025\Rajib Sir\LATEST VIETNAM\TechGration\TechGration\CYMEUPLOAD\DIENLOC-472\CymeTextFile\Network.txt
Code : 230050 [Import Export]   Warning : Found gaps in the sequence numbers for intermediate nodes concerning the Section ID : 'OH_5702'. File name : D:\vishal all data\OLD DATA\2025\Rajib Sir\LATEST VIETNAM\TechGration\TechGration\CYMEUPLOAD\DIENLOC-472\CymeTextFile\Network.txt
Code : 230050 [Import Export]   Warning : Found gaps in the sequence numbers for intermediate nodes concerning the Section ID : 'OH_5717'. File name : D:\vishal all data\OLD DATA\2025\Rajib Sir\LATEST VIETNAM\TechGration\TechGration\CYMEUPLOAD\DIENLOC-472\CymeTextFile\Network.txt
Code : 230050 [Import Export]   Warning : Found gaps in the sequence numbers for intermediate nodes concerning the Section ID : 'OH_5733'. File name : D:\vishal all data\OLD DATA\2025\Rajib Sir\LATEST VIETNAM\TechGration\TechGration\CYMEUPLOAD\DIENLOC-472\CymeTextFile\Network.txt
Code : 230050 [Import Export]   Warning : Found gaps in the sequence numbers for intermediate nodes concerning the Section ID : 'OH_5735'. File name : D:\vishal all data\OLD DATA\2025\Rajib Sir\LATEST VIETNAM\TechGration\TechGration\CYMEUPLOAD\DIENLOC-472\CymeTextFile\Network.txt
Code : 230050 [Import Export]   Warning : Found gaps in the sequence numbers for intermediate nodes concerning the Section ID : 'OH_5737'. File name : D:\vishal all data\OLD DATA\2025\Rajib Sir\LATEST VIETNAM\TechGration\TechGration\CYMEUPLOAD\DIENLOC-472\CymeTextFile\Network.txt
Code : 230050 [Import Export]   Warning : Found gaps in the sequence numbers for intermediate nodes concerning the Section ID : 'OH_5739'. File name : D:\vishal all data\OLD DATA\2025\Rajib Sir\LATEST VIETNAM\TechGration\TechGration\CYMEUPLOAD\DIENLOC-472\CymeTextFile\Network.txt
Code : 230050 [Import Export]   Warning : Found gaps in the sequence numbers for intermediate nodes concerning the Section ID : 'OH_5740'. File name : D:\vishal all data\OLD DATA\2025\Rajib Sir\LATEST VIETNAM\TechGration\TechGration\CYMEUPLOAD\DIENLOC-472\CymeTextFile\Network.txt
Code : 230050 [Import Export]   Warning : Found gaps in the sequence numbers for intermediate nodes concerning the Section ID : 'OH_5741'. File name : D:\vishal all data\OLD DATA\2025\Rajib Sir\LATEST VIETNAM\TechGration\TechGration\CYMEUPLOAD\DIENLOC-472\CymeTextFile\Network.txt
Code : 230050 [Import Export]   Warning : Found gaps in the sequence numbers for intermediate nodes concerning the Section ID : 'OH_5746'. File name : D:\vishal all data\OLD DATA\2025\Rajib Sir\LATEST VIETNAM\TechGration\TechGration\CYMEUPLOAD\DIENLOC-472\CymeTextFile\Network.txt
Code : 230050 [Import Export]   Warning : Found gaps in the sequence numbers for intermediate nodes concerning the Section ID : 'OH_5760'. File name : D:\vishal all data\OLD DATA\2025\Rajib Sir\LATEST VIETNAM\TechGration\TechGration\CYMEUPLOAD\DIENLOC-472\CymeTextFile\Network.txt
Code : 230050 [Import Export]   Warning : Found gaps in the sequence numbers for intermediate nodes concerning the Section ID : 'OH_5766'. File name : D:\vishal all data\OLD DATA\2025\Rajib Sir\LATEST VIETNAM\TechGration\TechGration\CYMEUPLOAD\DIENLOC-472\CymeTextFile\Network.txt
Code : 230050 [Import Export]   Warning : Found gaps in the sequence numbers for intermediate nodes concerning the Section ID : 'OH_5767'. File name : D:\vishal all data\OLD DATA\2025\Rajib Sir\LATEST VIETNAM\TechGration\TechGration\CYMEUPLOAD\DIENLOC-472\CymeTextFile\Network.txt
Code : 230050 [Import Export]   Warning : Found gaps in the sequence numbers for intermediate nodes concerning the Section ID : 'OH_5769'. File name : D:\vishal all data\OLD DATA\2025\Rajib Sir\LATEST VIETNAM\TechGration\TechGration\CYMEUPLOAD\DIENLOC-472\CymeTextFile\Network.txt
Code : 230050 [Import Export]   Warning : Found gaps in the sequence numbers for intermediate nodes concerning the Section ID : 'OH_5781'. File name : D:\vishal all data\OLD DATA\2025\Rajib Sir\LATEST VIETNAM\TechGration\TechGration\CYMEUPLOAD\DIENLOC-472\CymeTextFile\Network.txt
Code : 230050 [Import Export]   Warning : Found gaps in the sequence numbers for intermediate nodes concerning the Section ID : 'OH_5799'. File name : D:\vishal all data\OLD DATA\2025\Rajib Sir\LATEST VIETNAM\TechGration\TechGration\CYMEUPLOAD\DIENLOC-472\CymeTextFile\Network.txt
Code : 230050 [Import Export]   Warning : Found gaps in the sequence numbers for intermediate nodes concerning the Section ID : 'OH_5806'. File name : D:\vishal all data\OLD DATA\2025\Rajib Sir\LATEST VIETNAM\TechGration\TechGration\CYMEUPLOAD\DIENLOC-472\CymeTextFile\Network.txt
Code : 230050 [Import Export]   Warning : Found gaps in the sequence numbers for intermediate nodes concerning the Section ID : 'OH_5810'. File name : D:\vishal all data\OLD DATA\2025\Rajib Sir\LATEST VIETNAM\TechGration\TechGration\CYMEUPLOAD\DIENLOC-472\CymeTextFile\Network.txt
Code : 230050 [Import Export]   Warning : Found gaps in the sequence numbers for intermediate nodes concerning the Section ID : 'OH_5820'. File name : D:\vishal all data\OLD DATA\2025\Rajib Sir\LATEST VIETNAM\TechGration\TechGration\CYMEUPLOAD\DIENLOC-472\CymeTextFile\Network.txt
Code : 230050 [Import Export]   Warning : Found gaps in the sequence numbers for intermediate nodes concerning the Section ID : 'OH_5821'. File name : D:\vishal all data\OLD DATA\2025\Rajib Sir\LATEST VIETNAM\TechGration\TechGration\CYMEUPLOAD\DIENLOC-472\CymeTextFile\Network.txt
Code : 230050 [Import Export]   Warning : Found gaps in the sequence numbers for intermediate nodes concerning the Section ID : 'OH_5822'. File name : D:\vishal all data\OLD DATA\2025\Rajib Sir\LATEST VIETNAM\TechGration\TechGration\CYMEUPLOAD\DIENLOC-472\CymeTextFile\Network.txt
Code : 230050 [Import Export]   Warning : Found gaps in the sequence numbers for intermediate nodes concerning the Section ID : 'OH_5823'. File name : D:\vishal all data\OLD DATA\2025\Rajib Sir\LATEST VIETNAM\TechGration\TechGration\CYMEUPLOAD\DIENLOC-472\CymeTextFile\Network.txt
Code : 230050 [Import Export]   Warning : Found gaps in the sequence numbers for intermediate nodes concerning the Section ID : 'OH_5824'. File name : D:\vishal all data\OLD DATA\2025\Rajib Sir\LATEST VIETNAM\TechGration\TechGration\CYMEUPLOAD\DIENLOC-472\CymeTextFile\Network.txt
Code : 230050 [Import Export]   Warning : Found gaps in the sequence numbers for intermediate nodes concerning the Section ID : 'OH_5865'. File name : D:\vishal all data\OLD DATA\2025\Rajib Sir\LATEST VIETNAM\TechGration\TechGration\CYMEUPLOAD\DIENLOC-472\CymeTextFile\Network.txt
Code : 230050 [Import Export]   Warning : Found gaps in the sequence numbers for intermediate nodes concerning the Section ID : 'OH_5873'. File name : D:\vishal all data\OLD DATA\2025\Rajib Sir\LATEST VIETNAM\TechGration\TechGration\CYMEUPLOAD\DIENLOC-472\CymeTextFile\Network.txt
Code : 230050 [Import Export]   Warning : Found gaps in the sequence numbers for intermediate nodes concerning the Section ID : 'OH_5875'. File name : D:\vishal all data\OLD DATA\2025\Rajib Sir\LATEST VIETNAM\TechGration\TechGration\CYMEUPLOAD\DIENLOC-472\CymeTextFile\Network.txt
Code : 230234 [Import Export]   Warning : Defined UserDefinedValue is not used. DeviceNumber : 'SG_1861' and DeviceType : '8'. File name : D:\vishal all data\OLD DATA\2025\Rajib Sir\LATEST VIETNAM\TechGration\TechGration\CYMEUPLOAD\DIENLOC-472\CymeTextFile\Network.txt
Code : 230234 [Import Export]   Warning : Defined UserDefinedValue is not used. DeviceNumber : 'SG_1894' and DeviceType : '8'. File name : D:\vishal all data\OLD DATA\2025\Rajib Sir\LATEST VIETNAM\TechGration\TechGration\CYMEUPLOAD\DIENLOC-472\CymeTextFile\Network.txt
Code : 230234 [Import Export]   Warning : Defined UserDefinedValue is not used. DeviceNumber : 'SG_1895' and DeviceType : '8'. File name : D:\vishal all data\OLD DATA\2025\Rajib Sir\LATEST VIETNAM\TechGration\TechGration\CYMEUPLOAD\DIENLOC-472\CymeTextFile\Network.txt
Code : 230234 [Import Export]   Warning : Defined UserDefinedValue is not used. DeviceNumber : 'SG_2040' and DeviceType : '8'. File name : D:\vishal all data\OLD DATA\2025\Rajib Sir\LATEST VIETNAM\TechGration\TechGration\CYMEUPLOAD\DIENLOC-472\CymeTextFile\Network.txt
Code : 230234 [Import Export]   Warning : Defined UserDefinedValue is not used. DeviceNumber : 'SG_2041' and DeviceType : '8'. File name : D:\vishal all data\OLD DATA\2025\Rajib Sir\LATEST VIETNAM\TechGration\TechGration\CYMEUPLOAD\DIENLOC-472\CymeTextFile\Network.txt
Code : 230234 [Import Export]   Warning : Defined UserDefinedValue is not used. DeviceNumber : 'SG_2243' and DeviceType : '8'. File name : D:\vishal all data\OLD DATA\2025\Rajib Sir\LATEST VIETNAM\TechGration\TechGration\CYMEUPLOAD\DIENLOC-472\CymeTextFile\Network.txt
Code : 230234 [Import Export]   Warning : Defined UserDefinedValue is not used. DeviceNumber : 'SG_2254' and DeviceType : '8'. File name : D:\vishal all data\OLD DATA\2025\Rajib Sir\LATEST VIETNAM\TechGration\TechGration\CYMEUPLOAD\DIENLOC-472\CymeTextFile\Network.txt
Code : 230234 [Import Export]   Warning : Defined UserDefinedValue is not used. DeviceNumber : 'SG_3782' and DeviceType : '8'. File name : D:\vishal all data\OLD DATA\2025\Rajib Sir\LATEST VIETNAM\TechGration\TechGration\CYMEUPLOAD\DIENLOC-472\CymeTextFile\Network.txt
Code : 230234 [Import Export]   Warning : Defined UserDefinedValue is not used. DeviceNumber : 'SG_1861' and DeviceType : '8'. File name : D:\vishal all data\OLD DATA\2025\Rajib Sir\LATEST VIETNAM\TechGration\TechGration\CYMEUPLOAD\DIENLOC-472\CymeTextFile\Network.txt
Code : 230234 [Import Export]   Warning : Defined UserDefinedValue is not used. DeviceNumber : 'SG_1894' and DeviceType : '8'. File name : D:\vishal all data\OLD DATA\2025\Rajib Sir\LATEST VIETNAM\TechGration\TechGration\CYMEUPLOAD\DIENLOC-472\CymeTextFile\Network.txt
Code : 230234 [Import Export]   Warning : Defined UserDefinedValue is not used. DeviceNumber : 'SG_1895' and DeviceType : '8'. File name : D:\vishal all data\OLD DATA\2025\Rajib Sir\LATEST VIETNAM\TechGration\TechGration\CYMEUPLOAD\DIENLOC-472\CymeTextFile\Network.txt
Code : 230234 [Import Export]   Warning : Defined UserDefinedValue is not used. DeviceNumber : 'SG_2040' and DeviceType : '8'. File name : D:\vishal all data\OLD DATA\2025\Rajib Sir\LATEST VIETNAM\TechGration\TechGration\CYMEUPLOAD\DIENLOC-472\CymeTextFile\Network.txt
Code : 230234 [Import Export]   Warning : Defined UserDefinedValue is not used. DeviceNumber : 'SG_2041' and DeviceType : '8'. File name : D:\vishal all data\OLD DATA\2025\Rajib Sir\LATEST VIETNAM\TechGration\TechGration\CYMEUPLOAD\DIENLOC-472\CymeTextFile\Network.txt
Code : 230234 [Import Export]   Warning : Defined UserDefinedValue is not used. DeviceNumber : 'SG_2243' and DeviceType : '8'. File name : D:\vishal all data\OLD DATA\2025\Rajib Sir\LATEST VIETNAM\TechGration\TechGration\CYMEUPLOAD\DIENLOC-472\CymeTextFile\Network.txt
Code : 230234 [Import Export]   Warning : Defined UserDefinedValue is not used. DeviceNumber : 'SG_2254' and DeviceType : '8'. File name : D:\vishal all data\OLD DATA\2025\Rajib Sir\LATEST VIETNAM\TechGration\TechGration\CYMEUPLOAD\DIENLOC-472\CymeTextFile\Network.txt
Code : 230234 [Import Export]   Warning : Defined UserDefinedValue is not used. DeviceNumber : 'SG_3782' and DeviceType : '8'. File name : D:\vishal all data\OLD DATA\2025\Rajib Sir\LATEST VIETNAM\TechGration\TechGration\CYMEUPLOAD\DIENLOC-472\CymeTextFile\Network.txt
