Code : 230177 [Import Export]   Warning : Keyword 'TCCRepositoryID' is only available in version 810.000000 and higher, the designated value will be ignored. Line number : 3085 File name : D:\vishal all data\OLD DATA\2025\Rajib Sir\LATEST VIETNAM\TechGration\TechGration\CYMEUPLOAD\PHDIEN-472\CymeTextFile\Network.txt
Code : 230177 [Import Export]   Warning : Keyword 'TCCRepositoryAlternateID1' is only available in version 810.000000 and higher, the designated value will be ignored. Line number : 3085 File name : D:\vishal all data\OLD DATA\2025\Rajib Sir\LATEST VIETNAM\TechGration\TechGration\CYMEUPLOAD\PHDIEN-472\CymeTextFile\Network.txt
Code : 230177 [Import Export]   Warning : Keyword 'TCCRepositoryAlternateID2' is only available in version 810.000000 and higher, the designated value will be ignored. Line number : 3085 File name : D:\vishal all data\OLD DATA\2025\Rajib Sir\LATEST VIETNAM\TechGration\TechGration\CYMEUPLOAD\PHDIEN-472\CymeTextFile\Network.txt
Code : 230177 [Import Export]   Warning : Keyword 'TCCRepositoryAlternateID3' is only available in version 810.000000 and higher, the designated value will be ignored. Line number : 3085 File name : D:\vishal all data\OLD DATA\2025\Rajib Sir\LATEST VIETNAM\TechGration\TechGration\CYMEUPLOAD\PHDIEN-472\CymeTextFile\Network.txt
Code : 230177 [Import Export]   Warning : Keyword 'TCCRepositoryAlternateID4' is only available in version 810.000000 and higher, the designated value will be ignored. Line number : 3085 File name : D:\vishal all data\OLD DATA\2025\Rajib Sir\LATEST VIETNAM\TechGration\TechGration\CYMEUPLOAD\PHDIEN-472\CymeTextFile\Network.txt
Code : 230177 [Import Export]   Warning : Keyword 'TCCRepositoryAlternateID5' is only available in version 810.000000 and higher, the designated value will be ignored. Line number : 3085 File name : D:\vishal all data\OLD DATA\2025\Rajib Sir\LATEST VIETNAM\TechGration\TechGration\CYMEUPLOAD\PHDIEN-472\CymeTextFile\Network.txt
Code : 230177 [Import Export]   Warning : Keyword 'TCCRepositoryAlternateID6' is only available in version 810.000000 and higher, the designated value will be ignored. Line number : 3085 File name : D:\vishal all data\OLD DATA\2025\Rajib Sir\LATEST VIETNAM\TechGration\TechGration\CYMEUPLOAD\PHDIEN-472\CymeTextFile\Network.txt
Code : 230177 [Import Export]   Warning : Keyword 'TCCRepositoryAlternateID7' is only available in version 810.000000 and higher, the designated value will be ignored. Line number : 3085 File name : D:\vishal all data\OLD DATA\2025\Rajib Sir\LATEST VIETNAM\TechGration\TechGration\CYMEUPLOAD\PHDIEN-472\CymeTextFile\Network.txt
Code : 230177 [Import Export]   Warning : Keyword 'TCCRepositoryAlternateID8' is only available in version 810.000000 and higher, the designated value will be ignored. Line number : 3085 File name : D:\vishal all data\OLD DATA\2025\Rajib Sir\LATEST VIETNAM\TechGration\TechGration\CYMEUPLOAD\PHDIEN-472\CymeTextFile\Network.txt
Code : 230177 [Import Export]   Warning : Keyword 'TCCRepositoryAlternateID9' is only available in version 810.000000 and higher, the designated value will be ignored. Line number : 3085 File name : D:\vishal all data\OLD DATA\2025\Rajib Sir\LATEST VIETNAM\TechGration\TechGration\CYMEUPLOAD\PHDIEN-472\CymeTextFile\Network.txt
Code : 230177 [Import Export]   Warning : Keyword 'TCCRepositoryAlternateID10' is only available in version 810.000000 and higher, the designated value will be ignored. Line number : 3085 File name : D:\vishal all data\OLD DATA\2025\Rajib Sir\LATEST VIETNAM\TechGration\TechGration\CYMEUPLOAD\PHDIEN-472\CymeTextFile\Network.txt
Code : 230177 [Import Export]   Warning : Keyword 'IntellirupterTCCRepositoryID' is only available in version 810.000000 and higher, the designated value will be ignored. Line number : 3085 File name : D:\vishal all data\OLD DATA\2025\Rajib Sir\LATEST VIETNAM\TechGration\TechGration\CYMEUPLOAD\PHDIEN-472\CymeTextFile\Network.txt
Code : 230177 [Import Export]   Warning : Keyword 'SourceHarmonicModelType' is only available in version 810.000000 and higher, the designated value will be ignored. Line number : 3096 File name : D:\vishal all data\OLD DATA\2025\Rajib Sir\LATEST VIETNAM\TechGration\TechGration\CYMEUPLOAD\PHDIEN-472\CymeTextFile\Network.txt
Code : 230177 [Import Export]   Warning : Keyword 'PulseNumber' is only available in version 810.000000 and higher, the designated value will be ignored. Line number : 3096 File name : D:\vishal all data\OLD DATA\2025\Rajib Sir\LATEST VIETNAM\TechGration\TechGration\CYMEUPLOAD\PHDIEN-472\CymeTextFile\Network.txt
Code : 230177 [Import Export]   Warning : Keyword 'FiringAngle' is only available in version 810.000000 and higher, the designated value will be ignored. Line number : 3096 File name : D:\vishal all data\OLD DATA\2025\Rajib Sir\LATEST VIETNAM\TechGration\TechGration\CYMEUPLOAD\PHDIEN-472\CymeTextFile\Network.txt
Code : 230177 [Import Export]   Warning : Keyword 'OverlapAngle' is only available in version 810.000000 and higher, the designated value will be ignored. Line number : 3096 File name : D:\vishal all data\OLD DATA\2025\Rajib Sir\LATEST VIETNAM\TechGration\TechGration\CYMEUPLOAD\PHDIEN-472\CymeTextFile\Network.txt
Code : 230177 [Import Export]   Warning : Keyword 'ConnectionConfiguration' is only available in version 820.000000 and higher, the designated value will be ignored. Line number : 3096 File name : D:\vishal all data\OLD DATA\2025\Rajib Sir\LATEST VIETNAM\TechGration\TechGration\CYMEUPLOAD\PHDIEN-472\CymeTextFile\Network.txt
Code : 230177 [Import Export]   Warning : Keyword 'ConnectionConfiguration' is only available in version 820.000000 and higher, the designated value will be ignored. Line number : 3099 File name : D:\vishal all data\OLD DATA\2025\Rajib Sir\LATEST VIETNAM\TechGration\TechGration\CYMEUPLOAD\PHDIEN-472\CymeTextFile\Network.txt
Code : 230177 [Import Export]   Warning : Keyword 'CTConnection' is only available in version 820.000000 and higher, the designated value will be ignored. Line number : 3099 File name : D:\vishal all data\OLD DATA\2025\Rajib Sir\LATEST VIETNAM\TechGration\TechGration\CYMEUPLOAD\PHDIEN-472\CymeTextFile\Network.txt
Code : 230177 [Import Export]   Warning : Keyword 'SourceHarmonicModelType' is only available in version 810.000000 and higher, the designated value will be ignored. Line number : 3099 File name : D:\vishal all data\OLD DATA\2025\Rajib Sir\LATEST VIETNAM\TechGration\TechGration\CYMEUPLOAD\PHDIEN-472\CymeTextFile\Network.txt
Code : 230177 [Import Export]   Warning : Keyword 'PulseNumber' is only available in version 810.000000 and higher, the designated value will be ignored. Line number : 3099 File name : D:\vishal all data\OLD DATA\2025\Rajib Sir\LATEST VIETNAM\TechGration\TechGration\CYMEUPLOAD\PHDIEN-472\CymeTextFile\Network.txt
Code : 230177 [Import Export]   Warning : Keyword 'FiringAngle' is only available in version 810.000000 and higher, the designated value will be ignored. Line number : 3099 File name : D:\vishal all data\OLD DATA\2025\Rajib Sir\LATEST VIETNAM\TechGration\TechGration\CYMEUPLOAD\PHDIEN-472\CymeTextFile\Network.txt
Code : 230177 [Import Export]   Warning : Keyword 'OverlapAngle' is only available in version 810.000000 and higher, the designated value will be ignored. Line number : 3099 File name : D:\vishal all data\OLD DATA\2025\Rajib Sir\LATEST VIETNAM\TechGration\TechGration\CYMEUPLOAD\PHDIEN-472\CymeTextFile\Network.txt
Code : 230177 [Import Export]   Warning : Keyword 'SourceHarmonicModelType' is only available in version 810.000000 and higher, the designated value will be ignored. Line number : 3102 File name : D:\vishal all data\OLD DATA\2025\Rajib Sir\LATEST VIETNAM\TechGration\TechGration\CYMEUPLOAD\PHDIEN-472\CymeTextFile\Network.txt
Code : 230177 [Import Export]   Warning : Keyword 'PulseNumber' is only available in version 810.000000 and higher, the designated value will be ignored. Line number : 3102 File name : D:\vishal all data\OLD DATA\2025\Rajib Sir\LATEST VIETNAM\TechGration\TechGration\CYMEUPLOAD\PHDIEN-472\CymeTextFile\Network.txt
Code : 230177 [Import Export]   Warning : Keyword 'FiringAngle' is only available in version 810.000000 and higher, the designated value will be ignored. Line number : 3102 File name : D:\vishal all data\OLD DATA\2025\Rajib Sir\LATEST VIETNAM\TechGration\TechGration\CYMEUPLOAD\PHDIEN-472\CymeTextFile\Network.txt
Code : 230177 [Import Export]   Warning : Keyword 'OverlapAngle' is only available in version 810.000000 and higher, the designated value will be ignored. Line number : 3102 File name : D:\vishal all data\OLD DATA\2025\Rajib Sir\LATEST VIETNAM\TechGration\TechGration\CYMEUPLOAD\PHDIEN-472\CymeTextFile\Network.txt
Code : 230177 [Import Export]   Warning : Keyword 'ConnectionConfiguration' is only available in version 820.000000 and higher, the designated value will be ignored. Line number : 3102 File name : D:\vishal all data\OLD DATA\2025\Rajib Sir\LATEST VIETNAM\TechGration\TechGration\CYMEUPLOAD\PHDIEN-472\CymeTextFile\Network.txt
Code : 230050 [Import Export]   Warning : Found gaps in the sequence numbers for intermediate nodes concerning the Section ID : 'BB_5378'. File name : D:\vishal all data\OLD DATA\2025\Rajib Sir\LATEST VIETNAM\TechGration\TechGration\CYMEUPLOAD\PHDIEN-472\CymeTextFile\Network.txt
Code : 230050 [Import Export]   Warning : Found gaps in the sequence numbers for intermediate nodes concerning the Section ID : 'BB_5379'. File name : D:\vishal all data\OLD DATA\2025\Rajib Sir\LATEST VIETNAM\TechGration\TechGration\CYMEUPLOAD\PHDIEN-472\CymeTextFile\Network.txt
Code : 230050 [Import Export]   Warning : Found gaps in the sequence numbers for intermediate nodes concerning the Section ID : 'CA_10666'. File name : D:\vishal all data\OLD DATA\2025\Rajib Sir\LATEST VIETNAM\TechGration\TechGration\CYMEUPLOAD\PHDIEN-472\CymeTextFile\Network.txt
Code : 230050 [Import Export]   Warning : Found gaps in the sequence numbers for intermediate nodes concerning the Section ID : 'CA_5382'. File name : D:\vishal all data\OLD DATA\2025\Rajib Sir\LATEST VIETNAM\TechGration\TechGration\CYMEUPLOAD\PHDIEN-472\CymeTextFile\Network.txt
Code : 230050 [Import Export]   Warning : Found gaps in the sequence numbers for intermediate nodes concerning the Section ID : 'CA_5597'. File name : D:\vishal all data\OLD DATA\2025\Rajib Sir\LATEST VIETNAM\TechGration\TechGration\CYMEUPLOAD\PHDIEN-472\CymeTextFile\Network.txt
Code : 230050 [Import Export]   Warning : Found gaps in the sequence numbers for intermediate nodes concerning the Section ID : 'OH_10354'. File name : D:\vishal all data\OLD DATA\2025\Rajib Sir\LATEST VIETNAM\TechGration\TechGration\CYMEUPLOAD\PHDIEN-472\CymeTextFile\Network.txt
Code : 230050 [Import Export]   Warning : Found gaps in the sequence numbers for intermediate nodes concerning the Section ID : 'OH_10355'. File name : D:\vishal all data\OLD DATA\2025\Rajib Sir\LATEST VIETNAM\TechGration\TechGration\CYMEUPLOAD\PHDIEN-472\CymeTextFile\Network.txt
Code : 230050 [Import Export]   Warning : Found gaps in the sequence numbers for intermediate nodes concerning the Section ID : 'OH_10381'. File name : D:\vishal all data\OLD DATA\2025\Rajib Sir\LATEST VIETNAM\TechGration\TechGration\CYMEUPLOAD\PHDIEN-472\CymeTextFile\Network.txt
Code : 230050 [Import Export]   Warning : Found gaps in the sequence numbers for intermediate nodes concerning the Section ID : 'OH_10383'. File name : D:\vishal all data\OLD DATA\2025\Rajib Sir\LATEST VIETNAM\TechGration\TechGration\CYMEUPLOAD\PHDIEN-472\CymeTextFile\Network.txt
Code : 230050 [Import Export]   Warning : Found gaps in the sequence numbers for intermediate nodes concerning the Section ID : 'OH_10385'. File name : D:\vishal all data\OLD DATA\2025\Rajib Sir\LATEST VIETNAM\TechGration\TechGration\CYMEUPLOAD\PHDIEN-472\CymeTextFile\Network.txt
Code : 230050 [Import Export]   Warning : Found gaps in the sequence numbers for intermediate nodes concerning the Section ID : 'OH_10387'. File name : D:\vishal all data\OLD DATA\2025\Rajib Sir\LATEST VIETNAM\TechGration\TechGration\CYMEUPLOAD\PHDIEN-472\CymeTextFile\Network.txt
Code : 230050 [Import Export]   Warning : Found gaps in the sequence numbers for intermediate nodes concerning the Section ID : 'OH_10388'. File name : D:\vishal all data\OLD DATA\2025\Rajib Sir\LATEST VIETNAM\TechGration\TechGration\CYMEUPLOAD\PHDIEN-472\CymeTextFile\Network.txt
Code : 230050 [Import Export]   Warning : Found gaps in the sequence numbers for intermediate nodes concerning the Section ID : 'OH_10414'. File name : D:\vishal all data\OLD DATA\2025\Rajib Sir\LATEST VIETNAM\TechGration\TechGration\CYMEUPLOAD\PHDIEN-472\CymeTextFile\Network.txt
Code : 230050 [Import Export]   Warning : Found gaps in the sequence numbers for intermediate nodes concerning the Section ID : 'OH_10467'. File name : D:\vishal all data\OLD DATA\2025\Rajib Sir\LATEST VIETNAM\TechGration\TechGration\CYMEUPLOAD\PHDIEN-472\CymeTextFile\Network.txt
Code : 230050 [Import Export]   Warning : Found gaps in the sequence numbers for intermediate nodes concerning the Section ID : 'OH_10468'. File name : D:\vishal all data\OLD DATA\2025\Rajib Sir\LATEST VIETNAM\TechGration\TechGration\CYMEUPLOAD\PHDIEN-472\CymeTextFile\Network.txt
Code : 230050 [Import Export]   Warning : Found gaps in the sequence numbers for intermediate nodes concerning the Section ID : 'OH_10469'. File name : D:\vishal all data\OLD DATA\2025\Rajib Sir\LATEST VIETNAM\TechGration\TechGration\CYMEUPLOAD\PHDIEN-472\CymeTextFile\Network.txt
Code : 230050 [Import Export]   Warning : Found gaps in the sequence numbers for intermediate nodes concerning the Section ID : 'OH_10470'. File name : D:\vishal all data\OLD DATA\2025\Rajib Sir\LATEST VIETNAM\TechGration\TechGration\CYMEUPLOAD\PHDIEN-472\CymeTextFile\Network.txt
Code : 230050 [Import Export]   Warning : Found gaps in the sequence numbers for intermediate nodes concerning the Section ID : 'OH_10471'. File name : D:\vishal all data\OLD DATA\2025\Rajib Sir\LATEST VIETNAM\TechGration\TechGration\CYMEUPLOAD\PHDIEN-472\CymeTextFile\Network.txt
Code : 230050 [Import Export]   Warning : Found gaps in the sequence numbers for intermediate nodes concerning the Section ID : 'OH_10472'. File name : D:\vishal all data\OLD DATA\2025\Rajib Sir\LATEST VIETNAM\TechGration\TechGration\CYMEUPLOAD\PHDIEN-472\CymeTextFile\Network.txt
Code : 230050 [Import Export]   Warning : Found gaps in the sequence numbers for intermediate nodes concerning the Section ID : 'OH_10473'. File name : D:\vishal all data\OLD DATA\2025\Rajib Sir\LATEST VIETNAM\TechGration\TechGration\CYMEUPLOAD\PHDIEN-472\CymeTextFile\Network.txt
Code : 230050 [Import Export]   Warning : Found gaps in the sequence numbers for intermediate nodes concerning the Section ID : 'OH_10474'. File name : D:\vishal all data\OLD DATA\2025\Rajib Sir\LATEST VIETNAM\TechGration\TechGration\CYMEUPLOAD\PHDIEN-472\CymeTextFile\Network.txt
Code : 230050 [Import Export]   Warning : Found gaps in the sequence numbers for intermediate nodes concerning the Section ID : 'OH_10475'. File name : D:\vishal all data\OLD DATA\2025\Rajib Sir\LATEST VIETNAM\TechGration\TechGration\CYMEUPLOAD\PHDIEN-472\CymeTextFile\Network.txt
Code : 230050 [Import Export]   Warning : Found gaps in the sequence numbers for intermediate nodes concerning the Section ID : 'OH_10476'. File name : D:\vishal all data\OLD DATA\2025\Rajib Sir\LATEST VIETNAM\TechGration\TechGration\CYMEUPLOAD\PHDIEN-472\CymeTextFile\Network.txt
Code : 230050 [Import Export]   Warning : Found gaps in the sequence numbers for intermediate nodes concerning the Section ID : 'OH_10487'. File name : D:\vishal all data\OLD DATA\2025\Rajib Sir\LATEST VIETNAM\TechGration\TechGration\CYMEUPLOAD\PHDIEN-472\CymeTextFile\Network.txt
Code : 230050 [Import Export]   Warning : Found gaps in the sequence numbers for intermediate nodes concerning the Section ID : 'OH_10488'. File name : D:\vishal all data\OLD DATA\2025\Rajib Sir\LATEST VIETNAM\TechGration\TechGration\CYMEUPLOAD\PHDIEN-472\CymeTextFile\Network.txt
Code : 230050 [Import Export]   Warning : Found gaps in the sequence numbers for intermediate nodes concerning the Section ID : 'OH_10489'. File name : D:\vishal all data\OLD DATA\2025\Rajib Sir\LATEST VIETNAM\TechGration\TechGration\CYMEUPLOAD\PHDIEN-472\CymeTextFile\Network.txt
Code : 230050 [Import Export]   Warning : Found gaps in the sequence numbers for intermediate nodes concerning the Section ID : 'OH_10490'. File name : D:\vishal all data\OLD DATA\2025\Rajib Sir\LATEST VIETNAM\TechGration\TechGration\CYMEUPLOAD\PHDIEN-472\CymeTextFile\Network.txt
Code : 230050 [Import Export]   Warning : Found gaps in the sequence numbers for intermediate nodes concerning the Section ID : 'OH_10491'. File name : D:\vishal all data\OLD DATA\2025\Rajib Sir\LATEST VIETNAM\TechGration\TechGration\CYMEUPLOAD\PHDIEN-472\CymeTextFile\Network.txt
Code : 230050 [Import Export]   Warning : Found gaps in the sequence numbers for intermediate nodes concerning the Section ID : 'OH_10492'. File name : D:\vishal all data\OLD DATA\2025\Rajib Sir\LATEST VIETNAM\TechGration\TechGration\CYMEUPLOAD\PHDIEN-472\CymeTextFile\Network.txt
Code : 230050 [Import Export]   Warning : Found gaps in the sequence numbers for intermediate nodes concerning the Section ID : 'OH_10493'. File name : D:\vishal all data\OLD DATA\2025\Rajib Sir\LATEST VIETNAM\TechGration\TechGration\CYMEUPLOAD\PHDIEN-472\CymeTextFile\Network.txt
Code : 230050 [Import Export]   Warning : Found gaps in the sequence numbers for intermediate nodes concerning the Section ID : 'OH_10494'. File name : D:\vishal all data\OLD DATA\2025\Rajib Sir\LATEST VIETNAM\TechGration\TechGration\CYMEUPLOAD\PHDIEN-472\CymeTextFile\Network.txt
Code : 230050 [Import Export]   Warning : Found gaps in the sequence numbers for intermediate nodes concerning the Section ID : 'OH_10495'. File name : D:\vishal all data\OLD DATA\2025\Rajib Sir\LATEST VIETNAM\TechGration\TechGration\CYMEUPLOAD\PHDIEN-472\CymeTextFile\Network.txt
Code : 230050 [Import Export]   Warning : Found gaps in the sequence numbers for intermediate nodes concerning the Section ID : 'OH_10496'. File name : D:\vishal all data\OLD DATA\2025\Rajib Sir\LATEST VIETNAM\TechGration\TechGration\CYMEUPLOAD\PHDIEN-472\CymeTextFile\Network.txt
Code : 230050 [Import Export]   Warning : Found gaps in the sequence numbers for intermediate nodes concerning the Section ID : 'OH_10497'. File name : D:\vishal all data\OLD DATA\2025\Rajib Sir\LATEST VIETNAM\TechGration\TechGration\CYMEUPLOAD\PHDIEN-472\CymeTextFile\Network.txt
Code : 230050 [Import Export]   Warning : Found gaps in the sequence numbers for intermediate nodes concerning the Section ID : 'OH_10498'. File name : D:\vishal all data\OLD DATA\2025\Rajib Sir\LATEST VIETNAM\TechGration\TechGration\CYMEUPLOAD\PHDIEN-472\CymeTextFile\Network.txt
Code : 230050 [Import Export]   Warning : Found gaps in the sequence numbers for intermediate nodes concerning the Section ID : 'OH_10499'. File name : D:\vishal all data\OLD DATA\2025\Rajib Sir\LATEST VIETNAM\TechGration\TechGration\CYMEUPLOAD\PHDIEN-472\CymeTextFile\Network.txt
Code : 230050 [Import Export]   Warning : Found gaps in the sequence numbers for intermediate nodes concerning the Section ID : 'OH_10500'. File name : D:\vishal all data\OLD DATA\2025\Rajib Sir\LATEST VIETNAM\TechGration\TechGration\CYMEUPLOAD\PHDIEN-472\CymeTextFile\Network.txt
Code : 230050 [Import Export]   Warning : Found gaps in the sequence numbers for intermediate nodes concerning the Section ID : 'OH_10501'. File name : D:\vishal all data\OLD DATA\2025\Rajib Sir\LATEST VIETNAM\TechGration\TechGration\CYMEUPLOAD\PHDIEN-472\CymeTextFile\Network.txt
Code : 230050 [Import Export]   Warning : Found gaps in the sequence numbers for intermediate nodes concerning the Section ID : 'OH_10502'. File name : D:\vishal all data\OLD DATA\2025\Rajib Sir\LATEST VIETNAM\TechGration\TechGration\CYMEUPLOAD\PHDIEN-472\CymeTextFile\Network.txt
Code : 230050 [Import Export]   Warning : Found gaps in the sequence numbers for intermediate nodes concerning the Section ID : 'OH_10597'. File name : D:\vishal all data\OLD DATA\2025\Rajib Sir\LATEST VIETNAM\TechGration\TechGration\CYMEUPLOAD\PHDIEN-472\CymeTextFile\Network.txt
Code : 230050 [Import Export]   Warning : Found gaps in the sequence numbers for intermediate nodes concerning the Section ID : 'OH_10598'. File name : D:\vishal all data\OLD DATA\2025\Rajib Sir\LATEST VIETNAM\TechGration\TechGration\CYMEUPLOAD\PHDIEN-472\CymeTextFile\Network.txt
Code : 230050 [Import Export]   Warning : Found gaps in the sequence numbers for intermediate nodes concerning the Section ID : 'OH_10599'. File name : D:\vishal all data\OLD DATA\2025\Rajib Sir\LATEST VIETNAM\TechGration\TechGration\CYMEUPLOAD\PHDIEN-472\CymeTextFile\Network.txt
Code : 230050 [Import Export]   Warning : Found gaps in the sequence numbers for intermediate nodes concerning the Section ID : 'OH_10600'. File name : D:\vishal all data\OLD DATA\2025\Rajib Sir\LATEST VIETNAM\TechGration\TechGration\CYMEUPLOAD\PHDIEN-472\CymeTextFile\Network.txt
Code : 230050 [Import Export]   Warning : Found gaps in the sequence numbers for intermediate nodes concerning the Section ID : 'OH_10601'. File name : D:\vishal all data\OLD DATA\2025\Rajib Sir\LATEST VIETNAM\TechGration\TechGration\CYMEUPLOAD\PHDIEN-472\CymeTextFile\Network.txt
Code : 230050 [Import Export]   Warning : Found gaps in the sequence numbers for intermediate nodes concerning the Section ID : 'OH_10602'. File name : D:\vishal all data\OLD DATA\2025\Rajib Sir\LATEST VIETNAM\TechGration\TechGration\CYMEUPLOAD\PHDIEN-472\CymeTextFile\Network.txt
Code : 230050 [Import Export]   Warning : Found gaps in the sequence numbers for intermediate nodes concerning the Section ID : 'OH_10603'. File name : D:\vishal all data\OLD DATA\2025\Rajib Sir\LATEST VIETNAM\TechGration\TechGration\CYMEUPLOAD\PHDIEN-472\CymeTextFile\Network.txt
Code : 230050 [Import Export]   Warning : Found gaps in the sequence numbers for intermediate nodes concerning the Section ID : 'OH_10604'. File name : D:\vishal all data\OLD DATA\2025\Rajib Sir\LATEST VIETNAM\TechGration\TechGration\CYMEUPLOAD\PHDIEN-472\CymeTextFile\Network.txt
Code : 230050 [Import Export]   Warning : Found gaps in the sequence numbers for intermediate nodes concerning the Section ID : 'OH_10605'. File name : D:\vishal all data\OLD DATA\2025\Rajib Sir\LATEST VIETNAM\TechGration\TechGration\CYMEUPLOAD\PHDIEN-472\CymeTextFile\Network.txt
Code : 230050 [Import Export]   Warning : Found gaps in the sequence numbers for intermediate nodes concerning the Section ID : 'OH_10606'. File name : D:\vishal all data\OLD DATA\2025\Rajib Sir\LATEST VIETNAM\TechGration\TechGration\CYMEUPLOAD\PHDIEN-472\CymeTextFile\Network.txt
Code : 230050 [Import Export]   Warning : Found gaps in the sequence numbers for intermediate nodes concerning the Section ID : 'OH_10607'. File name : D:\vishal all data\OLD DATA\2025\Rajib Sir\LATEST VIETNAM\TechGration\TechGration\CYMEUPLOAD\PHDIEN-472\CymeTextFile\Network.txt
Code : 230050 [Import Export]   Warning : Found gaps in the sequence numbers for intermediate nodes concerning the Section ID : 'OH_10608'. File name : D:\vishal all data\OLD DATA\2025\Rajib Sir\LATEST VIETNAM\TechGration\TechGration\CYMEUPLOAD\PHDIEN-472\CymeTextFile\Network.txt
Code : 230050 [Import Export]   Warning : Found gaps in the sequence numbers for intermediate nodes concerning the Section ID : 'OH_10609'. File name : D:\vishal all data\OLD DATA\2025\Rajib Sir\LATEST VIETNAM\TechGration\TechGration\CYMEUPLOAD\PHDIEN-472\CymeTextFile\Network.txt
Code : 230050 [Import Export]   Warning : Found gaps in the sequence numbers for intermediate nodes concerning the Section ID : 'OH_10610'. File name : D:\vishal all data\OLD DATA\2025\Rajib Sir\LATEST VIETNAM\TechGration\TechGration\CYMEUPLOAD\PHDIEN-472\CymeTextFile\Network.txt
Code : 230050 [Import Export]   Warning : Found gaps in the sequence numbers for intermediate nodes concerning the Section ID : 'OH_10611'. File name : D:\vishal all data\OLD DATA\2025\Rajib Sir\LATEST VIETNAM\TechGration\TechGration\CYMEUPLOAD\PHDIEN-472\CymeTextFile\Network.txt
Code : 230050 [Import Export]   Warning : Found gaps in the sequence numbers for intermediate nodes concerning the Section ID : 'OH_10612'. File name : D:\vishal all data\OLD DATA\2025\Rajib Sir\LATEST VIETNAM\TechGration\TechGration\CYMEUPLOAD\PHDIEN-472\CymeTextFile\Network.txt
Code : 230050 [Import Export]   Warning : Found gaps in the sequence numbers for intermediate nodes concerning the Section ID : 'OH_10613'. File name : D:\vishal all data\OLD DATA\2025\Rajib Sir\LATEST VIETNAM\TechGration\TechGration\CYMEUPLOAD\PHDIEN-472\CymeTextFile\Network.txt
Code : 230050 [Import Export]   Warning : Found gaps in the sequence numbers for intermediate nodes concerning the Section ID : 'OH_10614'. File name : D:\vishal all data\OLD DATA\2025\Rajib Sir\LATEST VIETNAM\TechGration\TechGration\CYMEUPLOAD\PHDIEN-472\CymeTextFile\Network.txt
Code : 230050 [Import Export]   Warning : Found gaps in the sequence numbers for intermediate nodes concerning the Section ID : 'OH_10615'. File name : D:\vishal all data\OLD DATA\2025\Rajib Sir\LATEST VIETNAM\TechGration\TechGration\CYMEUPLOAD\PHDIEN-472\CymeTextFile\Network.txt
Code : 230050 [Import Export]   Warning : Found gaps in the sequence numbers for intermediate nodes concerning the Section ID : 'OH_10616'. File name : D:\vishal all data\OLD DATA\2025\Rajib Sir\LATEST VIETNAM\TechGration\TechGration\CYMEUPLOAD\PHDIEN-472\CymeTextFile\Network.txt
Code : 230050 [Import Export]   Warning : Found gaps in the sequence numbers for intermediate nodes concerning the Section ID : 'OH_10617'. File name : D:\vishal all data\OLD DATA\2025\Rajib Sir\LATEST VIETNAM\TechGration\TechGration\CYMEUPLOAD\PHDIEN-472\CymeTextFile\Network.txt
Code : 230050 [Import Export]   Warning : Found gaps in the sequence numbers for intermediate nodes concerning the Section ID : 'OH_10618'. File name : D:\vishal all data\OLD DATA\2025\Rajib Sir\LATEST VIETNAM\TechGration\TechGration\CYMEUPLOAD\PHDIEN-472\CymeTextFile\Network.txt
Code : 230050 [Import Export]   Warning : Found gaps in the sequence numbers for intermediate nodes concerning the Section ID : 'OH_10619'. File name : D:\vishal all data\OLD DATA\2025\Rajib Sir\LATEST VIETNAM\TechGration\TechGration\CYMEUPLOAD\PHDIEN-472\CymeTextFile\Network.txt
Code : 230050 [Import Export]   Warning : Found gaps in the sequence numbers for intermediate nodes concerning the Section ID : 'OH_10674'. File name : D:\vishal all data\OLD DATA\2025\Rajib Sir\LATEST VIETNAM\TechGration\TechGration\CYMEUPLOAD\PHDIEN-472\CymeTextFile\Network.txt
Code : 230050 [Import Export]   Warning : Found gaps in the sequence numbers for intermediate nodes concerning the Section ID : 'OH_11347'. File name : D:\vishal all data\OLD DATA\2025\Rajib Sir\LATEST VIETNAM\TechGration\TechGration\CYMEUPLOAD\PHDIEN-472\CymeTextFile\Network.txt
Code : 230050 [Import Export]   Warning : Found gaps in the sequence numbers for intermediate nodes concerning the Section ID : 'OH_11348'. File name : D:\vishal all data\OLD DATA\2025\Rajib Sir\LATEST VIETNAM\TechGration\TechGration\CYMEUPLOAD\PHDIEN-472\CymeTextFile\Network.txt
Code : 230050 [Import Export]   Warning : Found gaps in the sequence numbers for intermediate nodes concerning the Section ID : 'OH_11349'. File name : D:\vishal all data\OLD DATA\2025\Rajib Sir\LATEST VIETNAM\TechGration\TechGration\CYMEUPLOAD\PHDIEN-472\CymeTextFile\Network.txt
Code : 230050 [Import Export]   Warning : Found gaps in the sequence numbers for intermediate nodes concerning the Section ID : 'OH_11350'. File name : D:\vishal all data\OLD DATA\2025\Rajib Sir\LATEST VIETNAM\TechGration\TechGration\CYMEUPLOAD\PHDIEN-472\CymeTextFile\Network.txt
Code : 230050 [Import Export]   Warning : Found gaps in the sequence numbers for intermediate nodes concerning the Section ID : 'OH_11352'. File name : D:\vishal all data\OLD DATA\2025\Rajib Sir\LATEST VIETNAM\TechGration\TechGration\CYMEUPLOAD\PHDIEN-472\CymeTextFile\Network.txt
Code : 230050 [Import Export]   Warning : Found gaps in the sequence numbers for intermediate nodes concerning the Section ID : 'OH_11393'. File name : D:\vishal all data\OLD DATA\2025\Rajib Sir\LATEST VIETNAM\TechGration\TechGration\CYMEUPLOAD\PHDIEN-472\CymeTextFile\Network.txt
Code : 230050 [Import Export]   Warning : Found gaps in the sequence numbers for intermediate nodes concerning the Section ID : 'OH_11394'. File name : D:\vishal all data\OLD DATA\2025\Rajib Sir\LATEST VIETNAM\TechGration\TechGration\CYMEUPLOAD\PHDIEN-472\CymeTextFile\Network.txt
Code : 230050 [Import Export]   Warning : Found gaps in the sequence numbers for intermediate nodes concerning the Section ID : 'OH_11397'. File name : D:\vishal all data\OLD DATA\2025\Rajib Sir\LATEST VIETNAM\TechGration\TechGration\CYMEUPLOAD\PHDIEN-472\CymeTextFile\Network.txt
Code : 230050 [Import Export]   Warning : Found gaps in the sequence numbers for intermediate nodes concerning the Section ID : 'OH_11398'. File name : D:\vishal all data\OLD DATA\2025\Rajib Sir\LATEST VIETNAM\TechGration\TechGration\CYMEUPLOAD\PHDIEN-472\CymeTextFile\Network.txt
Code : 230050 [Import Export]   Warning : Found gaps in the sequence numbers for intermediate nodes concerning the Section ID : 'OH_11399'. File name : D:\vishal all data\OLD DATA\2025\Rajib Sir\LATEST VIETNAM\TechGration\TechGration\CYMEUPLOAD\PHDIEN-472\CymeTextFile\Network.txt
Code : 230050 [Import Export]   Warning : Found gaps in the sequence numbers for intermediate nodes concerning the Section ID : 'OH_11402'. File name : D:\vishal all data\OLD DATA\2025\Rajib Sir\LATEST VIETNAM\TechGration\TechGration\CYMEUPLOAD\PHDIEN-472\CymeTextFile\Network.txt
Code : 230050 [Import Export]   Warning : Found gaps in the sequence numbers for intermediate nodes concerning the Section ID : 'OH_11404'. File name : D:\vishal all data\OLD DATA\2025\Rajib Sir\LATEST VIETNAM\TechGration\TechGration\CYMEUPLOAD\PHDIEN-472\CymeTextFile\Network.txt
Code : 230050 [Import Export]   Warning : Found gaps in the sequence numbers for intermediate nodes concerning the Section ID : 'OH_11406'. File name : D:\vishal all data\OLD DATA\2025\Rajib Sir\LATEST VIETNAM\TechGration\TechGration\CYMEUPLOAD\PHDIEN-472\CymeTextFile\Network.txt
Code : 230050 [Import Export]   Warning : Found gaps in the sequence numbers for intermediate nodes concerning the Section ID : 'OH_11409'. File name : D:\vishal all data\OLD DATA\2025\Rajib Sir\LATEST VIETNAM\TechGration\TechGration\CYMEUPLOAD\PHDIEN-472\CymeTextFile\Network.txt
Code : 230050 [Import Export]   Warning : Found gaps in the sequence numbers for intermediate nodes concerning the Section ID : 'OH_11411'. File name : D:\vishal all data\OLD DATA\2025\Rajib Sir\LATEST VIETNAM\TechGration\TechGration\CYMEUPLOAD\PHDIEN-472\CymeTextFile\Network.txt
Code : 230050 [Import Export]   Warning : Found gaps in the sequence numbers for intermediate nodes concerning the Section ID : 'OH_11412'. File name : D:\vishal all data\OLD DATA\2025\Rajib Sir\LATEST VIETNAM\TechGration\TechGration\CYMEUPLOAD\PHDIEN-472\CymeTextFile\Network.txt
Code : 230050 [Import Export]   Warning : Found gaps in the sequence numbers for intermediate nodes concerning the Section ID : 'OH_11413'. File name : D:\vishal all data\OLD DATA\2025\Rajib Sir\LATEST VIETNAM\TechGration\TechGration\CYMEUPLOAD\PHDIEN-472\CymeTextFile\Network.txt
Code : 230050 [Import Export]   Warning : Found gaps in the sequence numbers for intermediate nodes concerning the Section ID : 'OH_11414'. File name : D:\vishal all data\OLD DATA\2025\Rajib Sir\LATEST VIETNAM\TechGration\TechGration\CYMEUPLOAD\PHDIEN-472\CymeTextFile\Network.txt
Code : 230050 [Import Export]   Warning : Found gaps in the sequence numbers for intermediate nodes concerning the Section ID : 'OH_11503'. File name : D:\vishal all data\OLD DATA\2025\Rajib Sir\LATEST VIETNAM\TechGration\TechGration\CYMEUPLOAD\PHDIEN-472\CymeTextFile\Network.txt
Code : 230050 [Import Export]   Warning : Found gaps in the sequence numbers for intermediate nodes concerning the Section ID : 'OH_11506'. File name : D:\vishal all data\OLD DATA\2025\Rajib Sir\LATEST VIETNAM\TechGration\TechGration\CYMEUPLOAD\PHDIEN-472\CymeTextFile\Network.txt
Code : 230050 [Import Export]   Warning : Found gaps in the sequence numbers for intermediate nodes concerning the Section ID : 'OH_11507'. File name : D:\vishal all data\OLD DATA\2025\Rajib Sir\LATEST VIETNAM\TechGration\TechGration\CYMEUPLOAD\PHDIEN-472\CymeTextFile\Network.txt
Code : 230050 [Import Export]   Warning : Found gaps in the sequence numbers for intermediate nodes concerning the Section ID : 'OH_11517'. File name : D:\vishal all data\OLD DATA\2025\Rajib Sir\LATEST VIETNAM\TechGration\TechGration\CYMEUPLOAD\PHDIEN-472\CymeTextFile\Network.txt
Code : 230050 [Import Export]   Warning : Found gaps in the sequence numbers for intermediate nodes concerning the Section ID : 'OH_11521'. File name : D:\vishal all data\OLD DATA\2025\Rajib Sir\LATEST VIETNAM\TechGration\TechGration\CYMEUPLOAD\PHDIEN-472\CymeTextFile\Network.txt
Code : 230050 [Import Export]   Warning : Found gaps in the sequence numbers for intermediate nodes concerning the Section ID : 'OH_11537'. File name : D:\vishal all data\OLD DATA\2025\Rajib Sir\LATEST VIETNAM\TechGration\TechGration\CYMEUPLOAD\PHDIEN-472\CymeTextFile\Network.txt
Code : 230050 [Import Export]   Warning : Found gaps in the sequence numbers for intermediate nodes concerning the Section ID : 'OH_11538'. File name : D:\vishal all data\OLD DATA\2025\Rajib Sir\LATEST VIETNAM\TechGration\TechGration\CYMEUPLOAD\PHDIEN-472\CymeTextFile\Network.txt
Code : 230050 [Import Export]   Warning : Found gaps in the sequence numbers for intermediate nodes concerning the Section ID : 'OH_11542'. File name : D:\vishal all data\OLD DATA\2025\Rajib Sir\LATEST VIETNAM\TechGration\TechGration\CYMEUPLOAD\PHDIEN-472\CymeTextFile\Network.txt
Code : 230050 [Import Export]   Warning : Found gaps in the sequence numbers for intermediate nodes concerning the Section ID : 'OH_11549'. File name : D:\vishal all data\OLD DATA\2025\Rajib Sir\LATEST VIETNAM\TechGration\TechGration\CYMEUPLOAD\PHDIEN-472\CymeTextFile\Network.txt
Code : 230050 [Import Export]   Warning : Found gaps in the sequence numbers for intermediate nodes concerning the Section ID : 'OH_11551'. File name : D:\vishal all data\OLD DATA\2025\Rajib Sir\LATEST VIETNAM\TechGration\TechGration\CYMEUPLOAD\PHDIEN-472\CymeTextFile\Network.txt
Code : 230050 [Import Export]   Warning : Found gaps in the sequence numbers for intermediate nodes concerning the Section ID : 'OH_11553'. File name : D:\vishal all data\OLD DATA\2025\Rajib Sir\LATEST VIETNAM\TechGration\TechGration\CYMEUPLOAD\PHDIEN-472\CymeTextFile\Network.txt
Code : 230050 [Import Export]   Warning : Found gaps in the sequence numbers for intermediate nodes concerning the Section ID : 'OH_11558'. File name : D:\vishal all data\OLD DATA\2025\Rajib Sir\LATEST VIETNAM\TechGration\TechGration\CYMEUPLOAD\PHDIEN-472\CymeTextFile\Network.txt
Code : 230050 [Import Export]   Warning : Found gaps in the sequence numbers for intermediate nodes concerning the Section ID : 'OH_11564'. File name : D:\vishal all data\OLD DATA\2025\Rajib Sir\LATEST VIETNAM\TechGration\TechGration\CYMEUPLOAD\PHDIEN-472\CymeTextFile\Network.txt
Code : 230050 [Import Export]   Warning : Found gaps in the sequence numbers for intermediate nodes concerning the Section ID : 'OH_11573'. File name : D:\vishal all data\OLD DATA\2025\Rajib Sir\LATEST VIETNAM\TechGration\TechGration\CYMEUPLOAD\PHDIEN-472\CymeTextFile\Network.txt
Code : 230050 [Import Export]   Warning : Found gaps in the sequence numbers for intermediate nodes concerning the Section ID : 'OH_11576'. File name : D:\vishal all data\OLD DATA\2025\Rajib Sir\LATEST VIETNAM\TechGration\TechGration\CYMEUPLOAD\PHDIEN-472\CymeTextFile\Network.txt
Code : 230050 [Import Export]   Warning : Found gaps in the sequence numbers for intermediate nodes concerning the Section ID : 'OH_11584'. File name : D:\vishal all data\OLD DATA\2025\Rajib Sir\LATEST VIETNAM\TechGration\TechGration\CYMEUPLOAD\PHDIEN-472\CymeTextFile\Network.txt
Code : 230050 [Import Export]   Warning : Found gaps in the sequence numbers for intermediate nodes concerning the Section ID : 'OH_11590'. File name : D:\vishal all data\OLD DATA\2025\Rajib Sir\LATEST VIETNAM\TechGration\TechGration\CYMEUPLOAD\PHDIEN-472\CymeTextFile\Network.txt
Code : 230050 [Import Export]   Warning : Found gaps in the sequence numbers for intermediate nodes concerning the Section ID : 'OH_11598'. File name : D:\vishal all data\OLD DATA\2025\Rajib Sir\LATEST VIETNAM\TechGration\TechGration\CYMEUPLOAD\PHDIEN-472\CymeTextFile\Network.txt
Code : 230050 [Import Export]   Warning : Found gaps in the sequence numbers for intermediate nodes concerning the Section ID : 'OH_11602'. File name : D:\vishal all data\OLD DATA\2025\Rajib Sir\LATEST VIETNAM\TechGration\TechGration\CYMEUPLOAD\PHDIEN-472\CymeTextFile\Network.txt
Code : 230050 [Import Export]   Warning : Found gaps in the sequence numbers for intermediate nodes concerning the Section ID : 'OH_11606'. File name : D:\vishal all data\OLD DATA\2025\Rajib Sir\LATEST VIETNAM\TechGration\TechGration\CYMEUPLOAD\PHDIEN-472\CymeTextFile\Network.txt
Code : 230050 [Import Export]   Warning : Found gaps in the sequence numbers for intermediate nodes concerning the Section ID : 'OH_11622'. File name : D:\vishal all data\OLD DATA\2025\Rajib Sir\LATEST VIETNAM\TechGration\TechGration\CYMEUPLOAD\PHDIEN-472\CymeTextFile\Network.txt
Code : 230050 [Import Export]   Warning : Found gaps in the sequence numbers for intermediate nodes concerning the Section ID : 'OH_11635'. File name : D:\vishal all data\OLD DATA\2025\Rajib Sir\LATEST VIETNAM\TechGration\TechGration\CYMEUPLOAD\PHDIEN-472\CymeTextFile\Network.txt
Code : 230050 [Import Export]   Warning : Found gaps in the sequence numbers for intermediate nodes concerning the Section ID : 'OH_11649'. File name : D:\vishal all data\OLD DATA\2025\Rajib Sir\LATEST VIETNAM\TechGration\TechGration\CYMEUPLOAD\PHDIEN-472\CymeTextFile\Network.txt
Code : 230050 [Import Export]   Warning : Found gaps in the sequence numbers for intermediate nodes concerning the Section ID : 'OH_11690'. File name : D:\vishal all data\OLD DATA\2025\Rajib Sir\LATEST VIETNAM\TechGration\TechGration\CYMEUPLOAD\PHDIEN-472\CymeTextFile\Network.txt
Code : 230050 [Import Export]   Warning : Found gaps in the sequence numbers for intermediate nodes concerning the Section ID : 'OH_11700'. File name : D:\vishal all data\OLD DATA\2025\Rajib Sir\LATEST VIETNAM\TechGration\TechGration\CYMEUPLOAD\PHDIEN-472\CymeTextFile\Network.txt
Code : 230050 [Import Export]   Warning : Found gaps in the sequence numbers for intermediate nodes concerning the Section ID : 'OH_11720'. File name : D:\vishal all data\OLD DATA\2025\Rajib Sir\LATEST VIETNAM\TechGration\TechGration\CYMEUPLOAD\PHDIEN-472\CymeTextFile\Network.txt
Code : 230050 [Import Export]   Warning : Found gaps in the sequence numbers for intermediate nodes concerning the Section ID : 'OH_4645'. File name : D:\vishal all data\OLD DATA\2025\Rajib Sir\LATEST VIETNAM\TechGration\TechGration\CYMEUPLOAD\PHDIEN-472\CymeTextFile\Network.txt
Code : 230050 [Import Export]   Warning : Found gaps in the sequence numbers for intermediate nodes concerning the Section ID : 'OH_4666'. File name : D:\vishal all data\OLD DATA\2025\Rajib Sir\LATEST VIETNAM\TechGration\TechGration\CYMEUPLOAD\PHDIEN-472\CymeTextFile\Network.txt
Code : 230050 [Import Export]   Warning : Found gaps in the sequence numbers for intermediate nodes concerning the Section ID : 'OH_4668'. File name : D:\vishal all data\OLD DATA\2025\Rajib Sir\LATEST VIETNAM\TechGration\TechGration\CYMEUPLOAD\PHDIEN-472\CymeTextFile\Network.txt
Code : 230050 [Import Export]   Warning : Found gaps in the sequence numbers for intermediate nodes concerning the Section ID : 'OH_4672'. File name : D:\vishal all data\OLD DATA\2025\Rajib Sir\LATEST VIETNAM\TechGration\TechGration\CYMEUPLOAD\PHDIEN-472\CymeTextFile\Network.txt
Code : 230050 [Import Export]   Warning : Found gaps in the sequence numbers for intermediate nodes concerning the Section ID : 'OH_4685'. File name : D:\vishal all data\OLD DATA\2025\Rajib Sir\LATEST VIETNAM\TechGration\TechGration\CYMEUPLOAD\PHDIEN-472\CymeTextFile\Network.txt
Code : 230050 [Import Export]   Warning : Found gaps in the sequence numbers for intermediate nodes concerning the Section ID : 'OH_4692'. File name : D:\vishal all data\OLD DATA\2025\Rajib Sir\LATEST VIETNAM\TechGration\TechGration\CYMEUPLOAD\PHDIEN-472\CymeTextFile\Network.txt
Code : 230050 [Import Export]   Warning : Found gaps in the sequence numbers for intermediate nodes concerning the Section ID : 'OH_4699'. File name : D:\vishal all data\OLD DATA\2025\Rajib Sir\LATEST VIETNAM\TechGration\TechGration\CYMEUPLOAD\PHDIEN-472\CymeTextFile\Network.txt
Code : 230050 [Import Export]   Warning : Found gaps in the sequence numbers for intermediate nodes concerning the Section ID : 'OH_4715'. File name : D:\vishal all data\OLD DATA\2025\Rajib Sir\LATEST VIETNAM\TechGration\TechGration\CYMEUPLOAD\PHDIEN-472\CymeTextFile\Network.txt
Code : 230050 [Import Export]   Warning : Found gaps in the sequence numbers for intermediate nodes concerning the Section ID : 'OH_4717'. File name : D:\vishal all data\OLD DATA\2025\Rajib Sir\LATEST VIETNAM\TechGration\TechGration\CYMEUPLOAD\PHDIEN-472\CymeTextFile\Network.txt
Code : 230050 [Import Export]   Warning : Found gaps in the sequence numbers for intermediate nodes concerning the Section ID : 'OH_4760'. File name : D:\vishal all data\OLD DATA\2025\Rajib Sir\LATEST VIETNAM\TechGration\TechGration\CYMEUPLOAD\PHDIEN-472\CymeTextFile\Network.txt
Code : 230050 [Import Export]   Warning : Found gaps in the sequence numbers for intermediate nodes concerning the Section ID : 'OH_4763'. File name : D:\vishal all data\OLD DATA\2025\Rajib Sir\LATEST VIETNAM\TechGration\TechGration\CYMEUPLOAD\PHDIEN-472\CymeTextFile\Network.txt
Code : 230050 [Import Export]   Warning : Found gaps in the sequence numbers for intermediate nodes concerning the Section ID : 'OH_4764'. File name : D:\vishal all data\OLD DATA\2025\Rajib Sir\LATEST VIETNAM\TechGration\TechGration\CYMEUPLOAD\PHDIEN-472\CymeTextFile\Network.txt
Code : 230050 [Import Export]   Warning : Found gaps in the sequence numbers for intermediate nodes concerning the Section ID : 'OH_4765'. File name : D:\vishal all data\OLD DATA\2025\Rajib Sir\LATEST VIETNAM\TechGration\TechGration\CYMEUPLOAD\PHDIEN-472\CymeTextFile\Network.txt
Code : 230050 [Import Export]   Warning : Found gaps in the sequence numbers for intermediate nodes concerning the Section ID : 'OH_4858'. File name : D:\vishal all data\OLD DATA\2025\Rajib Sir\LATEST VIETNAM\TechGration\TechGration\CYMEUPLOAD\PHDIEN-472\CymeTextFile\Network.txt
Code : 230050 [Import Export]   Warning : Found gaps in the sequence numbers for intermediate nodes concerning the Section ID : 'OH_4864'. File name : D:\vishal all data\OLD DATA\2025\Rajib Sir\LATEST VIETNAM\TechGration\TechGration\CYMEUPLOAD\PHDIEN-472\CymeTextFile\Network.txt
Code : 230050 [Import Export]   Warning : Found gaps in the sequence numbers for intermediate nodes concerning the Section ID : 'OH_5498'. File name : D:\vishal all data\OLD DATA\2025\Rajib Sir\LATEST VIETNAM\TechGration\TechGration\CYMEUPLOAD\PHDIEN-472\CymeTextFile\Network.txt
Code : 230050 [Import Export]   Warning : Found gaps in the sequence numbers for intermediate nodes concerning the Section ID : 'OH_5502'. File name : D:\vishal all data\OLD DATA\2025\Rajib Sir\LATEST VIETNAM\TechGration\TechGration\CYMEUPLOAD\PHDIEN-472\CymeTextFile\Network.txt
Code : 230050 [Import Export]   Warning : Found gaps in the sequence numbers for intermediate nodes concerning the Section ID : 'OH_5504'. File name : D:\vishal all data\OLD DATA\2025\Rajib Sir\LATEST VIETNAM\TechGration\TechGration\CYMEUPLOAD\PHDIEN-472\CymeTextFile\Network.txt
Code : 230050 [Import Export]   Warning : Found gaps in the sequence numbers for intermediate nodes concerning the Section ID : 'OH_5653'. File name : D:\vishal all data\OLD DATA\2025\Rajib Sir\LATEST VIETNAM\TechGration\TechGration\CYMEUPLOAD\PHDIEN-472\CymeTextFile\Network.txt
Code : 230050 [Import Export]   Warning : Found gaps in the sequence numbers for intermediate nodes concerning the Section ID : 'OH_5664'. File name : D:\vishal all data\OLD DATA\2025\Rajib Sir\LATEST VIETNAM\TechGration\TechGration\CYMEUPLOAD\PHDIEN-472\CymeTextFile\Network.txt
Code : 230050 [Import Export]   Warning : Found gaps in the sequence numbers for intermediate nodes concerning the Section ID : 'OH_5665'. File name : D:\vishal all data\OLD DATA\2025\Rajib Sir\LATEST VIETNAM\TechGration\TechGration\CYMEUPLOAD\PHDIEN-472\CymeTextFile\Network.txt
Code : 230050 [Import Export]   Warning : Found gaps in the sequence numbers for intermediate nodes concerning the Section ID : 'OH_5671'. File name : D:\vishal all data\OLD DATA\2025\Rajib Sir\LATEST VIETNAM\TechGration\TechGration\CYMEUPLOAD\PHDIEN-472\CymeTextFile\Network.txt
Code : 230050 [Import Export]   Warning : Found gaps in the sequence numbers for intermediate nodes concerning the Section ID : 'OH_5681'. File name : D:\vishal all data\OLD DATA\2025\Rajib Sir\LATEST VIETNAM\TechGration\TechGration\CYMEUPLOAD\PHDIEN-472\CymeTextFile\Network.txt
Code : 230050 [Import Export]   Warning : Found gaps in the sequence numbers for intermediate nodes concerning the Section ID : 'OH_5682'. File name : D:\vishal all data\OLD DATA\2025\Rajib Sir\LATEST VIETNAM\TechGration\TechGration\CYMEUPLOAD\PHDIEN-472\CymeTextFile\Network.txt
Code : 230050 [Import Export]   Warning : Found gaps in the sequence numbers for intermediate nodes concerning the Section ID : 'OH_5683'. File name : D:\vishal all data\OLD DATA\2025\Rajib Sir\LATEST VIETNAM\TechGration\TechGration\CYMEUPLOAD\PHDIEN-472\CymeTextFile\Network.txt
Code : 230050 [Import Export]   Warning : Found gaps in the sequence numbers for intermediate nodes concerning the Section ID : 'OH_5713'. File name : D:\vishal all data\OLD DATA\2025\Rajib Sir\LATEST VIETNAM\TechGration\TechGration\CYMEUPLOAD\PHDIEN-472\CymeTextFile\Network.txt
Code : 230050 [Import Export]   Warning : Found gaps in the sequence numbers for intermediate nodes concerning the Section ID : 'OH_5716'. File name : D:\vishal all data\OLD DATA\2025\Rajib Sir\LATEST VIETNAM\TechGration\TechGration\CYMEUPLOAD\PHDIEN-472\CymeTextFile\Network.txt
Code : 230050 [Import Export]   Warning : Found gaps in the sequence numbers for intermediate nodes concerning the Section ID : 'OH_5754'. File name : D:\vishal all data\OLD DATA\2025\Rajib Sir\LATEST VIETNAM\TechGration\TechGration\CYMEUPLOAD\PHDIEN-472\CymeTextFile\Network.txt
Code : 230050 [Import Export]   Warning : Found gaps in the sequence numbers for intermediate nodes concerning the Section ID : 'OH_5762'. File name : D:\vishal all data\OLD DATA\2025\Rajib Sir\LATEST VIETNAM\TechGration\TechGration\CYMEUPLOAD\PHDIEN-472\CymeTextFile\Network.txt
Code : 230050 [Import Export]   Warning : Found gaps in the sequence numbers for intermediate nodes concerning the Section ID : 'OH_5796'. File name : D:\vishal all data\OLD DATA\2025\Rajib Sir\LATEST VIETNAM\TechGration\TechGration\CYMEUPLOAD\PHDIEN-472\CymeTextFile\Network.txt
Code : 230050 [Import Export]   Warning : Found gaps in the sequence numbers for intermediate nodes concerning the Section ID : 'OH_5829'. File name : D:\vishal all data\OLD DATA\2025\Rajib Sir\LATEST VIETNAM\TechGration\TechGration\CYMEUPLOAD\PHDIEN-472\CymeTextFile\Network.txt
Code : 230050 [Import Export]   Warning : Found gaps in the sequence numbers for intermediate nodes concerning the Section ID : 'OH_5830'. File name : D:\vishal all data\OLD DATA\2025\Rajib Sir\LATEST VIETNAM\TechGration\TechGration\CYMEUPLOAD\PHDIEN-472\CymeTextFile\Network.txt
Code : 230050 [Import Export]   Warning : Found gaps in the sequence numbers for intermediate nodes concerning the Section ID : 'OH_5831'. File name : D:\vishal all data\OLD DATA\2025\Rajib Sir\LATEST VIETNAM\TechGration\TechGration\CYMEUPLOAD\PHDIEN-472\CymeTextFile\Network.txt
Code : 230050 [Import Export]   Warning : Found gaps in the sequence numbers for intermediate nodes concerning the Section ID : 'OH_5832'. File name : D:\vishal all data\OLD DATA\2025\Rajib Sir\LATEST VIETNAM\TechGration\TechGration\CYMEUPLOAD\PHDIEN-472\CymeTextFile\Network.txt
Code : 230050 [Import Export]   Warning : Found gaps in the sequence numbers for intermediate nodes concerning the Section ID : 'OH_5833'. File name : D:\vishal all data\OLD DATA\2025\Rajib Sir\LATEST VIETNAM\TechGration\TechGration\CYMEUPLOAD\PHDIEN-472\CymeTextFile\Network.txt
Code : 230050 [Import Export]   Warning : Found gaps in the sequence numbers for intermediate nodes concerning the Section ID : 'OH_5869'. File name : D:\vishal all data\OLD DATA\2025\Rajib Sir\LATEST VIETNAM\TechGration\TechGration\CYMEUPLOAD\PHDIEN-472\CymeTextFile\Network.txt
Code : 230050 [Import Export]   Warning : Found gaps in the sequence numbers for intermediate nodes concerning the Section ID : 'OH_5905'. File name : D:\vishal all data\OLD DATA\2025\Rajib Sir\LATEST VIETNAM\TechGration\TechGration\CYMEUPLOAD\PHDIEN-472\CymeTextFile\Network.txt
Code : 230234 [Import Export]   Warning : Defined UserDefinedValue is not used. DeviceNumber : 'SG_1891' and DeviceType : '8'. File name : D:\vishal all data\OLD DATA\2025\Rajib Sir\LATEST VIETNAM\TechGration\TechGration\CYMEUPLOAD\PHDIEN-472\CymeTextFile\Network.txt
Code : 230234 [Import Export]   Warning : Defined UserDefinedValue is not used. DeviceNumber : 'SG_1898' and DeviceType : '8'. File name : D:\vishal all data\OLD DATA\2025\Rajib Sir\LATEST VIETNAM\TechGration\TechGration\CYMEUPLOAD\PHDIEN-472\CymeTextFile\Network.txt
Code : 230234 [Import Export]   Warning : Defined UserDefinedValue is not used. DeviceNumber : 'SG_3877' and DeviceType : '8'. File name : D:\vishal all data\OLD DATA\2025\Rajib Sir\LATEST VIETNAM\TechGration\TechGration\CYMEUPLOAD\PHDIEN-472\CymeTextFile\Network.txt
Code : 230234 [Import Export]   Warning : Defined UserDefinedValue is not used. DeviceNumber : 'SG_3911' and DeviceType : '8'. File name : D:\vishal all data\OLD DATA\2025\Rajib Sir\LATEST VIETNAM\TechGration\TechGration\CYMEUPLOAD\PHDIEN-472\CymeTextFile\Network.txt
Code : 230234 [Import Export]   Warning : Defined UserDefinedValue is not used. DeviceNumber : 'SG_3994' and DeviceType : '8'. File name : D:\vishal all data\OLD DATA\2025\Rajib Sir\LATEST VIETNAM\TechGration\TechGration\CYMEUPLOAD\PHDIEN-472\CymeTextFile\Network.txt
Code : 230234 [Import Export]   Warning : Defined UserDefinedValue is not used. DeviceNumber : 'SG_3995' and DeviceType : '8'. File name : D:\vishal all data\OLD DATA\2025\Rajib Sir\LATEST VIETNAM\TechGration\TechGration\CYMEUPLOAD\PHDIEN-472\CymeTextFile\Network.txt
Code : 230234 [Import Export]   Warning : Defined UserDefinedValue is not used. DeviceNumber : 'SG_4220' and DeviceType : '8'. File name : D:\vishal all data\OLD DATA\2025\Rajib Sir\LATEST VIETNAM\TechGration\TechGration\CYMEUPLOAD\PHDIEN-472\CymeTextFile\Network.txt
Code : 230234 [Import Export]   Warning : Defined UserDefinedValue is not used. DeviceNumber : 'SG_1891' and DeviceType : '8'. File name : D:\vishal all data\OLD DATA\2025\Rajib Sir\LATEST VIETNAM\TechGration\TechGration\CYMEUPLOAD\PHDIEN-472\CymeTextFile\Network.txt
Code : 230234 [Import Export]   Warning : Defined UserDefinedValue is not used. DeviceNumber : 'SG_1898' and DeviceType : '8'. File name : D:\vishal all data\OLD DATA\2025\Rajib Sir\LATEST VIETNAM\TechGration\TechGration\CYMEUPLOAD\PHDIEN-472\CymeTextFile\Network.txt
Code : 230234 [Import Export]   Warning : Defined UserDefinedValue is not used. DeviceNumber : 'SG_3877' and DeviceType : '8'. File name : D:\vishal all data\OLD DATA\2025\Rajib Sir\LATEST VIETNAM\TechGration\TechGration\CYMEUPLOAD\PHDIEN-472\CymeTextFile\Network.txt
Code : 230234 [Import Export]   Warning : Defined UserDefinedValue is not used. DeviceNumber : 'SG_3911' and DeviceType : '8'. File name : D:\vishal all data\OLD DATA\2025\Rajib Sir\LATEST VIETNAM\TechGration\TechGration\CYMEUPLOAD\PHDIEN-472\CymeTextFile\Network.txt
Code : 230234 [Import Export]   Warning : Defined UserDefinedValue is not used. DeviceNumber : 'SG_3994' and DeviceType : '8'. File name : D:\vishal all data\OLD DATA\2025\Rajib Sir\LATEST VIETNAM\TechGration\TechGration\CYMEUPLOAD\PHDIEN-472\CymeTextFile\Network.txt
Code : 230234 [Import Export]   Warning : Defined UserDefinedValue is not used. DeviceNumber : 'SG_3995' and DeviceType : '8'. File name : D:\vishal all data\OLD DATA\2025\Rajib Sir\LATEST VIETNAM\TechGration\TechGration\CYMEUPLOAD\PHDIEN-472\CymeTextFile\Network.txt
Code : 230234 [Import Export]   Warning : Defined UserDefinedValue is not used. DeviceNumber : 'SG_4220' and DeviceType : '8'. File name : D:\vishal all data\OLD DATA\2025\Rajib Sir\LATEST VIETNAM\TechGration\TechGration\CYMEUPLOAD\PHDIEN-472\CymeTextFile\Network.txt
