              ==================================================================
              Product Information
              Tech-Gration Error Log File for VIETNAM 
              Version 8.1
              ==================================================================


              Extraction process

              Beginning Date 07-08-2025
              Beginning time 03:52:55:PM

Total Selected Network - 1
------------------------------------------------------------------

FeederID                             E7-471         
                       
Start DateTime                       07-08-2025  03:52:55:PM                                                                              


F09_PC03_DUONGDAY_TT OBJECTID-OH_3402     Data Not Avilable in ConductorType/LoaiDayDan
F09_PC03_DUONGDAY_TT OBJECTID-OH_3402     Data Not Avilable in ConductorMaterial/MaHieu
F09_PC03_DUONGDAY_TT OBJECTID-OH_3403     Data Not Avilable in ConductorType/LoaiDayDan
F09_PC03_DUONGDAY_TT OBJECTID-OH_3403     Data Not Avilable in ConductorMaterial/MaHieu
F09_PC03_DUONGDAY_TT OBJECTID-OH_3404     Data Not Avilable in ConductorType/LoaiDayDan
F09_PC03_DUONGDAY_TT OBJECTID-OH_3404     Data Not Avilable in ConductorMaterial/MaHieu
F09_PC03_DUONGDAY_TT OBJECTID-OH_3405     Data Not Avilable in ConductorType/LoaiDayDan
F09_PC03_DUONGDAY_TT OBJECTID-OH_3405     Data Not Avilable in ConductorMaterial/MaHieu
F09_PC03_DUONGDAY_TT OBJECTID-OH_3406     Data Not Avilable in ConductorType/LoaiDayDan
F09_PC03_DUONGDAY_TT OBJECTID-OH_3406     Data Not Avilable in ConductorMaterial/MaHieu
F09_PC03_DUONGDAY_TT OBJECTID-OH_3407     Data Not Avilable in ConductorType/LoaiDayDan
F09_PC03_DUONGDAY_TT OBJECTID-OH_3407     Data Not Avilable in ConductorMaterial/MaHieu
F09_PC03_DUONGDAY_TT OBJECTID-OH_3408     Data Not Avilable in ConductorType/LoaiDayDan
F09_PC03_DUONGDAY_TT OBJECTID-OH_3408     Data Not Avilable in ConductorMaterial/MaHieu
F09_PC03_DUONGDAY_TT OBJECTID-OH_3409     Data Not Avilable in ConductorType/LoaiDayDan
F09_PC03_DUONGDAY_TT OBJECTID-OH_3409     Data Not Avilable in ConductorMaterial/MaHieu
F09_PC03_DUONGDAY_TT OBJECTID-OH_3457     Data Not Avilable in ConductorType/LoaiDayDan
F09_PC03_DUONGDAY_TT OBJECTID-OH_3457     Data Not Avilable in ConductorSize/TietDienDay
F09_PC03_DUONGDAY_TT OBJECTID-OH_3457     Data Not Avilable in ConductorMaterial/MaHieu
F09_PC03_DUONGDAY_TT OBJECTID-OH_3458     Data Not Avilable in ConductorType/LoaiDayDan
F09_PC03_DUONGDAY_TT OBJECTID-OH_3458     Data Not Avilable in ConductorSize/TietDienDay
F09_PC03_DUONGDAY_TT OBJECTID-OH_3458     Data Not Avilable in ConductorMaterial/MaHieu
F09_PC03_DUONGDAY_TT OBJECTID-OH_3459     Data Not Avilable in ConductorType/LoaiDayDan
F09_PC03_DUONGDAY_TT OBJECTID-OH_3459     Data Not Avilable in ConductorSize/TietDienDay
F09_PC03_DUONGDAY_TT OBJECTID-OH_3459     Data Not Avilable in ConductorMaterial/MaHieu
F09_PC03_DUONGDAY_TT OBJECTID-OH_3460     Data Not Avilable in ConductorType/LoaiDayDan
F09_PC03_DUONGDAY_TT OBJECTID-OH_3460     Data Not Avilable in ConductorSize/TietDienDay
F09_PC03_DUONGDAY_TT OBJECTID-OH_3460     Data Not Avilable in ConductorMaterial/MaHieu
F09_PC03_DUONGDAY_TT OBJECTID-OH_3461     Data Not Avilable in ConductorType/LoaiDayDan
F09_PC03_DUONGDAY_TT OBJECTID-OH_3461     Data Not Avilable in ConductorSize/TietDienDay
F09_PC03_DUONGDAY_TT OBJECTID-OH_3461     Data Not Avilable in ConductorMaterial/MaHieu
F09_PC03_DUONGDAY_TT OBJECTID-OH_3462     Data Not Avilable in ConductorType/LoaiDayDan
F09_PC03_DUONGDAY_TT OBJECTID-OH_3462     Data Not Avilable in ConductorSize/TietDienDay
F09_PC03_DUONGDAY_TT OBJECTID-OH_3462     Data Not Avilable in ConductorMaterial/MaHieu
F09_PC03_DUONGDAY_TT OBJECTID-OH_3463     Data Not Avilable in ConductorType/LoaiDayDan
F09_PC03_DUONGDAY_TT OBJECTID-OH_3463     Data Not Avilable in ConductorSize/TietDienDay
F09_PC03_DUONGDAY_TT OBJECTID-OH_3463     Data Not Avilable in ConductorMaterial/MaHieu
F09_PC03_DUONGDAY_TT OBJECTID-OH_3464     Data Not Avilable in ConductorType/LoaiDayDan
F09_PC03_DUONGDAY_TT OBJECTID-OH_3464     Data Not Avilable in ConductorSize/TietDienDay
F09_PC03_DUONGDAY_TT OBJECTID-OH_3464     Data Not Avilable in ConductorMaterial/MaHieu
F09_PC03_DUONGDAY_TT OBJECTID-OH_3465     Data Not Avilable in ConductorType/LoaiDayDan
F09_PC03_DUONGDAY_TT OBJECTID-OH_3465     Data Not Avilable in ConductorMaterial/MaHieu
F09_PC03_DUONGDAY_TT OBJECTID-OH_3466     Data Not Avilable in ConductorType/LoaiDayDan
F09_PC03_DUONGDAY_TT OBJECTID-OH_3466     Data Not Avilable in ConductorMaterial/MaHieu
F09_PC03_DUONGDAY_TT OBJECTID-OH_3467     Data Not Avilable in ConductorType/LoaiDayDan
F09_PC03_DUONGDAY_TT OBJECTID-OH_3467     Data Not Avilable in ConductorMaterial/MaHieu
F09_PC03_DUONGDAY_TT OBJECTID-OH_3468     Data Not Avilable in ConductorType/LoaiDayDan
F09_PC03_DUONGDAY_TT OBJECTID-OH_3468     Data Not Avilable in ConductorMaterial/MaHieu
F09_PC03_DUONGDAY_TT OBJECTID-OH_3469     Data Not Avilable in ConductorType/LoaiDayDan
F09_PC03_DUONGDAY_TT OBJECTID-OH_3469     Data Not Avilable in ConductorMaterial/MaHieu
F09_PC03_DUONGDAY_TT OBJECTID-OH_3470     Data Not Avilable in ConductorType/LoaiDayDan
F09_PC03_DUONGDAY_TT OBJECTID-OH_3470     Data Not Avilable in ConductorMaterial/MaHieu
F09_PC03_DUONGDAY_TT OBJECTID-OH_3471     Data Not Avilable in ConductorType/LoaiDayDan
F09_PC03_DUONGDAY_TT OBJECTID-OH_3471     Data Not Avilable in ConductorMaterial/MaHieu
F09_PC03_DUONGDAY_TT OBJECTID-OH_3472     Data Not Avilable in ConductorType/LoaiDayDan
F09_PC03_DUONGDAY_TT OBJECTID-OH_3472     Data Not Avilable in ConductorMaterial/MaHieu
F09_PC03_DUONGDAY_TT OBJECTID-OH_3473     Data Not Avilable in ConductorType/LoaiDayDan
F09_PC03_DUONGDAY_TT OBJECTID-OH_3473     Data Not Avilable in ConductorSize/TietDienDay
F09_PC03_DUONGDAY_TT OBJECTID-OH_3473     Data Not Avilable in ConductorMaterial/MaHieu
F09_PC03_DUONGDAY_TT OBJECTID-OH_3474     Data Not Avilable in ConductorType/LoaiDayDan
F09_PC03_DUONGDAY_TT OBJECTID-OH_3474     Data Not Avilable in ConductorSize/TietDienDay
F09_PC03_DUONGDAY_TT OBJECTID-OH_3474     Data Not Avilable in ConductorMaterial/MaHieu
F09_PC03_DUONGDAY_TT OBJECTID-OH_3475     Data Not Avilable in ConductorType/LoaiDayDan
F09_PC03_DUONGDAY_TT OBJECTID-OH_3475     Data Not Avilable in ConductorSize/TietDienDay
F09_PC03_DUONGDAY_TT OBJECTID-OH_3475     Data Not Avilable in ConductorMaterial/MaHieu
F09_PC03_DUONGDAY_TT OBJECTID-OH_3476     Data Not Avilable in ConductorType/LoaiDayDan
F09_PC03_DUONGDAY_TT OBJECTID-OH_3476     Data Not Avilable in ConductorSize/TietDienDay
F09_PC03_DUONGDAY_TT OBJECTID-OH_3476     Data Not Avilable in ConductorMaterial/MaHieu
F09_PC03_DUONGDAY_TT OBJECTID-OH_3477     Data Not Avilable in ConductorType/LoaiDayDan
F09_PC03_DUONGDAY_TT OBJECTID-OH_3477     Data Not Avilable in ConductorSize/TietDienDay
F09_PC03_DUONGDAY_TT OBJECTID-OH_3477     Data Not Avilable in ConductorMaterial/MaHieu
F09_PC03_DUONGDAY_TT OBJECTID-OH_3478     Data Not Avilable in ConductorType/LoaiDayDan
F09_PC03_DUONGDAY_TT OBJECTID-OH_3478     Data Not Avilable in ConductorMaterial/MaHieu
F09_PC03_DUONGDAY_TT OBJECTID-OH_3479     Data Not Avilable in ConductorType/LoaiDayDan
F09_PC03_DUONGDAY_TT OBJECTID-OH_3479     Data Not Avilable in ConductorMaterial/MaHieu
F09_PC03_DUONGDAY_TT OBJECTID-OH_3480     Data Not Avilable in ConductorType/LoaiDayDan
F09_PC03_DUONGDAY_TT OBJECTID-OH_3480     Data Not Avilable in ConductorMaterial/MaHieu
F09_PC03_DUONGDAY_TT OBJECTID-OH_3481     Data Not Avilable in ConductorType/LoaiDayDan
F09_PC03_DUONGDAY_TT OBJECTID-OH_3481     Data Not Avilable in ConductorSize/TietDienDay
F09_PC03_DUONGDAY_TT OBJECTID-OH_3481     Data Not Avilable in ConductorMaterial/MaHieu
F09_PC03_DUONGDAY_TT OBJECTID-OH_3482     Data Not Avilable in ConductorType/LoaiDayDan
F09_PC03_DUONGDAY_TT OBJECTID-OH_3482     Data Not Avilable in ConductorSize/TietDienDay
F09_PC03_DUONGDAY_TT OBJECTID-OH_3482     Data Not Avilable in ConductorMaterial/MaHieu
F09_PC03_DUONGDAY_TT OBJECTID-OH_3483     Data Not Avilable in ConductorType/LoaiDayDan
F09_PC03_DUONGDAY_TT OBJECTID-OH_3483     Data Not Avilable in ConductorSize/TietDienDay
F09_PC03_DUONGDAY_TT OBJECTID-OH_3483     Data Not Avilable in ConductorMaterial/MaHieu
F09_PC03_DUONGDAY_TT OBJECTID-OH_3484     Data Not Avilable in ConductorType/LoaiDayDan
F09_PC03_DUONGDAY_TT OBJECTID-OH_3484     Data Not Avilable in ConductorSize/TietDienDay
F09_PC03_DUONGDAY_TT OBJECTID-OH_3484     Data Not Avilable in ConductorMaterial/MaHieu
F09_PC03_DUONGDAY_TT OBJECTID-OH_3485     Data Not Avilable in ConductorType/LoaiDayDan
F09_PC03_DUONGDAY_TT OBJECTID-OH_3485     Data Not Avilable in ConductorSize/TietDienDay
F09_PC03_DUONGDAY_TT OBJECTID-OH_3485     Data Not Avilable in ConductorMaterial/MaHieu
F09_PC03_DUONGDAY_TT OBJECTID-OH_3486     Data Not Avilable in ConductorType/LoaiDayDan
F09_PC03_DUONGDAY_TT OBJECTID-OH_3486     Data Not Avilable in ConductorMaterial/MaHieu
F09_PC03_DUONGDAY_TT OBJECTID-OH_3487     Data Not Avilable in ConductorType/LoaiDayDan
F09_PC03_DUONGDAY_TT OBJECTID-OH_3487     Data Not Avilable in ConductorMaterial/MaHieu
F09_PC03_DUONGDAY_TT OBJECTID-OH_3488     Data Not Avilable in ConductorType/LoaiDayDan
F09_PC03_DUONGDAY_TT OBJECTID-OH_3488     Data Not Avilable in ConductorMaterial/MaHieu
F09_PC03_DUONGDAY_TT OBJECTID-OH_3489     Data Not Avilable in ConductorType/LoaiDayDan
F09_PC03_DUONGDAY_TT OBJECTID-OH_3489     Data Not Avilable in ConductorSize/TietDienDay
F09_PC03_DUONGDAY_TT OBJECTID-OH_3489     Data Not Avilable in ConductorMaterial/MaHieu
F09_PC03_DUONGDAY_TT OBJECTID-OH_3490     Data Not Avilable in ConductorType/LoaiDayDan
F09_PC03_DUONGDAY_TT OBJECTID-OH_3490     Data Not Avilable in ConductorSize/TietDienDay
F09_PC03_DUONGDAY_TT OBJECTID-OH_3490     Data Not Avilable in ConductorMaterial/MaHieu
F09_PC03_DUONGDAY_TT OBJECTID-OH_3491     Data Not Avilable in ConductorType/LoaiDayDan
F09_PC03_DUONGDAY_TT OBJECTID-OH_3491     Data Not Avilable in ConductorSize/TietDienDay
F09_PC03_DUONGDAY_TT OBJECTID-OH_3491     Data Not Avilable in ConductorMaterial/MaHieu
F09_PC03_DUONGDAY_TT OBJECTID-OH_3492     Data Not Avilable in ConductorType/LoaiDayDan
F09_PC03_DUONGDAY_TT OBJECTID-OH_3492     Data Not Avilable in ConductorSize/TietDienDay
F09_PC03_DUONGDAY_TT OBJECTID-OH_3492     Data Not Avilable in ConductorMaterial/MaHieu
F09_PC03_DUONGDAY_TT OBJECTID-OH_3493     Data Not Avilable in ConductorType/LoaiDayDan
F09_PC03_DUONGDAY_TT OBJECTID-OH_3493     Data Not Avilable in ConductorSize/TietDienDay
F09_PC03_DUONGDAY_TT OBJECTID-OH_3493     Data Not Avilable in ConductorMaterial/MaHieu
F09_PC03_DUONGDAY_TT OBJECTID-OH_3494     Data Not Avilable in ConductorType/LoaiDayDan
F09_PC03_DUONGDAY_TT OBJECTID-OH_3494     Data Not Avilable in ConductorMaterial/MaHieu
F09_PC03_DUONGDAY_TT OBJECTID-OH_3495     Data Not Avilable in ConductorType/LoaiDayDan
F09_PC03_DUONGDAY_TT OBJECTID-OH_3495     Data Not Avilable in ConductorMaterial/MaHieu
F09_PC03_DUONGDAY_TT OBJECTID-OH_3496     Data Not Avilable in ConductorType/LoaiDayDan
F09_PC03_DUONGDAY_TT OBJECTID-OH_3496     Data Not Avilable in ConductorMaterial/MaHieu
F09_PC03_DUONGDAY_TT OBJECTID-OH_3497     Data Not Avilable in ConductorType/LoaiDayDan
F09_PC03_DUONGDAY_TT OBJECTID-OH_3497     Data Not Avilable in ConductorSize/TietDienDay
F09_PC03_DUONGDAY_TT OBJECTID-OH_3497     Data Not Avilable in ConductorMaterial/MaHieu
F09_PC03_DUONGDAY_TT OBJECTID-OH_3498     Data Not Avilable in ConductorType/LoaiDayDan
F09_PC03_DUONGDAY_TT OBJECTID-OH_3498     Data Not Avilable in ConductorSize/TietDienDay
F09_PC03_DUONGDAY_TT OBJECTID-OH_3498     Data Not Avilable in ConductorMaterial/MaHieu
F09_PC03_DUONGDAY_TT OBJECTID-OH_3499     Data Not Avilable in ConductorType/LoaiDayDan
F09_PC03_DUONGDAY_TT OBJECTID-OH_3499     Data Not Avilable in ConductorSize/TietDienDay
F09_PC03_DUONGDAY_TT OBJECTID-OH_3499     Data Not Avilable in ConductorMaterial/MaHieu
F09_PC03_DUONGDAY_TT OBJECTID-OH_3500     Data Not Avilable in ConductorType/LoaiDayDan
F09_PC03_DUONGDAY_TT OBJECTID-OH_3500     Data Not Avilable in ConductorSize/TietDienDay
F09_PC03_DUONGDAY_TT OBJECTID-OH_3500     Data Not Avilable in ConductorMaterial/MaHieu
F09_PC03_DUONGDAY_TT OBJECTID-OH_3501     Data Not Avilable in ConductorType/LoaiDayDan
F09_PC03_DUONGDAY_TT OBJECTID-OH_3501     Data Not Avilable in ConductorSize/TietDienDay
F09_PC03_DUONGDAY_TT OBJECTID-OH_3501     Data Not Avilable in ConductorMaterial/MaHieu
F09_PC03_DUONGDAY_TT OBJECTID-OH_3502     Data Not Avilable in ConductorType/LoaiDayDan
F09_PC03_DUONGDAY_TT OBJECTID-OH_3502     Data Not Avilable in ConductorMaterial/MaHieu
F09_PC03_DUONGDAY_TT OBJECTID-OH_3503     Data Not Avilable in ConductorType/LoaiDayDan
F09_PC03_DUONGDAY_TT OBJECTID-OH_3503     Data Not Avilable in ConductorMaterial/MaHieu
F09_PC03_DUONGDAY_TT OBJECTID-OH_3504     Data Not Avilable in ConductorType/LoaiDayDan
F09_PC03_DUONGDAY_TT OBJECTID-OH_3504     Data Not Avilable in ConductorMaterial/MaHieu
F09_PC03_DUONGDAY_TT OBJECTID-OH_3505     Data Not Avilable in ConductorType/LoaiDayDan
F09_PC03_DUONGDAY_TT OBJECTID-OH_3505     Data Not Avilable in ConductorSize/TietDienDay
F09_PC03_DUONGDAY_TT OBJECTID-OH_3505     Data Not Avilable in ConductorMaterial/MaHieu
F09_PC03_DUONGDAY_TT OBJECTID-OH_3506     Data Not Avilable in ConductorType/LoaiDayDan
F09_PC03_DUONGDAY_TT OBJECTID-OH_3506     Data Not Avilable in ConductorSize/TietDienDay
F09_PC03_DUONGDAY_TT OBJECTID-OH_3506     Data Not Avilable in ConductorMaterial/MaHieu
F09_PC03_DUONGDAY_TT OBJECTID-OH_3507     Data Not Avilable in ConductorType/LoaiDayDan
F09_PC03_DUONGDAY_TT OBJECTID-OH_3507     Data Not Avilable in ConductorSize/TietDienDay
F09_PC03_DUONGDAY_TT OBJECTID-OH_3507     Data Not Avilable in ConductorMaterial/MaHieu
F09_PC03_DUONGDAY_TT OBJECTID-OH_3508     Data Not Avilable in ConductorType/LoaiDayDan
F09_PC03_DUONGDAY_TT OBJECTID-OH_3508     Data Not Avilable in ConductorMaterial/MaHieu
F09_PC03_DUONGDAY_TT OBJECTID-OH_3509     Data Not Avilable in ConductorType/LoaiDayDan
F09_PC03_DUONGDAY_TT OBJECTID-OH_3509     Data Not Avilable in ConductorSize/TietDienDay
F09_PC03_DUONGDAY_TT OBJECTID-OH_3509     Data Not Avilable in ConductorMaterial/MaHieu
F09_PC03_DUONGDAY_TT OBJECTID-OH_3510     Data Not Avilable in ConductorType/LoaiDayDan
F09_PC03_DUONGDAY_TT OBJECTID-OH_3510     Data Not Avilable in ConductorMaterial/MaHieu
F09_PC03_DUONGDAY_TT OBJECTID-OH_3511     Data Not Avilable in ConductorType/LoaiDayDan
F09_PC03_DUONGDAY_TT OBJECTID-OH_3511     Data Not Avilable in ConductorSize/TietDienDay
F09_PC03_DUONGDAY_TT OBJECTID-OH_3511     Data Not Avilable in ConductorMaterial/MaHieu
F09_PC03_DUONGDAY_TT OBJECTID-OH_3512     Data Not Avilable in ConductorType/LoaiDayDan
F09_PC03_DUONGDAY_TT OBJECTID-OH_3512     Data Not Avilable in ConductorMaterial/MaHieu
F09_PC03_DUONGDAY_TT OBJECTID-OH_3513     Data Not Avilable in ConductorType/LoaiDayDan
F09_PC03_DUONGDAY_TT OBJECTID-OH_3513     Data Not Avilable in ConductorSize/TietDienDay
F09_PC03_DUONGDAY_TT OBJECTID-OH_3513     Data Not Avilable in ConductorMaterial/MaHieu
F09_PC03_DUONGDAY_TT OBJECTID-OH_3514     Data Not Avilable in ConductorType/LoaiDayDan
F09_PC03_DUONGDAY_TT OBJECTID-OH_3514     Data Not Avilable in ConductorSize/TietDienDay
F09_PC03_DUONGDAY_TT OBJECTID-OH_3514     Data Not Avilable in ConductorMaterial/MaHieu
F09_PC03_DUONGDAY_TT OBJECTID-OH_3515     Data Not Avilable in ConductorType/LoaiDayDan
F09_PC03_DUONGDAY_TT OBJECTID-OH_3515     Data Not Avilable in ConductorSize/TietDienDay
F09_PC03_DUONGDAY_TT OBJECTID-OH_3515     Data Not Avilable in ConductorMaterial/MaHieu
F09_PC03_DUONGDAY_TT OBJECTID-OH_3516     Data Not Avilable in ConductorType/LoaiDayDan
F09_PC03_DUONGDAY_TT OBJECTID-OH_3516     Data Not Avilable in ConductorMaterial/MaHieu
F09_PC03_DUONGDAY_TT OBJECTID-OH_3517     Data Not Avilable in ConductorType/LoaiDayDan
F09_PC03_DUONGDAY_TT OBJECTID-OH_3517     Data Not Avilable in ConductorSize/TietDienDay
F09_PC03_DUONGDAY_TT OBJECTID-OH_3517     Data Not Avilable in ConductorMaterial/MaHieu
F09_PC03_DUONGDAY_TT OBJECTID-OH_3518     Data Not Avilable in ConductorType/LoaiDayDan
F09_PC03_DUONGDAY_TT OBJECTID-OH_3518     Data Not Avilable in ConductorMaterial/MaHieu
F09_PC03_DUONGDAY_TT OBJECTID-OH_3519     Data Not Avilable in ConductorType/LoaiDayDan
F09_PC03_DUONGDAY_TT OBJECTID-OH_3519     Data Not Avilable in ConductorSize/TietDienDay
F09_PC03_DUONGDAY_TT OBJECTID-OH_3519     Data Not Avilable in ConductorMaterial/MaHieu
F09_PC03_DUONGDAY_TT OBJECTID-OH_3520     Data Not Avilable in ConductorType/LoaiDayDan
F09_PC03_DUONGDAY_TT OBJECTID-OH_3520     Data Not Avilable in ConductorMaterial/MaHieu
F09_PC03_DUONGDAY_TT OBJECTID-OH_3521     Data Not Avilable in ConductorType/LoaiDayDan
F09_PC03_DUONGDAY_TT OBJECTID-OH_3521     Data Not Avilable in ConductorSize/TietDienDay
F09_PC03_DUONGDAY_TT OBJECTID-OH_3521     Data Not Avilable in ConductorMaterial/MaHieu
F09_PC03_DUONGDAY_TT OBJECTID-OH_3522     Data Not Avilable in ConductorType/LoaiDayDan
F09_PC03_DUONGDAY_TT OBJECTID-OH_3522     Data Not Avilable in ConductorSize/TietDienDay
F09_PC03_DUONGDAY_TT OBJECTID-OH_3522     Data Not Avilable in ConductorMaterial/MaHieu
F09_PC03_DUONGDAY_TT OBJECTID-OH_3523     Data Not Avilable in ConductorType/LoaiDayDan
F09_PC03_DUONGDAY_TT OBJECTID-OH_3523     Data Not Avilable in ConductorSize/TietDienDay
F09_PC03_DUONGDAY_TT OBJECTID-OH_3523     Data Not Avilable in ConductorMaterial/MaHieu
F09_PC03_DUONGDAY_TT OBJECTID-OH_3524     Data Not Avilable in ConductorType/LoaiDayDan
F09_PC03_DUONGDAY_TT OBJECTID-OH_3524     Data Not Avilable in ConductorSize/TietDienDay
F09_PC03_DUONGDAY_TT OBJECTID-OH_3524     Data Not Avilable in ConductorMaterial/MaHieu
F09_PC03_DUONGDAY_TT OBJECTID-OH_3525     Data Not Avilable in ConductorType/LoaiDayDan
F09_PC03_DUONGDAY_TT OBJECTID-OH_3525     Data Not Avilable in ConductorSize/TietDienDay
F09_PC03_DUONGDAY_TT OBJECTID-OH_3525     Data Not Avilable in ConductorMaterial/MaHieu
F09_PC03_DUONGDAY_TT OBJECTID-OH_3526     Data Not Avilable in ConductorType/LoaiDayDan
F09_PC03_DUONGDAY_TT OBJECTID-OH_3526     Data Not Avilable in ConductorSize/TietDienDay
F09_PC03_DUONGDAY_TT OBJECTID-OH_3526     Data Not Avilable in ConductorMaterial/MaHieu
F09_PC03_DUONGDAY_TT OBJECTID-OH_3527     Data Not Avilable in ConductorType/LoaiDayDan
F09_PC03_DUONGDAY_TT OBJECTID-OH_3527     Data Not Avilable in ConductorSize/TietDienDay
F09_PC03_DUONGDAY_TT OBJECTID-OH_3527     Data Not Avilable in ConductorMaterial/MaHieu
F09_PC03_DUONGDAY_TT OBJECTID-OH_3528     Data Not Avilable in ConductorType/LoaiDayDan
F09_PC03_DUONGDAY_TT OBJECTID-OH_3528     Data Not Avilable in ConductorSize/TietDienDay
F09_PC03_DUONGDAY_TT OBJECTID-OH_3528     Data Not Avilable in ConductorMaterial/MaHieu
F09_PC03_DUONGDAY_TT OBJECTID-OH_3529     Data Not Avilable in ConductorType/LoaiDayDan
F09_PC03_DUONGDAY_TT OBJECTID-OH_3529     Data Not Avilable in ConductorSize/TietDienDay
F09_PC03_DUONGDAY_TT OBJECTID-OH_3529     Data Not Avilable in ConductorMaterial/MaHieu
F09_PC03_DUONGDAY_TT OBJECTID-OH_3530     Data Not Avilable in ConductorType/LoaiDayDan
F09_PC03_DUONGDAY_TT OBJECTID-OH_3530     Data Not Avilable in ConductorSize/TietDienDay
F09_PC03_DUONGDAY_TT OBJECTID-OH_3530     Data Not Avilable in ConductorMaterial/MaHieu
F09_PC03_DUONGDAY_TT OBJECTID-OH_3531     Data Not Avilable in ConductorType/LoaiDayDan
F09_PC03_DUONGDAY_TT OBJECTID-OH_3531     Data Not Avilable in ConductorSize/TietDienDay
F09_PC03_DUONGDAY_TT OBJECTID-OH_3531     Data Not Avilable in ConductorMaterial/MaHieu
F09_PC03_DUONGDAY_TT OBJECTID-OH_3532     Data Not Avilable in ConductorType/LoaiDayDan
F09_PC03_DUONGDAY_TT OBJECTID-OH_3532     Data Not Avilable in ConductorSize/TietDienDay
F09_PC03_DUONGDAY_TT OBJECTID-OH_3532     Data Not Avilable in ConductorMaterial/MaHieu
F09_PC03_DUONGDAY_TT OBJECTID-OH_3533     Data Not Avilable in ConductorType/LoaiDayDan
F09_PC03_DUONGDAY_TT OBJECTID-OH_3533     Data Not Avilable in ConductorSize/TietDienDay
F09_PC03_DUONGDAY_TT OBJECTID-OH_3533     Data Not Avilable in ConductorMaterial/MaHieu
F09_PC03_DUONGDAY_TT OBJECTID-OH_3534     Data Not Avilable in ConductorType/LoaiDayDan
F09_PC03_DUONGDAY_TT OBJECTID-OH_3534     Data Not Avilable in ConductorSize/TietDienDay
F09_PC03_DUONGDAY_TT OBJECTID-OH_3534     Data Not Avilable in ConductorMaterial/MaHieu
F09_PC03_DUONGDAY_TT OBJECTID-OH_3535     Data Not Avilable in ConductorType/LoaiDayDan
F09_PC03_DUONGDAY_TT OBJECTID-OH_3535     Data Not Avilable in ConductorSize/TietDienDay
F09_PC03_DUONGDAY_TT OBJECTID-OH_3535     Data Not Avilable in ConductorMaterial/MaHieu
F09_PC03_DUONGDAY_TT OBJECTID-OH_3536     Data Not Avilable in ConductorType/LoaiDayDan
F09_PC03_DUONGDAY_TT OBJECTID-OH_3536     Data Not Avilable in ConductorSize/TietDienDay
F09_PC03_DUONGDAY_TT OBJECTID-OH_3536     Data Not Avilable in ConductorMaterial/MaHieu
F09_PC03_DUONGDAY_TT OBJECTID-OH_3537     Data Not Avilable in ConductorType/LoaiDayDan
F09_PC03_DUONGDAY_TT OBJECTID-OH_3537     Data Not Avilable in ConductorSize/TietDienDay
F09_PC03_DUONGDAY_TT OBJECTID-OH_3537     Data Not Avilable in ConductorMaterial/MaHieu
F09_PC03_DUONGDAY_TT OBJECTID-OH_3538     Data Not Avilable in ConductorType/LoaiDayDan
F09_PC03_DUONGDAY_TT OBJECTID-OH_3538     Data Not Avilable in ConductorSize/TietDienDay
F09_PC03_DUONGDAY_TT OBJECTID-OH_3538     Data Not Avilable in ConductorMaterial/MaHieu
F09_PC03_DUONGDAY_TT OBJECTID-OH_3539     Data Not Avilable in ConductorType/LoaiDayDan
F09_PC03_DUONGDAY_TT OBJECTID-OH_3539     Data Not Avilable in ConductorSize/TietDienDay
F09_PC03_DUONGDAY_TT OBJECTID-OH_3539     Data Not Avilable in ConductorMaterial/MaHieu
F09_PC03_DUONGDAY_TT OBJECTID-OH_3540     Data Not Avilable in ConductorType/LoaiDayDan
F09_PC03_DUONGDAY_TT OBJECTID-OH_3540     Data Not Avilable in ConductorSize/TietDienDay
F09_PC03_DUONGDAY_TT OBJECTID-OH_3540     Data Not Avilable in ConductorMaterial/MaHieu
F09_PC03_DUONGDAY_TT OBJECTID-OH_3541     Data Not Avilable in ConductorType/LoaiDayDan
F09_PC03_DUONGDAY_TT OBJECTID-OH_3541     Data Not Avilable in ConductorSize/TietDienDay
F09_PC03_DUONGDAY_TT OBJECTID-OH_3541     Data Not Avilable in ConductorMaterial/MaHieu
F09_PC03_DUONGDAY_TT OBJECTID-OH_3542     Data Not Avilable in ConductorType/LoaiDayDan
F09_PC03_DUONGDAY_TT OBJECTID-OH_3542     Data Not Avilable in ConductorSize/TietDienDay
F09_PC03_DUONGDAY_TT OBJECTID-OH_3542     Data Not Avilable in ConductorMaterial/MaHieu
F09_PC03_DUONGDAY_TT OBJECTID-OH_3543     Data Not Avilable in ConductorType/LoaiDayDan
F09_PC03_DUONGDAY_TT OBJECTID-OH_3543     Data Not Avilable in ConductorSize/TietDienDay
F09_PC03_DUONGDAY_TT OBJECTID-OH_3543     Data Not Avilable in ConductorMaterial/MaHieu
F09_PC03_DUONGDAY_TT OBJECTID-OH_3544     Data Not Avilable in ConductorType/LoaiDayDan
F09_PC03_DUONGDAY_TT OBJECTID-OH_3544     Data Not Avilable in ConductorSize/TietDienDay
F09_PC03_DUONGDAY_TT OBJECTID-OH_3544     Data Not Avilable in ConductorMaterial/MaHieu
F09_PC03_DUONGDAY_TT OBJECTID-OH_3545     Data Not Avilable in ConductorType/LoaiDayDan
F09_PC03_DUONGDAY_TT OBJECTID-OH_3545     Data Not Avilable in ConductorSize/TietDienDay
F09_PC03_DUONGDAY_TT OBJECTID-OH_3545     Data Not Avilable in ConductorMaterial/MaHieu
F09_PC03_DUONGDAY_TT OBJECTID-OH_3546     Data Not Avilable in ConductorType/LoaiDayDan
F09_PC03_DUONGDAY_TT OBJECTID-OH_3546     Data Not Avilable in ConductorSize/TietDienDay
F09_PC03_DUONGDAY_TT OBJECTID-OH_3546     Data Not Avilable in ConductorMaterial/MaHieu
F09_PC03_DUONGDAY_TT OBJECTID-OH_3547     Data Not Avilable in ConductorType/LoaiDayDan
F09_PC03_DUONGDAY_TT OBJECTID-OH_3547     Data Not Avilable in ConductorSize/TietDienDay
F09_PC03_DUONGDAY_TT OBJECTID-OH_3547     Data Not Avilable in ConductorMaterial/MaHieu
F09_PC03_DUONGDAY_TT OBJECTID-OH_3548     Data Not Avilable in ConductorType/LoaiDayDan
F09_PC03_DUONGDAY_TT OBJECTID-OH_3548     Data Not Avilable in ConductorSize/TietDienDay
F09_PC03_DUONGDAY_TT OBJECTID-OH_3548     Data Not Avilable in ConductorMaterial/MaHieu
F09_PC03_DUONGDAY_TT OBJECTID-OH_3549     Data Not Avilable in ConductorType/LoaiDayDan
F09_PC03_DUONGDAY_TT OBJECTID-OH_3549     Data Not Avilable in ConductorSize/TietDienDay
F09_PC03_DUONGDAY_TT OBJECTID-OH_3549     Data Not Avilable in ConductorMaterial/MaHieu
F09_PC03_DUONGDAY_TT OBJECTID-OH_3550     Data Not Avilable in ConductorType/LoaiDayDan
F09_PC03_DUONGDAY_TT OBJECTID-OH_3550     Data Not Avilable in ConductorSize/TietDienDay
F09_PC03_DUONGDAY_TT OBJECTID-OH_3550     Data Not Avilable in ConductorMaterial/MaHieu
F09_PC03_DUONGDAY_TT OBJECTID-OH_3551     Data Not Avilable in ConductorType/LoaiDayDan
F09_PC03_DUONGDAY_TT OBJECTID-OH_3551     Data Not Avilable in ConductorSize/TietDienDay
F09_PC03_DUONGDAY_TT OBJECTID-OH_3551     Data Not Avilable in ConductorMaterial/MaHieu
F09_PC03_DUONGDAY_TT OBJECTID-OH_3552     Data Not Avilable in ConductorType/LoaiDayDan
F09_PC03_DUONGDAY_TT OBJECTID-OH_3552     Data Not Avilable in ConductorSize/TietDienDay
F09_PC03_DUONGDAY_TT OBJECTID-OH_3552     Data Not Avilable in ConductorMaterial/MaHieu
F09_PC03_DUONGDAY_TT OBJECTID-OH_3555     Data Not Avilable in ConductorType/LoaiDayDan
F09_PC03_DUONGDAY_TT OBJECTID-OH_3555     Data Not Avilable in ConductorSize/TietDienDay
F09_PC03_DUONGDAY_TT OBJECTID-OH_3555     Data Not Avilable in ConductorMaterial/MaHieu
F09_PC03_DUONGDAY_TT OBJECTID-OH_3556     Data Not Avilable in ConductorType/LoaiDayDan
F09_PC03_DUONGDAY_TT OBJECTID-OH_3556     Data Not Avilable in ConductorSize/TietDienDay
F09_PC03_DUONGDAY_TT OBJECTID-OH_3556     Data Not Avilable in ConductorMaterial/MaHieu
F09_PC03_DUONGDAY_TT OBJECTID-OH_3557     Data Not Avilable in ConductorType/LoaiDayDan
F09_PC03_DUONGDAY_TT OBJECTID-OH_3557     Data Not Avilable in ConductorSize/TietDienDay
F09_PC03_DUONGDAY_TT OBJECTID-OH_3557     Data Not Avilable in ConductorMaterial/MaHieu
F09_PC03_DUONGDAY_TT OBJECTID-OH_3558     Data Not Avilable in ConductorType/LoaiDayDan
F09_PC03_DUONGDAY_TT OBJECTID-OH_3558     Data Not Avilable in ConductorSize/TietDienDay
F09_PC03_DUONGDAY_TT OBJECTID-OH_3558     Data Not Avilable in ConductorMaterial/MaHieu
F09_PC03_DUONGDAY_TT OBJECTID-OH_3559     Data Not Avilable in ConductorType/LoaiDayDan
F09_PC03_DUONGDAY_TT OBJECTID-OH_3559     Data Not Avilable in ConductorSize/TietDienDay
F09_PC03_DUONGDAY_TT OBJECTID-OH_3559     Data Not Avilable in ConductorMaterial/MaHieu
F09_PC03_DUONGDAY_TT OBJECTID-OH_3560     Data Not Avilable in ConductorType/LoaiDayDan
F09_PC03_DUONGDAY_TT OBJECTID-OH_3560     Data Not Avilable in ConductorSize/TietDienDay
F09_PC03_DUONGDAY_TT OBJECTID-OH_3560     Data Not Avilable in ConductorMaterial/MaHieu
F09_PC03_DUONGDAY_TT OBJECTID-OH_3561     Data Not Avilable in ConductorType/LoaiDayDan
F09_PC03_DUONGDAY_TT OBJECTID-OH_3561     Data Not Avilable in ConductorSize/TietDienDay
F09_PC03_DUONGDAY_TT OBJECTID-OH_3561     Data Not Avilable in ConductorMaterial/MaHieu
F09_PC03_DUONGDAY_TT OBJECTID-OH_3562     Data Not Avilable in ConductorType/LoaiDayDan
F09_PC03_DUONGDAY_TT OBJECTID-OH_3562     Data Not Avilable in ConductorSize/TietDienDay
F09_PC03_DUONGDAY_TT OBJECTID-OH_3562     Data Not Avilable in ConductorMaterial/MaHieu
F09_PC03_DUONGDAY_TT OBJECTID-OH_3564     Data Not Avilable in ConductorType/LoaiDayDan
F09_PC03_DUONGDAY_TT OBJECTID-OH_3564     Data Not Avilable in ConductorMaterial/MaHieu
F09_PC03_DUONGDAY_TT OBJECTID-OH_3565     Data Not Avilable in ConductorType/LoaiDayDan
F09_PC03_DUONGDAY_TT OBJECTID-OH_3565     Data Not Avilable in ConductorMaterial/MaHieu
F09_PC03_DUONGDAY_TT OBJECTID-OH_3566     Data Not Avilable in ConductorType/LoaiDayDan
F09_PC03_DUONGDAY_TT OBJECTID-OH_3566     Data Not Avilable in ConductorMaterial/MaHieu
F09_PC03_DUONGDAY_TT OBJECTID-OH_3567     Data Not Avilable in ConductorType/LoaiDayDan
F09_PC03_DUONGDAY_TT OBJECTID-OH_3567     Data Not Avilable in ConductorMaterial/MaHieu
F09_PC03_DUONGDAY_TT OBJECTID-OH_3568     Data Not Avilable in ConductorType/LoaiDayDan
F09_PC03_DUONGDAY_TT OBJECTID-OH_3568     Data Not Avilable in ConductorMaterial/MaHieu
F09_PC03_DUONGDAY_TT OBJECTID-OH_3569     Data Not Avilable in ConductorType/LoaiDayDan
F09_PC03_DUONGDAY_TT OBJECTID-OH_3569     Data Not Avilable in ConductorMaterial/MaHieu
F09_PC03_DUONGDAY_TT OBJECTID-OH_3570     Data Not Avilable in ConductorType/LoaiDayDan
F09_PC03_DUONGDAY_TT OBJECTID-OH_3570     Data Not Avilable in ConductorMaterial/MaHieu
F09_PC03_DUONGDAY_TT OBJECTID-OH_3571     Data Not Avilable in ConductorType/LoaiDayDan
F09_PC03_DUONGDAY_TT OBJECTID-OH_3571     Data Not Avilable in ConductorMaterial/MaHieu
F09_PC03_DUONGDAY_TT OBJECTID-OH_3572     Data Not Avilable in ConductorType/LoaiDayDan
F09_PC03_DUONGDAY_TT OBJECTID-OH_3572     Data Not Avilable in ConductorMaterial/MaHieu
F09_PC03_DUONGDAY_TT OBJECTID-OH_3573     Data Not Avilable in ConductorType/LoaiDayDan
F09_PC03_DUONGDAY_TT OBJECTID-OH_3573     Data Not Avilable in ConductorMaterial/MaHieu
F09_PC03_DUONGDAY_TT OBJECTID-OH_3574     Data Not Avilable in ConductorType/LoaiDayDan
F09_PC03_DUONGDAY_TT OBJECTID-OH_3574     Data Not Avilable in ConductorMaterial/MaHieu
F09_PC03_DUONGDAY_TT OBJECTID-OH_3575     Data Not Avilable in ConductorType/LoaiDayDan
F09_PC03_DUONGDAY_TT OBJECTID-OH_3575     Data Not Avilable in ConductorMaterial/MaHieu
F09_PC03_DUONGDAY_TT OBJECTID-OH_3576     Data Not Avilable in ConductorType/LoaiDayDan
F09_PC03_DUONGDAY_TT OBJECTID-OH_3576     Data Not Avilable in ConductorMaterial/MaHieu
F09_PC03_DUONGDAY_TT OBJECTID-OH_3577     Data Not Avilable in ConductorType/LoaiDayDan
F09_PC03_DUONGDAY_TT OBJECTID-OH_3577     Data Not Avilable in ConductorMaterial/MaHieu
F09_PC03_DUONGDAY_TT OBJECTID-OH_3578     Data Not Avilable in ConductorType/LoaiDayDan
F09_PC03_DUONGDAY_TT OBJECTID-OH_3578     Data Not Avilable in ConductorMaterial/MaHieu
F09_PC03_DUONGDAY_TT OBJECTID-OH_3579     Data Not Avilable in ConductorType/LoaiDayDan
F09_PC03_DUONGDAY_TT OBJECTID-OH_3579     Data Not Avilable in ConductorMaterial/MaHieu
F09_PC03_DUONGDAY_TT OBJECTID-OH_3580     Data Not Avilable in ConductorType/LoaiDayDan
F09_PC03_DUONGDAY_TT OBJECTID-OH_3580     Data Not Avilable in ConductorMaterial/MaHieu
F09_PC03_DUONGDAY_TT OBJECTID-OH_3581     Data Not Avilable in ConductorType/LoaiDayDan
F09_PC03_DUONGDAY_TT OBJECTID-OH_3581     Data Not Avilable in ConductorMaterial/MaHieu
F09_PC03_DUONGDAY_TT OBJECTID-OH_3582     Data Not Avilable in ConductorType/LoaiDayDan
F09_PC03_DUONGDAY_TT OBJECTID-OH_3582     Data Not Avilable in ConductorMaterial/MaHieu
F09_PC03_DUONGDAY_TT OBJECTID-OH_3583     Data Not Avilable in ConductorType/LoaiDayDan
F09_PC03_DUONGDAY_TT OBJECTID-OH_3583     Data Not Avilable in ConductorMaterial/MaHieu
F09_PC03_DUONGDAY_TT OBJECTID-OH_3584     Data Not Avilable in ConductorType/LoaiDayDan
F09_PC03_DUONGDAY_TT OBJECTID-OH_3584     Data Not Avilable in ConductorMaterial/MaHieu
F09_PC03_DUONGDAY_TT OBJECTID-OH_3585     Data Not Avilable in ConductorType/LoaiDayDan
F09_PC03_DUONGDAY_TT OBJECTID-OH_3585     Data Not Avilable in ConductorMaterial/MaHieu
F09_PC03_DUONGDAY_TT OBJECTID-OH_3586     Data Not Avilable in ConductorType/LoaiDayDan
F09_PC03_DUONGDAY_TT OBJECTID-OH_3586     Data Not Avilable in ConductorMaterial/MaHieu
F09_PC03_DUONGDAY_TT OBJECTID-OH_3587     Data Not Avilable in ConductorType/LoaiDayDan
F09_PC03_DUONGDAY_TT OBJECTID-OH_3587     Data Not Avilable in ConductorMaterial/MaHieu
F09_PC03_DUONGDAY_TT OBJECTID-OH_3588     Data Not Avilable in ConductorType/LoaiDayDan
F09_PC03_DUONGDAY_TT OBJECTID-OH_3588     Data Not Avilable in ConductorMaterial/MaHieu
F09_PC03_DUONGDAY_TT OBJECTID-OH_3589     Data Not Avilable in ConductorType/LoaiDayDan
F09_PC03_DUONGDAY_TT OBJECTID-OH_3589     Data Not Avilable in ConductorMaterial/MaHieu
F09_PC03_DUONGDAY_TT OBJECTID-OH_3590     Data Not Avilable in ConductorType/LoaiDayDan
F09_PC03_DUONGDAY_TT OBJECTID-OH_3590     Data Not Avilable in ConductorMaterial/MaHieu
F09_PC03_DUONGDAY_TT OBJECTID-OH_3591     Data Not Avilable in ConductorType/LoaiDayDan
F09_PC03_DUONGDAY_TT OBJECTID-OH_3591     Data Not Avilable in ConductorMaterial/MaHieu
F09_PC03_DUONGDAY_TT OBJECTID-OH_3592     Data Not Avilable in ConductorType/LoaiDayDan
F09_PC03_DUONGDAY_TT OBJECTID-OH_3592     Data Not Avilable in ConductorMaterial/MaHieu
F09_PC03_DUONGDAY_TT OBJECTID-OH_3593     Data Not Avilable in ConductorType/LoaiDayDan
F09_PC03_DUONGDAY_TT OBJECTID-OH_3593     Data Not Avilable in ConductorMaterial/MaHieu
F09_PC03_DUONGDAY_TT OBJECTID-OH_3594     Data Not Avilable in ConductorType/LoaiDayDan
F09_PC03_DUONGDAY_TT OBJECTID-OH_3594     Data Not Avilable in ConductorMaterial/MaHieu
F09_PC03_DUONGDAY_TT OBJECTID-OH_3595     Data Not Avilable in ConductorType/LoaiDayDan
F09_PC03_DUONGDAY_TT OBJECTID-OH_3595     Data Not Avilable in ConductorMaterial/MaHieu
F09_PC03_DUONGDAY_TT OBJECTID-OH_3596     Data Not Avilable in ConductorType/LoaiDayDan
F09_PC03_DUONGDAY_TT OBJECTID-OH_3596     Data Not Avilable in ConductorMaterial/MaHieu
F09_PC03_DUONGDAY_TT OBJECTID-OH_3597     Data Not Avilable in ConductorType/LoaiDayDan
F09_PC03_DUONGDAY_TT OBJECTID-OH_3597     Data Not Avilable in ConductorMaterial/MaHieu
F09_PC03_DUONGDAY_TT OBJECTID-OH_3598     Data Not Avilable in ConductorType/LoaiDayDan
F09_PC03_DUONGDAY_TT OBJECTID-OH_3598     Data Not Avilable in ConductorMaterial/MaHieu
F09_PC03_DUONGDAY_TT OBJECTID-OH_3599     Data Not Avilable in ConductorType/LoaiDayDan
F09_PC03_DUONGDAY_TT OBJECTID-OH_3599     Data Not Avilable in ConductorMaterial/MaHieu
F09_PC03_DUONGDAY_TT OBJECTID-OH_3600     Data Not Avilable in ConductorType/LoaiDayDan
F09_PC03_DUONGDAY_TT OBJECTID-OH_3600     Data Not Avilable in ConductorMaterial/MaHieu
F09_PC03_DUONGDAY_TT OBJECTID-OH_3601     Data Not Avilable in ConductorType/LoaiDayDan
F09_PC03_DUONGDAY_TT OBJECTID-OH_3601     Data Not Avilable in ConductorMaterial/MaHieu
F09_PC03_DUONGDAY_TT OBJECTID-OH_3602     Data Not Avilable in ConductorType/LoaiDayDan
F09_PC03_DUONGDAY_TT OBJECTID-OH_3602     Data Not Avilable in ConductorMaterial/MaHieu
F09_PC03_DUONGDAY_TT OBJECTID-OH_3603     Data Not Avilable in ConductorType/LoaiDayDan
F09_PC03_DUONGDAY_TT OBJECTID-OH_3603     Data Not Avilable in ConductorMaterial/MaHieu
F09_PC03_DUONGDAY_TT OBJECTID-OH_3604     Data Not Avilable in ConductorType/LoaiDayDan
F09_PC03_DUONGDAY_TT OBJECTID-OH_3604     Data Not Avilable in ConductorMaterial/MaHieu
F09_PC03_DUONGDAY_TT OBJECTID-OH_3605     Data Not Avilable in ConductorType/LoaiDayDan
F09_PC03_DUONGDAY_TT OBJECTID-OH_3605     Data Not Avilable in ConductorMaterial/MaHieu
F09_PC03_DUONGDAY_TT OBJECTID-OH_3606     Data Not Avilable in ConductorType/LoaiDayDan
F09_PC03_DUONGDAY_TT OBJECTID-OH_3606     Data Not Avilable in ConductorMaterial/MaHieu
F09_PC03_DUONGDAY_TT OBJECTID-OH_3607     Data Not Avilable in ConductorType/LoaiDayDan
F09_PC03_DUONGDAY_TT OBJECTID-OH_3607     Data Not Avilable in ConductorMaterial/MaHieu
F09_PC03_DUONGDAY_TT OBJECTID-OH_3608     Data Not Avilable in ConductorType/LoaiDayDan
F09_PC03_DUONGDAY_TT OBJECTID-OH_3608     Data Not Avilable in ConductorMaterial/MaHieu
F09_PC03_DUONGDAY_TT OBJECTID-OH_3609     Data Not Avilable in ConductorType/LoaiDayDan
F09_PC03_DUONGDAY_TT OBJECTID-OH_3609     Data Not Avilable in ConductorMaterial/MaHieu
F09_PC03_DUONGDAY_TT OBJECTID-OH_3610     Data Not Avilable in ConductorType/LoaiDayDan
F09_PC03_DUONGDAY_TT OBJECTID-OH_3610     Data Not Avilable in ConductorMaterial/MaHieu
F09_PC03_DUONGDAY_TT OBJECTID-OH_3611     Data Not Avilable in ConductorType/LoaiDayDan
F09_PC03_DUONGDAY_TT OBJECTID-OH_3611     Data Not Avilable in ConductorMaterial/MaHieu
F09_PC03_DUONGDAY_TT OBJECTID-OH_3612     Data Not Avilable in ConductorType/LoaiDayDan
F09_PC03_DUONGDAY_TT OBJECTID-OH_3612     Data Not Avilable in ConductorMaterial/MaHieu
F09_PC03_DUONGDAY_TT OBJECTID-OH_3628     Data Not Avilable in ConductorType/LoaiDayDan
F09_PC03_DUONGDAY_TT OBJECTID-OH_3628     Data Not Avilable in ConductorMaterial/MaHieu
F09_PC03_DUONGDAY_TT OBJECTID-OH_3629     Data Not Avilable in ConductorType/LoaiDayDan
F09_PC03_DUONGDAY_TT OBJECTID-OH_3629     Data Not Avilable in ConductorMaterial/MaHieu
F09_PC03_DUONGDAY_TT OBJECTID-OH_3640     Data Not Avilable in ConductorType/LoaiDayDan
F09_PC03_DUONGDAY_TT OBJECTID-OH_3640     Data Not Avilable in ConductorMaterial/MaHieu
F09_PC03_DUONGDAY_TT OBJECTID-OH_3641     Data Not Avilable in ConductorType/LoaiDayDan
F09_PC03_DUONGDAY_TT OBJECTID-OH_3641     Data Not Avilable in ConductorMaterial/MaHieu
F09_PC03_DUONGDAY_TT OBJECTID-OH_3643     Data Not Avilable in ConductorType/LoaiDayDan
F09_PC03_DUONGDAY_TT OBJECTID-OH_3643     Data Not Avilable in ConductorMaterial/MaHieu
F09_PC03_DUONGDAY_TT OBJECTID-OH_3644     Data Not Avilable in ConductorType/LoaiDayDan
F09_PC03_DUONGDAY_TT OBJECTID-OH_3644     Data Not Avilable in ConductorMaterial/MaHieu
F09_PC03_DUONGDAY_TT OBJECTID-OH_3645     Data Not Avilable in ConductorType/LoaiDayDan
F09_PC03_DUONGDAY_TT OBJECTID-OH_3645     Data Not Avilable in ConductorMaterial/MaHieu
F09_PC03_DUONGDAY_TT OBJECTID-OH_3646     Data Not Avilable in ConductorType/LoaiDayDan
F09_PC03_DUONGDAY_TT OBJECTID-OH_3646     Data Not Avilable in ConductorMaterial/MaHieu
F09_PC03_DUONGDAY_TT OBJECTID-OH_3647     Data Not Avilable in ConductorType/LoaiDayDan
F09_PC03_DUONGDAY_TT OBJECTID-OH_3647     Data Not Avilable in ConductorMaterial/MaHieu
F09_PC03_DUONGDAY_TT OBJECTID-OH_3648     Data Not Avilable in ConductorType/LoaiDayDan
F09_PC03_DUONGDAY_TT OBJECTID-OH_3648     Data Not Avilable in ConductorMaterial/MaHieu
F09_PC03_DUONGDAY_TT OBJECTID-OH_3649     Data Not Avilable in ConductorType/LoaiDayDan
F09_PC03_DUONGDAY_TT OBJECTID-OH_3649     Data Not Avilable in ConductorMaterial/MaHieu
F09_PC03_DUONGDAY_TT OBJECTID-OH_3784     Data Not Avilable in ConductorType/LoaiDayDan
F09_PC03_DUONGDAY_TT OBJECTID-OH_3784     Data Not Avilable in ConductorSize/TietDienDay
F09_PC03_DUONGDAY_TT OBJECTID-OH_3784     Data Not Avilable in ConductorMaterial/MaHieu
F09_PC03_DUONGDAY_TT OBJECTID-OH_3785     Data Not Avilable in ConductorType/LoaiDayDan
F09_PC03_DUONGDAY_TT OBJECTID-OH_3785     Data Not Avilable in ConductorSize/TietDienDay
F09_PC03_DUONGDAY_TT OBJECTID-OH_3785     Data Not Avilable in ConductorMaterial/MaHieu
F09_PC03_DUONGDAY_TT OBJECTID-OH_3800     Data Not Avilable in ConductorType/LoaiDayDan
F09_PC03_DUONGDAY_TT OBJECTID-OH_3800     Data Not Avilable in ConductorSize/TietDienDay
F09_PC03_DUONGDAY_TT OBJECTID-OH_3800     Data Not Avilable in ConductorMaterial/MaHieu
F09_PC03_DUONGDAY_TT OBJECTID-OH_3801     Data Not Avilable in ConductorType/LoaiDayDan
F09_PC03_DUONGDAY_TT OBJECTID-OH_3801     Data Not Avilable in ConductorSize/TietDienDay
F09_PC03_DUONGDAY_TT OBJECTID-OH_3801     Data Not Avilable in ConductorMaterial/MaHieu
F09_PC03_DUONGDAY_TT OBJECTID-OH_3854     Data Not Avilable in ConductorType/LoaiDayDan
F09_PC03_DUONGDAY_TT OBJECTID-OH_3854     Data Not Avilable in ConductorSize/TietDienDay
F09_PC03_DUONGDAY_TT OBJECTID-OH_3854     Data Not Avilable in ConductorMaterial/MaHieu
F09_PC03_DUONGDAY_TT OBJECTID-OH_3855     Data Not Avilable in ConductorType/LoaiDayDan
F09_PC03_DUONGDAY_TT OBJECTID-OH_3855     Data Not Avilable in ConductorSize/TietDienDay
F09_PC03_DUONGDAY_TT OBJECTID-OH_3855     Data Not Avilable in ConductorMaterial/MaHieu
F09_PC03_DUONGDAY_TT OBJECTID-OH_3856     Data Not Avilable in ConductorType/LoaiDayDan
F09_PC03_DUONGDAY_TT OBJECTID-OH_3856     Data Not Avilable in ConductorSize/TietDienDay
F09_PC03_DUONGDAY_TT OBJECTID-OH_3856     Data Not Avilable in ConductorMaterial/MaHieu
F09_PC03_DUONGDAY_TT OBJECTID-OH_3857     Data Not Avilable in ConductorType/LoaiDayDan
F09_PC03_DUONGDAY_TT OBJECTID-OH_3857     Data Not Avilable in ConductorSize/TietDienDay
F09_PC03_DUONGDAY_TT OBJECTID-OH_3857     Data Not Avilable in ConductorMaterial/MaHieu
F09_PC03_DUONGDAY_TT OBJECTID-OH_3892     Data Not Avilable in ConductorType/LoaiDayDan
F09_PC03_DUONGDAY_TT OBJECTID-OH_3892     Data Not Avilable in ConductorSize/TietDienDay
F09_PC03_DUONGDAY_TT OBJECTID-OH_3892     Data Not Avilable in ConductorMaterial/MaHieu
F09_PC03_DUONGDAY_TT OBJECTID-OH_3893     Data Not Avilable in ConductorType/LoaiDayDan
F09_PC03_DUONGDAY_TT OBJECTID-OH_3893     Data Not Avilable in ConductorSize/TietDienDay
F09_PC03_DUONGDAY_TT OBJECTID-OH_3893     Data Not Avilable in ConductorMaterial/MaHieu
F09_PC03_DUONGDAY_TT OBJECTID-OH_3904     Data Not Avilable in ConductorType/LoaiDayDan
F09_PC03_DUONGDAY_TT OBJECTID-OH_3904     Data Not Avilable in ConductorSize/TietDienDay
F09_PC03_DUONGDAY_TT OBJECTID-OH_3904     Data Not Avilable in ConductorMaterial/MaHieu
F09_PC03_DUONGDAY_TT OBJECTID-OH_3905     Data Not Avilable in ConductorType/LoaiDayDan
F09_PC03_DUONGDAY_TT OBJECTID-OH_3905     Data Not Avilable in ConductorSize/TietDienDay
F09_PC03_DUONGDAY_TT OBJECTID-OH_3905     Data Not Avilable in ConductorMaterial/MaHieu
F09_PC03_DUONGDAY_TT OBJECTID-OH_3933     Data Not Avilable in ConductorType/LoaiDayDan
F09_PC03_DUONGDAY_TT OBJECTID-OH_3933     Data Not Avilable in ConductorSize/TietDienDay
F09_PC03_DUONGDAY_TT OBJECTID-OH_3933     Data Not Avilable in ConductorMaterial/MaHieu
F09_PC03_DUONGDAY_TT OBJECTID-OH_3934     Data Not Avilable in ConductorType/LoaiDayDan
F09_PC03_DUONGDAY_TT OBJECTID-OH_3934     Data Not Avilable in ConductorSize/TietDienDay
F09_PC03_DUONGDAY_TT OBJECTID-OH_3934     Data Not Avilable in ConductorMaterial/MaHieu
F09_PC03_DUONGDAY_TT OBJECTID-OH_3947     Data Not Avilable in ConductorType/LoaiDayDan
F09_PC03_DUONGDAY_TT OBJECTID-OH_3947     Data Not Avilable in ConductorSize/TietDienDay
F09_PC03_DUONGDAY_TT OBJECTID-OH_3947     Data Not Avilable in ConductorMaterial/MaHieu
F09_PC03_DUONGDAY_TT OBJECTID-OH_3948     Data Not Avilable in ConductorType/LoaiDayDan
F09_PC03_DUONGDAY_TT OBJECTID-OH_3948     Data Not Avilable in ConductorSize/TietDienDay
F09_PC03_DUONGDAY_TT OBJECTID-OH_3948     Data Not Avilable in ConductorMaterial/MaHieu
F09_PC03_DUONGDAY_TT OBJECTID-OH_3951     Data Not Avilable in ConductorType/LoaiDayDan
F09_PC03_DUONGDAY_TT OBJECTID-OH_3951     Data Not Avilable in ConductorSize/TietDienDay
F09_PC03_DUONGDAY_TT OBJECTID-OH_3951     Data Not Avilable in ConductorMaterial/MaHieu
F09_PC03_DUONGDAY_TT OBJECTID-OH_3952     Data Not Avilable in ConductorType/LoaiDayDan
F09_PC03_DUONGDAY_TT OBJECTID-OH_3952     Data Not Avilable in ConductorSize/TietDienDay
F09_PC03_DUONGDAY_TT OBJECTID-OH_3952     Data Not Avilable in ConductorMaterial/MaHieu
F09_PC03_DUONGDAY_TT OBJECTID-OH_4031     Data Not Avilable in ConductorType/LoaiDayDan
F09_PC03_DUONGDAY_TT OBJECTID-OH_4031     Data Not Avilable in ConductorSize/TietDienDay
F09_PC03_DUONGDAY_TT OBJECTID-OH_4031     Data Not Avilable in ConductorMaterial/MaHieu
F09_PC03_DUONGDAY_TT OBJECTID-OH_4032     Data Not Avilable in ConductorType/LoaiDayDan
F09_PC03_DUONGDAY_TT OBJECTID-OH_4032     Data Not Avilable in ConductorSize/TietDienDay
F09_PC03_DUONGDAY_TT OBJECTID-OH_4032     Data Not Avilable in ConductorMaterial/MaHieu
F09_PC03_DUONGDAY_TT OBJECTID-OH_4039     Data Not Avilable in ConductorType/LoaiDayDan
F09_PC03_DUONGDAY_TT OBJECTID-OH_4039     Data Not Avilable in ConductorSize/TietDienDay
F09_PC03_DUONGDAY_TT OBJECTID-OH_4039     Data Not Avilable in ConductorMaterial/MaHieu
F09_PC03_DUONGDAY_TT OBJECTID-OH_4040     Data Not Avilable in ConductorType/LoaiDayDan
F09_PC03_DUONGDAY_TT OBJECTID-OH_4040     Data Not Avilable in ConductorSize/TietDienDay
F09_PC03_DUONGDAY_TT OBJECTID-OH_4040     Data Not Avilable in ConductorMaterial/MaHieu
F09_PC03_DUONGDAY_TT OBJECTID-OH_4041     Data Not Avilable in ConductorType/LoaiDayDan
F09_PC03_DUONGDAY_TT OBJECTID-OH_4041     Data Not Avilable in ConductorSize/TietDienDay
F09_PC03_DUONGDAY_TT OBJECTID-OH_4041     Data Not Avilable in ConductorMaterial/MaHieu
F09_PC03_DUONGDAY_TT OBJECTID-OH_4042     Data Not Avilable in ConductorType/LoaiDayDan
F09_PC03_DUONGDAY_TT OBJECTID-OH_4042     Data Not Avilable in ConductorSize/TietDienDay
F09_PC03_DUONGDAY_TT OBJECTID-OH_4042     Data Not Avilable in ConductorMaterial/MaHieu
F09_PC03_DUONGDAY_TT OBJECTID-OH_4077     Data Not Avilable in ConductorType/LoaiDayDan
F09_PC03_DUONGDAY_TT OBJECTID-OH_4077     Data Not Avilable in ConductorSize/TietDienDay
F09_PC03_DUONGDAY_TT OBJECTID-OH_4077     Data Not Avilable in ConductorMaterial/MaHieu
F09_PC03_DUONGDAY_TT OBJECTID-OH_4078     Data Not Avilable in ConductorType/LoaiDayDan
F09_PC03_DUONGDAY_TT OBJECTID-OH_4078     Data Not Avilable in ConductorSize/TietDienDay
F09_PC03_DUONGDAY_TT OBJECTID-OH_4078     Data Not Avilable in ConductorMaterial/MaHieu
F09_PC03_DUONGDAY_TT OBJECTID-OH_4160     Data Not Avilable in ConductorType/LoaiDayDan
F09_PC03_DUONGDAY_TT OBJECTID-OH_4160     Data Not Avilable in ConductorSize/TietDienDay
F09_PC03_DUONGDAY_TT OBJECTID-OH_4160     Data Not Avilable in ConductorMaterial/MaHieu
F09_PC03_DUONGDAY_TT OBJECTID-OH_4193     Data Not Avilable in ConductorType/LoaiDayDan
F09_PC03_DUONGDAY_TT OBJECTID-OH_4193     Data Not Avilable in ConductorSize/TietDienDay
F09_PC03_DUONGDAY_TT OBJECTID-OH_4193     Data Not Avilable in ConductorMaterial/MaHieu
F09_PC03_DUONGDAY_TT OBJECTID-OH_4194     Data Not Avilable in ConductorType/LoaiDayDan
F09_PC03_DUONGDAY_TT OBJECTID-OH_4194     Data Not Avilable in ConductorSize/TietDienDay
F09_PC03_DUONGDAY_TT OBJECTID-OH_4194     Data Not Avilable in ConductorMaterial/MaHieu
F09_PC03_DUONGDAY_TT OBJECTID-OH_4195     Data Not Avilable in ConductorType/LoaiDayDan
F09_PC03_DUONGDAY_TT OBJECTID-OH_4195     Data Not Avilable in ConductorSize/TietDienDay
F09_PC03_DUONGDAY_TT OBJECTID-OH_4195     Data Not Avilable in ConductorMaterial/MaHieu
F09_PC03_DUONGDAY_TT OBJECTID-OH_4196     Data Not Avilable in ConductorType/LoaiDayDan
F09_PC03_DUONGDAY_TT OBJECTID-OH_4196     Data Not Avilable in ConductorSize/TietDienDay
F09_PC03_DUONGDAY_TT OBJECTID-OH_4196     Data Not Avilable in ConductorMaterial/MaHieu
F09_PC03_DUONGDAY_TT OBJECTID-OH_4197     Data Not Avilable in ConductorType/LoaiDayDan
F09_PC03_DUONGDAY_TT OBJECTID-OH_4197     Data Not Avilable in ConductorSize/TietDienDay
F09_PC03_DUONGDAY_TT OBJECTID-OH_4197     Data Not Avilable in ConductorMaterial/MaHieu
F09_PC03_DUONGDAY_TT OBJECTID-OH_4198     Data Not Avilable in ConductorType/LoaiDayDan
F09_PC03_DUONGDAY_TT OBJECTID-OH_4198     Data Not Avilable in ConductorSize/TietDienDay
F09_PC03_DUONGDAY_TT OBJECTID-OH_4198     Data Not Avilable in ConductorMaterial/MaHieu
F09_PC03_DUONGDAY_TT OBJECTID-OH_4587     Data Not Avilable in ConductorType/LoaiDayDan
F09_PC03_DUONGDAY_TT OBJECTID-OH_4587     Data Not Avilable in ConductorMaterial/MaHieu
F09_PC03_DUONGDAY_TT OBJECTID-OH_4113     Data Not Avilable in ConductorType/LoaiDayDan
F09_PC03_DUONGDAY_TT OBJECTID-OH_4113     Data Not Avilable in ConductorSize/TietDienDay
F09_PC03_DUONGDAY_TT OBJECTID-OH_4113     Data Not Avilable in ConductorMaterial/MaHieu
F09_PC03_DUONGDAY_TT OBJECTID-OH_4114     Data Not Avilable in ConductorType/LoaiDayDan
F09_PC03_DUONGDAY_TT OBJECTID-OH_4114     Data Not Avilable in ConductorSize/TietDienDay
F09_PC03_DUONGDAY_TT OBJECTID-OH_4114     Data Not Avilable in ConductorMaterial/MaHieu
F09_PC03_DUONGDAY_TT OBJECTID-OH_4153     Data Not Avilable in ConductorType/LoaiDayDan
F09_PC03_DUONGDAY_TT OBJECTID-OH_4153     Data Not Avilable in ConductorSize/TietDienDay
F09_PC03_DUONGDAY_TT OBJECTID-OH_4153     Data Not Avilable in ConductorMaterial/MaHieu
F09_PC03_DUONGDAY_TT OBJECTID-OH_4154     Data Not Avilable in ConductorType/LoaiDayDan
F09_PC03_DUONGDAY_TT OBJECTID-OH_4154     Data Not Avilable in ConductorSize/TietDienDay
F09_PC03_DUONGDAY_TT OBJECTID-OH_4154     Data Not Avilable in ConductorMaterial/MaHieu
F09_PC03_DUONGDAY_TT OBJECTID-OH_4155     Data Not Avilable in ConductorType/LoaiDayDan
F09_PC03_DUONGDAY_TT OBJECTID-OH_4155     Data Not Avilable in ConductorSize/TietDienDay
F09_PC03_DUONGDAY_TT OBJECTID-OH_4155     Data Not Avilable in ConductorMaterial/MaHieu
F09_PC03_DUONGDAY_TT OBJECTID-OH_4156     Data Not Avilable in ConductorType/LoaiDayDan
F09_PC03_DUONGDAY_TT OBJECTID-OH_4156     Data Not Avilable in ConductorSize/TietDienDay
F09_PC03_DUONGDAY_TT OBJECTID-OH_4156     Data Not Avilable in ConductorMaterial/MaHieu
F09_PC03_DUONGDAY_TT OBJECTID-OH_4159     Data Not Avilable in ConductorType/LoaiDayDan
F09_PC03_DUONGDAY_TT OBJECTID-OH_4159     Data Not Avilable in ConductorSize/TietDienDay
F09_PC03_DUONGDAY_TT OBJECTID-OH_4159     Data Not Avilable in ConductorMaterial/MaHieu
F09_PC03_DUONGDAY_TT OBJECTID-OH_4235     Data Not Avilable in ConductorType/LoaiDayDan
F09_PC03_DUONGDAY_TT OBJECTID-OH_4235     Data Not Avilable in ConductorMaterial/MaHieu

PC03_FCO IDTBDC-210PC03BB     Data Not Avilable in IDinhMuc
PC03_FCO IDTBDC-154PC03BB     Data Not Avilable in IDinhMuc
PC03_FCO IDTBDC-353PC03BB     Data Not Avilable in IDinhMuc
PC03_FCO IDTBDC-493PC03BB     Data Not Avilable in IDinhMuc
PC03_FCO IDTBDC-176PC03BB     Data Not Avilable in IDinhMuc
PC03_FCO IDTBDC-372PC03BB     Data Not Avilable in IDinhMuc
PC03_FCO IDTBDC-455PC03BB     Data Not Avilable in IDinhMuc
PC03_FCO IDTBDC-209PC03BB     Data Not Avilable in IDinhMuc
PC03_FCO IDTBDC-501PC03BB     Data Not Avilable in IDinhMuc
PC03_FCO IDTBDC-388PC03BB     Data Not Avilable in IDinhMuc
PC03_FCO IDTBDC-391PC03BB     Data Not Avilable in IDinhMuc
PC03_FCO IDTBDC-351PC03BB     Data Not Avilable in IDinhMuc
PC03_FCO IDTBDC-356PC03BB     Data Not Avilable in IDinhMuc
PC03_FCO IDTBDC-114PC03BB     Data Not Avilable in IDinhMuc
PC03_FCO IDTBDC-89PC03BB     Data Not Avilable in IDinhMuc
PC03_FCO IDTBDC-174PC03BB     Data Not Avilable in IDinhMuc
PC03_FCO IDTBDC-450PC03BB     Data Not Avilable in IDinhMuc
PC03_FCO IDTBDC-168PC03BB     Data Not Avilable in IDinhMuc
PC03_FCO IDTBDC-507PC03BB     Data Not Avilable in IDinhMuc
PC03_FCO IDTBDC-202PC03BB     Data Not Avilable in IDinhMuc
PC03_FCO IDTBDC-146PC03BB     Data Not Avilable in IDinhMuc
PC03_FCO IDTBDC-100PC03BB     Data Not Avilable in IDinhMuc
PC03_FCO IDTBDC-105PC03BB     Data Not Avilable in IDinhMuc
PC03_FCO IDTBDC-190PC03BB     Data Not Avilable in IDinhMuc
PC03_FCO IDTBDC-135PC03BB     Data Not Avilable in IDinhMuc
PC03_FCO IDTBDC-171PC03BB     Data Not Avilable in IDinhMuc
PC03_FCO IDTBDC-338PC03BB     Data Not Avilable in IDinhMuc
PC03_FCO IDTBDC-448PC03BB     Data Not Avilable in IDinhMuc
PC03_FCO IDTBDC-339PC03BB     Data Not Avilable in IDinhMuc
PC03_FCO IDTBDC-110PC03BB     Data Not Avilable in IDinhMuc
PC03_FCO IDTBDC-410PC03BB     Data Not Avilable in IDinhMuc
PC03_FCO IDTBDC-170PC03BB     Data Not Avilable in IDinhMuc
PC03_FCO IDTBDC-376PC03BB     Data Not Avilable in IDinhMuc
PC03_FCO IDTBDC-357PC03BB     Data Not Avilable in IDinhMuc
PC03_FCO IDTBDC-177PC03BB     Data Not Avilable in IDinhMuc
PC03_FCO IDTBDC-371PC03BB     Data Not Avilable in IDinhMuc
PC03_FCO IDTBDC-98PC03BB     Data Not Avilable in IDinhMuc
PC03_FCO IDTBDC-132PC03BB     Data Not Avilable in IDinhMuc
PC03_FCO IDTBDC-124PC03BB     Data Not Avilable in IDinhMuc
PC03_FCO IDTBDC-178PC03BB     Data Not Avilable in IDinhMuc
PC03_FCO IDTBDC-104PC03BB     Data Not Avilable in IDinhMuc
PC03_FCO IDTBDC-181PC03BB     Data Not Avilable in IDinhMuc
PC03_FCO IDTBDC-109PC03BB     Data Not Avilable in IDinhMuc
PC03_FCO IDTBDC-387PC03BB     Data Not Avilable in IDinhMuc
PC03_FCO IDTBDC-206PC03BB     Data Not Avilable in IDinhMuc
PC03_FCO IDTBDC-344PC03BB     Data Not Avilable in IDinhMuc
PC03_FCO IDTBDC-101PC03BB     Data Not Avilable in IDinhMuc
PC03_FCO IDTBDC-341PC03BB     Data Not Avilable in IDinhMuc
PC03_FCO IDTBDC-409PC03BB     Data Not Avilable in IDinhMuc
PC03_FCO IDTBDC-386PC03BB     Data Not Avilable in IDinhMuc
PC03_FCO IDTBDC-369PC03BB     Data Not Avilable in IDinhMuc
PC03_FCO IDTBDC-207PC03BB     Data Not Avilable in IDinhMuc
PC03_FCO IDTBDC-381PC03BB     Data Not Avilable in IDinhMuc
PC03_FCO IDTBDC-377PC03BB     Data Not Avilable in IDinhMuc
PC03_FCO IDTBDC-404PC03BB     Data Not Avilable in IDinhMuc
PC03_FCO IDTBDC-115PC03BB     Data Not Avilable in IDinhMuc
PC03_FCO IDTBDC-340PC03BB     Data Not Avilable in IDinhMuc
PC03_FCO IDTBDC-511PC03BB     Data Not Avilable in IDinhMuc
PC03_FCO IDTBDC-195PC03BB     Data Not Avilable in IDinhMuc
PC03_FCO IDTBDC-107PC03BB     Data Not Avilable in IDinhMuc
PC03_FCO IDTBDC-106PC03BB     Data Not Avilable in IDinhMuc
PC03_FCO IDTBDC-116PC03BB     Data Not Avilable in IDinhMuc
PC03_FCO IDTBDC-127PC03BB     Data Not Avilable in IDinhMuc

PC03_LBS IDTBDC-60PC03BB     Data Not Avilable in IDinhMuc
PC03_LBS IDTBDC-60PC03BB     Data Not Avilable in LoaiLBS

Status = Import Successful


End DateTime                         07-08-2025  03:54:02:PM


=================================================================================================================================================

Total Selected Network :   1           Total ImportFeeder :   1             Total FailedFeeder :  0     

Average Time/Feeder : 1.1237min 

================================================================================================================================================== 