Code : 230177 [Import Export]   Warning : Keyword 'TCCRepositoryID' is only available in version 810.000000 and higher, the designated value will be ignored. Line number : 4450 File name : D:\vishal all data\OLD DATA\2025\Rajib Sir\LATEST VIETNAM\TechGration\TechGration\CYMEUPLOAD\PHDIEN-473\CymeTextFile\Network.txt
Code : 230177 [Import Export]   Warning : Keyword 'TCCRepositoryAlternateID1' is only available in version 810.000000 and higher, the designated value will be ignored. Line number : 4450 File name : D:\vishal all data\OLD DATA\2025\Rajib Sir\LATEST VIETNAM\TechGration\TechGration\CYMEUPLOAD\PHDIEN-473\CymeTextFile\Network.txt
Code : 230177 [Import Export]   Warning : Keyword 'TCCRepositoryAlternateID2' is only available in version 810.000000 and higher, the designated value will be ignored. Line number : 4450 File name : D:\vishal all data\OLD DATA\2025\Rajib Sir\LATEST VIETNAM\TechGration\TechGration\CYMEUPLOAD\PHDIEN-473\CymeTextFile\Network.txt
Code : 230177 [Import Export]   Warning : Keyword 'TCCRepositoryAlternateID3' is only available in version 810.000000 and higher, the designated value will be ignored. Line number : 4450 File name : D:\vishal all data\OLD DATA\2025\Rajib Sir\LATEST VIETNAM\TechGration\TechGration\CYMEUPLOAD\PHDIEN-473\CymeTextFile\Network.txt
Code : 230177 [Import Export]   Warning : Keyword 'TCCRepositoryAlternateID4' is only available in version 810.000000 and higher, the designated value will be ignored. Line number : 4450 File name : D:\vishal all data\OLD DATA\2025\Rajib Sir\LATEST VIETNAM\TechGration\TechGration\CYMEUPLOAD\PHDIEN-473\CymeTextFile\Network.txt
Code : 230177 [Import Export]   Warning : Keyword 'TCCRepositoryAlternateID5' is only available in version 810.000000 and higher, the designated value will be ignored. Line number : 4450 File name : D:\vishal all data\OLD DATA\2025\Rajib Sir\LATEST VIETNAM\TechGration\TechGration\CYMEUPLOAD\PHDIEN-473\CymeTextFile\Network.txt
Code : 230177 [Import Export]   Warning : Keyword 'TCCRepositoryAlternateID6' is only available in version 810.000000 and higher, the designated value will be ignored. Line number : 4450 File name : D:\vishal all data\OLD DATA\2025\Rajib Sir\LATEST VIETNAM\TechGration\TechGration\CYMEUPLOAD\PHDIEN-473\CymeTextFile\Network.txt
Code : 230177 [Import Export]   Warning : Keyword 'TCCRepositoryAlternateID7' is only available in version 810.000000 and higher, the designated value will be ignored. Line number : 4450 File name : D:\vishal all data\OLD DATA\2025\Rajib Sir\LATEST VIETNAM\TechGration\TechGration\CYMEUPLOAD\PHDIEN-473\CymeTextFile\Network.txt
Code : 230177 [Import Export]   Warning : Keyword 'TCCRepositoryAlternateID8' is only available in version 810.000000 and higher, the designated value will be ignored. Line number : 4450 File name : D:\vishal all data\OLD DATA\2025\Rajib Sir\LATEST VIETNAM\TechGration\TechGration\CYMEUPLOAD\PHDIEN-473\CymeTextFile\Network.txt
Code : 230177 [Import Export]   Warning : Keyword 'TCCRepositoryAlternateID9' is only available in version 810.000000 and higher, the designated value will be ignored. Line number : 4450 File name : D:\vishal all data\OLD DATA\2025\Rajib Sir\LATEST VIETNAM\TechGration\TechGration\CYMEUPLOAD\PHDIEN-473\CymeTextFile\Network.txt
Code : 230177 [Import Export]   Warning : Keyword 'TCCRepositoryAlternateID10' is only available in version 810.000000 and higher, the designated value will be ignored. Line number : 4450 File name : D:\vishal all data\OLD DATA\2025\Rajib Sir\LATEST VIETNAM\TechGration\TechGration\CYMEUPLOAD\PHDIEN-473\CymeTextFile\Network.txt
Code : 230177 [Import Export]   Warning : Keyword 'IntellirupterTCCRepositoryID' is only available in version 810.000000 and higher, the designated value will be ignored. Line number : 4450 File name : D:\vishal all data\OLD DATA\2025\Rajib Sir\LATEST VIETNAM\TechGration\TechGration\CYMEUPLOAD\PHDIEN-473\CymeTextFile\Network.txt
Code : 230177 [Import Export]   Warning : Keyword 'SourceHarmonicModelType' is only available in version 810.000000 and higher, the designated value will be ignored. Line number : 4466 File name : D:\vishal all data\OLD DATA\2025\Rajib Sir\LATEST VIETNAM\TechGration\TechGration\CYMEUPLOAD\PHDIEN-473\CymeTextFile\Network.txt
Code : 230177 [Import Export]   Warning : Keyword 'PulseNumber' is only available in version 810.000000 and higher, the designated value will be ignored. Line number : 4466 File name : D:\vishal all data\OLD DATA\2025\Rajib Sir\LATEST VIETNAM\TechGration\TechGration\CYMEUPLOAD\PHDIEN-473\CymeTextFile\Network.txt
Code : 230177 [Import Export]   Warning : Keyword 'FiringAngle' is only available in version 810.000000 and higher, the designated value will be ignored. Line number : 4466 File name : D:\vishal all data\OLD DATA\2025\Rajib Sir\LATEST VIETNAM\TechGration\TechGration\CYMEUPLOAD\PHDIEN-473\CymeTextFile\Network.txt
Code : 230177 [Import Export]   Warning : Keyword 'OverlapAngle' is only available in version 810.000000 and higher, the designated value will be ignored. Line number : 4466 File name : D:\vishal all data\OLD DATA\2025\Rajib Sir\LATEST VIETNAM\TechGration\TechGration\CYMEUPLOAD\PHDIEN-473\CymeTextFile\Network.txt
Code : 230177 [Import Export]   Warning : Keyword 'ConnectionConfiguration' is only available in version 820.000000 and higher, the designated value will be ignored. Line number : 4466 File name : D:\vishal all data\OLD DATA\2025\Rajib Sir\LATEST VIETNAM\TechGration\TechGration\CYMEUPLOAD\PHDIEN-473\CymeTextFile\Network.txt
Code : 230177 [Import Export]   Warning : Keyword 'ConnectionConfiguration' is only available in version 820.000000 and higher, the designated value will be ignored. Line number : 4469 File name : D:\vishal all data\OLD DATA\2025\Rajib Sir\LATEST VIETNAM\TechGration\TechGration\CYMEUPLOAD\PHDIEN-473\CymeTextFile\Network.txt
Code : 230177 [Import Export]   Warning : Keyword 'CTConnection' is only available in version 820.000000 and higher, the designated value will be ignored. Line number : 4469 File name : D:\vishal all data\OLD DATA\2025\Rajib Sir\LATEST VIETNAM\TechGration\TechGration\CYMEUPLOAD\PHDIEN-473\CymeTextFile\Network.txt
Code : 230177 [Import Export]   Warning : Keyword 'SourceHarmonicModelType' is only available in version 810.000000 and higher, the designated value will be ignored. Line number : 4469 File name : D:\vishal all data\OLD DATA\2025\Rajib Sir\LATEST VIETNAM\TechGration\TechGration\CYMEUPLOAD\PHDIEN-473\CymeTextFile\Network.txt
Code : 230177 [Import Export]   Warning : Keyword 'PulseNumber' is only available in version 810.000000 and higher, the designated value will be ignored. Line number : 4469 File name : D:\vishal all data\OLD DATA\2025\Rajib Sir\LATEST VIETNAM\TechGration\TechGration\CYMEUPLOAD\PHDIEN-473\CymeTextFile\Network.txt
Code : 230177 [Import Export]   Warning : Keyword 'FiringAngle' is only available in version 810.000000 and higher, the designated value will be ignored. Line number : 4469 File name : D:\vishal all data\OLD DATA\2025\Rajib Sir\LATEST VIETNAM\TechGration\TechGration\CYMEUPLOAD\PHDIEN-473\CymeTextFile\Network.txt
Code : 230177 [Import Export]   Warning : Keyword 'OverlapAngle' is only available in version 810.000000 and higher, the designated value will be ignored. Line number : 4469 File name : D:\vishal all data\OLD DATA\2025\Rajib Sir\LATEST VIETNAM\TechGration\TechGration\CYMEUPLOAD\PHDIEN-473\CymeTextFile\Network.txt
Code : 230177 [Import Export]   Warning : Keyword 'SourceHarmonicModelType' is only available in version 810.000000 and higher, the designated value will be ignored. Line number : 4472 File name : D:\vishal all data\OLD DATA\2025\Rajib Sir\LATEST VIETNAM\TechGration\TechGration\CYMEUPLOAD\PHDIEN-473\CymeTextFile\Network.txt
Code : 230177 [Import Export]   Warning : Keyword 'PulseNumber' is only available in version 810.000000 and higher, the designated value will be ignored. Line number : 4472 File name : D:\vishal all data\OLD DATA\2025\Rajib Sir\LATEST VIETNAM\TechGration\TechGration\CYMEUPLOAD\PHDIEN-473\CymeTextFile\Network.txt
Code : 230177 [Import Export]   Warning : Keyword 'FiringAngle' is only available in version 810.000000 and higher, the designated value will be ignored. Line number : 4472 File name : D:\vishal all data\OLD DATA\2025\Rajib Sir\LATEST VIETNAM\TechGration\TechGration\CYMEUPLOAD\PHDIEN-473\CymeTextFile\Network.txt
Code : 230177 [Import Export]   Warning : Keyword 'OverlapAngle' is only available in version 810.000000 and higher, the designated value will be ignored. Line number : 4472 File name : D:\vishal all data\OLD DATA\2025\Rajib Sir\LATEST VIETNAM\TechGration\TechGration\CYMEUPLOAD\PHDIEN-473\CymeTextFile\Network.txt
Code : 230177 [Import Export]   Warning : Keyword 'ConnectionConfiguration' is only available in version 820.000000 and higher, the designated value will be ignored. Line number : 4472 File name : D:\vishal all data\OLD DATA\2025\Rajib Sir\LATEST VIETNAM\TechGration\TechGration\CYMEUPLOAD\PHDIEN-473\CymeTextFile\Network.txt
Code : 230050 [Import Export]   Warning : Found gaps in the sequence numbers for intermediate nodes concerning the Section ID : 'BB_11472'. File name : D:\vishal all data\OLD DATA\2025\Rajib Sir\LATEST VIETNAM\TechGration\TechGration\CYMEUPLOAD\PHDIEN-473\CymeTextFile\Network.txt
Code : 230050 [Import Export]   Warning : Found gaps in the sequence numbers for intermediate nodes concerning the Section ID : 'BB_5524'. File name : D:\vishal all data\OLD DATA\2025\Rajib Sir\LATEST VIETNAM\TechGration\TechGration\CYMEUPLOAD\PHDIEN-473\CymeTextFile\Network.txt
Code : 230050 [Import Export]   Warning : Found gaps in the sequence numbers for intermediate nodes concerning the Section ID : 'BB_5885'. File name : D:\vishal all data\OLD DATA\2025\Rajib Sir\LATEST VIETNAM\TechGration\TechGration\CYMEUPLOAD\PHDIEN-473\CymeTextFile\Network.txt
Code : 230050 [Import Export]   Warning : Found gaps in the sequence numbers for intermediate nodes concerning the Section ID : 'CA_10658'. File name : D:\vishal all data\OLD DATA\2025\Rajib Sir\LATEST VIETNAM\TechGration\TechGration\CYMEUPLOAD\PHDIEN-473\CymeTextFile\Network.txt
Code : 230050 [Import Export]   Warning : Found gaps in the sequence numbers for intermediate nodes concerning the Section ID : 'CA_4856'. File name : D:\vishal all data\OLD DATA\2025\Rajib Sir\LATEST VIETNAM\TechGration\TechGration\CYMEUPLOAD\PHDIEN-473\CymeTextFile\Network.txt
Code : 230050 [Import Export]   Warning : Found gaps in the sequence numbers for intermediate nodes concerning the Section ID : 'CA_4857'. File name : D:\vishal all data\OLD DATA\2025\Rajib Sir\LATEST VIETNAM\TechGration\TechGration\CYMEUPLOAD\PHDIEN-473\CymeTextFile\Network.txt
Code : 230050 [Import Export]   Warning : Found gaps in the sequence numbers for intermediate nodes concerning the Section ID : 'CA_5434'. File name : D:\vishal all data\OLD DATA\2025\Rajib Sir\LATEST VIETNAM\TechGration\TechGration\CYMEUPLOAD\PHDIEN-473\CymeTextFile\Network.txt
Code : 230050 [Import Export]   Warning : Found gaps in the sequence numbers for intermediate nodes concerning the Section ID : 'CA_5440'. File name : D:\vishal all data\OLD DATA\2025\Rajib Sir\LATEST VIETNAM\TechGration\TechGration\CYMEUPLOAD\PHDIEN-473\CymeTextFile\Network.txt
Code : 230050 [Import Export]   Warning : Found gaps in the sequence numbers for intermediate nodes concerning the Section ID : 'CA_5507'. File name : D:\vishal all data\OLD DATA\2025\Rajib Sir\LATEST VIETNAM\TechGration\TechGration\CYMEUPLOAD\PHDIEN-473\CymeTextFile\Network.txt
Code : 230050 [Import Export]   Warning : Found gaps in the sequence numbers for intermediate nodes concerning the Section ID : 'CA_5596'. File name : D:\vishal all data\OLD DATA\2025\Rajib Sir\LATEST VIETNAM\TechGration\TechGration\CYMEUPLOAD\PHDIEN-473\CymeTextFile\Network.txt
Code : 230050 [Import Export]   Warning : Found gaps in the sequence numbers for intermediate nodes concerning the Section ID : 'OH_10352'. File name : D:\vishal all data\OLD DATA\2025\Rajib Sir\LATEST VIETNAM\TechGration\TechGration\CYMEUPLOAD\PHDIEN-473\CymeTextFile\Network.txt
Code : 230050 [Import Export]   Warning : Found gaps in the sequence numbers for intermediate nodes concerning the Section ID : 'OH_10377'. File name : D:\vishal all data\OLD DATA\2025\Rajib Sir\LATEST VIETNAM\TechGration\TechGration\CYMEUPLOAD\PHDIEN-473\CymeTextFile\Network.txt
Code : 230050 [Import Export]   Warning : Found gaps in the sequence numbers for intermediate nodes concerning the Section ID : 'OH_10392'. File name : D:\vishal all data\OLD DATA\2025\Rajib Sir\LATEST VIETNAM\TechGration\TechGration\CYMEUPLOAD\PHDIEN-473\CymeTextFile\Network.txt
Code : 230050 [Import Export]   Warning : Found gaps in the sequence numbers for intermediate nodes concerning the Section ID : 'OH_10393'. File name : D:\vishal all data\OLD DATA\2025\Rajib Sir\LATEST VIETNAM\TechGration\TechGration\CYMEUPLOAD\PHDIEN-473\CymeTextFile\Network.txt
Code : 230050 [Import Export]   Warning : Found gaps in the sequence numbers for intermediate nodes concerning the Section ID : 'OH_10394'. File name : D:\vishal all data\OLD DATA\2025\Rajib Sir\LATEST VIETNAM\TechGration\TechGration\CYMEUPLOAD\PHDIEN-473\CymeTextFile\Network.txt
Code : 230050 [Import Export]   Warning : Found gaps in the sequence numbers for intermediate nodes concerning the Section ID : 'OH_10395'. File name : D:\vishal all data\OLD DATA\2025\Rajib Sir\LATEST VIETNAM\TechGration\TechGration\CYMEUPLOAD\PHDIEN-473\CymeTextFile\Network.txt
Code : 230050 [Import Export]   Warning : Found gaps in the sequence numbers for intermediate nodes concerning the Section ID : 'OH_10396'. File name : D:\vishal all data\OLD DATA\2025\Rajib Sir\LATEST VIETNAM\TechGration\TechGration\CYMEUPLOAD\PHDIEN-473\CymeTextFile\Network.txt
Code : 230050 [Import Export]   Warning : Found gaps in the sequence numbers for intermediate nodes concerning the Section ID : 'OH_10411'. File name : D:\vishal all data\OLD DATA\2025\Rajib Sir\LATEST VIETNAM\TechGration\TechGration\CYMEUPLOAD\PHDIEN-473\CymeTextFile\Network.txt
Code : 230050 [Import Export]   Warning : Found gaps in the sequence numbers for intermediate nodes concerning the Section ID : 'OH_10433'. File name : D:\vishal all data\OLD DATA\2025\Rajib Sir\LATEST VIETNAM\TechGration\TechGration\CYMEUPLOAD\PHDIEN-473\CymeTextFile\Network.txt
Code : 230050 [Import Export]   Warning : Found gaps in the sequence numbers for intermediate nodes concerning the Section ID : 'OH_10435'. File name : D:\vishal all data\OLD DATA\2025\Rajib Sir\LATEST VIETNAM\TechGration\TechGration\CYMEUPLOAD\PHDIEN-473\CymeTextFile\Network.txt
Code : 230050 [Import Export]   Warning : Found gaps in the sequence numbers for intermediate nodes concerning the Section ID : 'OH_10436'. File name : D:\vishal all data\OLD DATA\2025\Rajib Sir\LATEST VIETNAM\TechGration\TechGration\CYMEUPLOAD\PHDIEN-473\CymeTextFile\Network.txt
Code : 230050 [Import Export]   Warning : Found gaps in the sequence numbers for intermediate nodes concerning the Section ID : 'OH_10437'. File name : D:\vishal all data\OLD DATA\2025\Rajib Sir\LATEST VIETNAM\TechGration\TechGration\CYMEUPLOAD\PHDIEN-473\CymeTextFile\Network.txt
Code : 230050 [Import Export]   Warning : Found gaps in the sequence numbers for intermediate nodes concerning the Section ID : 'OH_10438'. File name : D:\vishal all data\OLD DATA\2025\Rajib Sir\LATEST VIETNAM\TechGration\TechGration\CYMEUPLOAD\PHDIEN-473\CymeTextFile\Network.txt
Code : 230050 [Import Export]   Warning : Found gaps in the sequence numbers for intermediate nodes concerning the Section ID : 'OH_10439'. File name : D:\vishal all data\OLD DATA\2025\Rajib Sir\LATEST VIETNAM\TechGration\TechGration\CYMEUPLOAD\PHDIEN-473\CymeTextFile\Network.txt
Code : 230050 [Import Export]   Warning : Found gaps in the sequence numbers for intermediate nodes concerning the Section ID : 'OH_10440'. File name : D:\vishal all data\OLD DATA\2025\Rajib Sir\LATEST VIETNAM\TechGration\TechGration\CYMEUPLOAD\PHDIEN-473\CymeTextFile\Network.txt
Code : 230050 [Import Export]   Warning : Found gaps in the sequence numbers for intermediate nodes concerning the Section ID : 'OH_10441'. File name : D:\vishal all data\OLD DATA\2025\Rajib Sir\LATEST VIETNAM\TechGration\TechGration\CYMEUPLOAD\PHDIEN-473\CymeTextFile\Network.txt
Code : 230050 [Import Export]   Warning : Found gaps in the sequence numbers for intermediate nodes concerning the Section ID : 'OH_10442'. File name : D:\vishal all data\OLD DATA\2025\Rajib Sir\LATEST VIETNAM\TechGration\TechGration\CYMEUPLOAD\PHDIEN-473\CymeTextFile\Network.txt
Code : 230050 [Import Export]   Warning : Found gaps in the sequence numbers for intermediate nodes concerning the Section ID : 'OH_10443'. File name : D:\vishal all data\OLD DATA\2025\Rajib Sir\LATEST VIETNAM\TechGration\TechGration\CYMEUPLOAD\PHDIEN-473\CymeTextFile\Network.txt
Code : 230050 [Import Export]   Warning : Found gaps in the sequence numbers for intermediate nodes concerning the Section ID : 'OH_10444'. File name : D:\vishal all data\OLD DATA\2025\Rajib Sir\LATEST VIETNAM\TechGration\TechGration\CYMEUPLOAD\PHDIEN-473\CymeTextFile\Network.txt
Code : 230050 [Import Export]   Warning : Found gaps in the sequence numbers for intermediate nodes concerning the Section ID : 'OH_10445'. File name : D:\vishal all data\OLD DATA\2025\Rajib Sir\LATEST VIETNAM\TechGration\TechGration\CYMEUPLOAD\PHDIEN-473\CymeTextFile\Network.txt
Code : 230050 [Import Export]   Warning : Found gaps in the sequence numbers for intermediate nodes concerning the Section ID : 'OH_10447'. File name : D:\vishal all data\OLD DATA\2025\Rajib Sir\LATEST VIETNAM\TechGration\TechGration\CYMEUPLOAD\PHDIEN-473\CymeTextFile\Network.txt
Code : 230050 [Import Export]   Warning : Found gaps in the sequence numbers for intermediate nodes concerning the Section ID : 'OH_10448'. File name : D:\vishal all data\OLD DATA\2025\Rajib Sir\LATEST VIETNAM\TechGration\TechGration\CYMEUPLOAD\PHDIEN-473\CymeTextFile\Network.txt
Code : 230050 [Import Export]   Warning : Found gaps in the sequence numbers for intermediate nodes concerning the Section ID : 'OH_10449'. File name : D:\vishal all data\OLD DATA\2025\Rajib Sir\LATEST VIETNAM\TechGration\TechGration\CYMEUPLOAD\PHDIEN-473\CymeTextFile\Network.txt
Code : 230050 [Import Export]   Warning : Found gaps in the sequence numbers for intermediate nodes concerning the Section ID : 'OH_10450'. File name : D:\vishal all data\OLD DATA\2025\Rajib Sir\LATEST VIETNAM\TechGration\TechGration\CYMEUPLOAD\PHDIEN-473\CymeTextFile\Network.txt
Code : 230050 [Import Export]   Warning : Found gaps in the sequence numbers for intermediate nodes concerning the Section ID : 'OH_10626'. File name : D:\vishal all data\OLD DATA\2025\Rajib Sir\LATEST VIETNAM\TechGration\TechGration\CYMEUPLOAD\PHDIEN-473\CymeTextFile\Network.txt
Code : 230050 [Import Export]   Warning : Found gaps in the sequence numbers for intermediate nodes concerning the Section ID : 'OH_10627'. File name : D:\vishal all data\OLD DATA\2025\Rajib Sir\LATEST VIETNAM\TechGration\TechGration\CYMEUPLOAD\PHDIEN-473\CymeTextFile\Network.txt
Code : 230050 [Import Export]   Warning : Found gaps in the sequence numbers for intermediate nodes concerning the Section ID : 'OH_10628'. File name : D:\vishal all data\OLD DATA\2025\Rajib Sir\LATEST VIETNAM\TechGration\TechGration\CYMEUPLOAD\PHDIEN-473\CymeTextFile\Network.txt
Code : 230050 [Import Export]   Warning : Found gaps in the sequence numbers for intermediate nodes concerning the Section ID : 'OH_10629'. File name : D:\vishal all data\OLD DATA\2025\Rajib Sir\LATEST VIETNAM\TechGration\TechGration\CYMEUPLOAD\PHDIEN-473\CymeTextFile\Network.txt
Code : 230050 [Import Export]   Warning : Found gaps in the sequence numbers for intermediate nodes concerning the Section ID : 'OH_10631'. File name : D:\vishal all data\OLD DATA\2025\Rajib Sir\LATEST VIETNAM\TechGration\TechGration\CYMEUPLOAD\PHDIEN-473\CymeTextFile\Network.txt
Code : 230050 [Import Export]   Warning : Found gaps in the sequence numbers for intermediate nodes concerning the Section ID : 'OH_10632'. File name : D:\vishal all data\OLD DATA\2025\Rajib Sir\LATEST VIETNAM\TechGration\TechGration\CYMEUPLOAD\PHDIEN-473\CymeTextFile\Network.txt
Code : 230050 [Import Export]   Warning : Found gaps in the sequence numbers for intermediate nodes concerning the Section ID : 'OH_10633'. File name : D:\vishal all data\OLD DATA\2025\Rajib Sir\LATEST VIETNAM\TechGration\TechGration\CYMEUPLOAD\PHDIEN-473\CymeTextFile\Network.txt
Code : 230050 [Import Export]   Warning : Found gaps in the sequence numbers for intermediate nodes concerning the Section ID : 'OH_10634'. File name : D:\vishal all data\OLD DATA\2025\Rajib Sir\LATEST VIETNAM\TechGration\TechGration\CYMEUPLOAD\PHDIEN-473\CymeTextFile\Network.txt
Code : 230050 [Import Export]   Warning : Found gaps in the sequence numbers for intermediate nodes concerning the Section ID : 'OH_10635'. File name : D:\vishal all data\OLD DATA\2025\Rajib Sir\LATEST VIETNAM\TechGration\TechGration\CYMEUPLOAD\PHDIEN-473\CymeTextFile\Network.txt
Code : 230050 [Import Export]   Warning : Found gaps in the sequence numbers for intermediate nodes concerning the Section ID : 'OH_10637'. File name : D:\vishal all data\OLD DATA\2025\Rajib Sir\LATEST VIETNAM\TechGration\TechGration\CYMEUPLOAD\PHDIEN-473\CymeTextFile\Network.txt
Code : 230050 [Import Export]   Warning : Found gaps in the sequence numbers for intermediate nodes concerning the Section ID : 'OH_10638'. File name : D:\vishal all data\OLD DATA\2025\Rajib Sir\LATEST VIETNAM\TechGration\TechGration\CYMEUPLOAD\PHDIEN-473\CymeTextFile\Network.txt
Code : 230050 [Import Export]   Warning : Found gaps in the sequence numbers for intermediate nodes concerning the Section ID : 'OH_10639'. File name : D:\vishal all data\OLD DATA\2025\Rajib Sir\LATEST VIETNAM\TechGration\TechGration\CYMEUPLOAD\PHDIEN-473\CymeTextFile\Network.txt
Code : 230050 [Import Export]   Warning : Found gaps in the sequence numbers for intermediate nodes concerning the Section ID : 'OH_10640'. File name : D:\vishal all data\OLD DATA\2025\Rajib Sir\LATEST VIETNAM\TechGration\TechGration\CYMEUPLOAD\PHDIEN-473\CymeTextFile\Network.txt
Code : 230050 [Import Export]   Warning : Found gaps in the sequence numbers for intermediate nodes concerning the Section ID : 'OH_10641'. File name : D:\vishal all data\OLD DATA\2025\Rajib Sir\LATEST VIETNAM\TechGration\TechGration\CYMEUPLOAD\PHDIEN-473\CymeTextFile\Network.txt
Code : 230050 [Import Export]   Warning : Found gaps in the sequence numbers for intermediate nodes concerning the Section ID : 'OH_10642'. File name : D:\vishal all data\OLD DATA\2025\Rajib Sir\LATEST VIETNAM\TechGration\TechGration\CYMEUPLOAD\PHDIEN-473\CymeTextFile\Network.txt
Code : 230050 [Import Export]   Warning : Found gaps in the sequence numbers for intermediate nodes concerning the Section ID : 'OH_10643'. File name : D:\vishal all data\OLD DATA\2025\Rajib Sir\LATEST VIETNAM\TechGration\TechGration\CYMEUPLOAD\PHDIEN-473\CymeTextFile\Network.txt
Code : 230050 [Import Export]   Warning : Found gaps in the sequence numbers for intermediate nodes concerning the Section ID : 'OH_10644'. File name : D:\vishal all data\OLD DATA\2025\Rajib Sir\LATEST VIETNAM\TechGration\TechGration\CYMEUPLOAD\PHDIEN-473\CymeTextFile\Network.txt
Code : 230050 [Import Export]   Warning : Found gaps in the sequence numbers for intermediate nodes concerning the Section ID : 'OH_11387'. File name : D:\vishal all data\OLD DATA\2025\Rajib Sir\LATEST VIETNAM\TechGration\TechGration\CYMEUPLOAD\PHDIEN-473\CymeTextFile\Network.txt
Code : 230050 [Import Export]   Warning : Found gaps in the sequence numbers for intermediate nodes concerning the Section ID : 'OH_11388'. File name : D:\vishal all data\OLD DATA\2025\Rajib Sir\LATEST VIETNAM\TechGration\TechGration\CYMEUPLOAD\PHDIEN-473\CymeTextFile\Network.txt
Code : 230050 [Import Export]   Warning : Found gaps in the sequence numbers for intermediate nodes concerning the Section ID : 'OH_11389'. File name : D:\vishal all data\OLD DATA\2025\Rajib Sir\LATEST VIETNAM\TechGration\TechGration\CYMEUPLOAD\PHDIEN-473\CymeTextFile\Network.txt
Code : 230050 [Import Export]   Warning : Found gaps in the sequence numbers for intermediate nodes concerning the Section ID : 'OH_11391'. File name : D:\vishal all data\OLD DATA\2025\Rajib Sir\LATEST VIETNAM\TechGration\TechGration\CYMEUPLOAD\PHDIEN-473\CymeTextFile\Network.txt
Code : 230050 [Import Export]   Warning : Found gaps in the sequence numbers for intermediate nodes concerning the Section ID : 'OH_11474'. File name : D:\vishal all data\OLD DATA\2025\Rajib Sir\LATEST VIETNAM\TechGration\TechGration\CYMEUPLOAD\PHDIEN-473\CymeTextFile\Network.txt
Code : 230050 [Import Export]   Warning : Found gaps in the sequence numbers for intermediate nodes concerning the Section ID : 'OH_11508'. File name : D:\vishal all data\OLD DATA\2025\Rajib Sir\LATEST VIETNAM\TechGration\TechGration\CYMEUPLOAD\PHDIEN-473\CymeTextFile\Network.txt
Code : 230050 [Import Export]   Warning : Found gaps in the sequence numbers for intermediate nodes concerning the Section ID : 'OH_11515'. File name : D:\vishal all data\OLD DATA\2025\Rajib Sir\LATEST VIETNAM\TechGration\TechGration\CYMEUPLOAD\PHDIEN-473\CymeTextFile\Network.txt
Code : 230050 [Import Export]   Warning : Found gaps in the sequence numbers for intermediate nodes concerning the Section ID : 'OH_11544'. File name : D:\vishal all data\OLD DATA\2025\Rajib Sir\LATEST VIETNAM\TechGration\TechGration\CYMEUPLOAD\PHDIEN-473\CymeTextFile\Network.txt
Code : 230050 [Import Export]   Warning : Found gaps in the sequence numbers for intermediate nodes concerning the Section ID : 'OH_11547'. File name : D:\vishal all data\OLD DATA\2025\Rajib Sir\LATEST VIETNAM\TechGration\TechGration\CYMEUPLOAD\PHDIEN-473\CymeTextFile\Network.txt
Code : 230050 [Import Export]   Warning : Found gaps in the sequence numbers for intermediate nodes concerning the Section ID : 'OH_11554'. File name : D:\vishal all data\OLD DATA\2025\Rajib Sir\LATEST VIETNAM\TechGration\TechGration\CYMEUPLOAD\PHDIEN-473\CymeTextFile\Network.txt
Code : 230050 [Import Export]   Warning : Found gaps in the sequence numbers for intermediate nodes concerning the Section ID : 'OH_11565'. File name : D:\vishal all data\OLD DATA\2025\Rajib Sir\LATEST VIETNAM\TechGration\TechGration\CYMEUPLOAD\PHDIEN-473\CymeTextFile\Network.txt
Code : 230050 [Import Export]   Warning : Found gaps in the sequence numbers for intermediate nodes concerning the Section ID : 'OH_11572'. File name : D:\vishal all data\OLD DATA\2025\Rajib Sir\LATEST VIETNAM\TechGration\TechGration\CYMEUPLOAD\PHDIEN-473\CymeTextFile\Network.txt
Code : 230050 [Import Export]   Warning : Found gaps in the sequence numbers for intermediate nodes concerning the Section ID : 'OH_11585'. File name : D:\vishal all data\OLD DATA\2025\Rajib Sir\LATEST VIETNAM\TechGration\TechGration\CYMEUPLOAD\PHDIEN-473\CymeTextFile\Network.txt
Code : 230050 [Import Export]   Warning : Found gaps in the sequence numbers for intermediate nodes concerning the Section ID : 'OH_11609'. File name : D:\vishal all data\OLD DATA\2025\Rajib Sir\LATEST VIETNAM\TechGration\TechGration\CYMEUPLOAD\PHDIEN-473\CymeTextFile\Network.txt
Code : 230050 [Import Export]   Warning : Found gaps in the sequence numbers for intermediate nodes concerning the Section ID : 'OH_11619'. File name : D:\vishal all data\OLD DATA\2025\Rajib Sir\LATEST VIETNAM\TechGration\TechGration\CYMEUPLOAD\PHDIEN-473\CymeTextFile\Network.txt
Code : 230050 [Import Export]   Warning : Found gaps in the sequence numbers for intermediate nodes concerning the Section ID : 'OH_4653'. File name : D:\vishal all data\OLD DATA\2025\Rajib Sir\LATEST VIETNAM\TechGration\TechGration\CYMEUPLOAD\PHDIEN-473\CymeTextFile\Network.txt
Code : 230050 [Import Export]   Warning : Found gaps in the sequence numbers for intermediate nodes concerning the Section ID : 'OH_4659'. File name : D:\vishal all data\OLD DATA\2025\Rajib Sir\LATEST VIETNAM\TechGration\TechGration\CYMEUPLOAD\PHDIEN-473\CymeTextFile\Network.txt
Code : 230050 [Import Export]   Warning : Found gaps in the sequence numbers for intermediate nodes concerning the Section ID : 'OH_4662'. File name : D:\vishal all data\OLD DATA\2025\Rajib Sir\LATEST VIETNAM\TechGration\TechGration\CYMEUPLOAD\PHDIEN-473\CymeTextFile\Network.txt
Code : 230050 [Import Export]   Warning : Found gaps in the sequence numbers for intermediate nodes concerning the Section ID : 'OH_4663'. File name : D:\vishal all data\OLD DATA\2025\Rajib Sir\LATEST VIETNAM\TechGration\TechGration\CYMEUPLOAD\PHDIEN-473\CymeTextFile\Network.txt
Code : 230050 [Import Export]   Warning : Found gaps in the sequence numbers for intermediate nodes concerning the Section ID : 'OH_4669'. File name : D:\vishal all data\OLD DATA\2025\Rajib Sir\LATEST VIETNAM\TechGration\TechGration\CYMEUPLOAD\PHDIEN-473\CymeTextFile\Network.txt
Code : 230050 [Import Export]   Warning : Found gaps in the sequence numbers for intermediate nodes concerning the Section ID : 'OH_4674'. File name : D:\vishal all data\OLD DATA\2025\Rajib Sir\LATEST VIETNAM\TechGration\TechGration\CYMEUPLOAD\PHDIEN-473\CymeTextFile\Network.txt
Code : 230050 [Import Export]   Warning : Found gaps in the sequence numbers for intermediate nodes concerning the Section ID : 'OH_4676'. File name : D:\vishal all data\OLD DATA\2025\Rajib Sir\LATEST VIETNAM\TechGration\TechGration\CYMEUPLOAD\PHDIEN-473\CymeTextFile\Network.txt
Code : 230050 [Import Export]   Warning : Found gaps in the sequence numbers for intermediate nodes concerning the Section ID : 'OH_4678'. File name : D:\vishal all data\OLD DATA\2025\Rajib Sir\LATEST VIETNAM\TechGration\TechGration\CYMEUPLOAD\PHDIEN-473\CymeTextFile\Network.txt
Code : 230050 [Import Export]   Warning : Found gaps in the sequence numbers for intermediate nodes concerning the Section ID : 'OH_4683'. File name : D:\vishal all data\OLD DATA\2025\Rajib Sir\LATEST VIETNAM\TechGration\TechGration\CYMEUPLOAD\PHDIEN-473\CymeTextFile\Network.txt
Code : 230050 [Import Export]   Warning : Found gaps in the sequence numbers for intermediate nodes concerning the Section ID : 'OH_4684'. File name : D:\vishal all data\OLD DATA\2025\Rajib Sir\LATEST VIETNAM\TechGration\TechGration\CYMEUPLOAD\PHDIEN-473\CymeTextFile\Network.txt
Code : 230050 [Import Export]   Warning : Found gaps in the sequence numbers for intermediate nodes concerning the Section ID : 'OH_4693'. File name : D:\vishal all data\OLD DATA\2025\Rajib Sir\LATEST VIETNAM\TechGration\TechGration\CYMEUPLOAD\PHDIEN-473\CymeTextFile\Network.txt
Code : 230050 [Import Export]   Warning : Found gaps in the sequence numbers for intermediate nodes concerning the Section ID : 'OH_4700'. File name : D:\vishal all data\OLD DATA\2025\Rajib Sir\LATEST VIETNAM\TechGration\TechGration\CYMEUPLOAD\PHDIEN-473\CymeTextFile\Network.txt
Code : 230050 [Import Export]   Warning : Found gaps in the sequence numbers for intermediate nodes concerning the Section ID : 'OH_4701'. File name : D:\vishal all data\OLD DATA\2025\Rajib Sir\LATEST VIETNAM\TechGration\TechGration\CYMEUPLOAD\PHDIEN-473\CymeTextFile\Network.txt
Code : 230050 [Import Export]   Warning : Found gaps in the sequence numbers for intermediate nodes concerning the Section ID : 'OH_4708'. File name : D:\vishal all data\OLD DATA\2025\Rajib Sir\LATEST VIETNAM\TechGration\TechGration\CYMEUPLOAD\PHDIEN-473\CymeTextFile\Network.txt
Code : 230050 [Import Export]   Warning : Found gaps in the sequence numbers for intermediate nodes concerning the Section ID : 'OH_4711'. File name : D:\vishal all data\OLD DATA\2025\Rajib Sir\LATEST VIETNAM\TechGration\TechGration\CYMEUPLOAD\PHDIEN-473\CymeTextFile\Network.txt
Code : 230050 [Import Export]   Warning : Found gaps in the sequence numbers for intermediate nodes concerning the Section ID : 'OH_4730'. File name : D:\vishal all data\OLD DATA\2025\Rajib Sir\LATEST VIETNAM\TechGration\TechGration\CYMEUPLOAD\PHDIEN-473\CymeTextFile\Network.txt
Code : 230050 [Import Export]   Warning : Found gaps in the sequence numbers for intermediate nodes concerning the Section ID : 'OH_4761'. File name : D:\vishal all data\OLD DATA\2025\Rajib Sir\LATEST VIETNAM\TechGration\TechGration\CYMEUPLOAD\PHDIEN-473\CymeTextFile\Network.txt
Code : 230050 [Import Export]   Warning : Found gaps in the sequence numbers for intermediate nodes concerning the Section ID : 'OH_4762'. File name : D:\vishal all data\OLD DATA\2025\Rajib Sir\LATEST VIETNAM\TechGration\TechGration\CYMEUPLOAD\PHDIEN-473\CymeTextFile\Network.txt
Code : 230050 [Import Export]   Warning : Found gaps in the sequence numbers for intermediate nodes concerning the Section ID : 'OH_4767'. File name : D:\vishal all data\OLD DATA\2025\Rajib Sir\LATEST VIETNAM\TechGration\TechGration\CYMEUPLOAD\PHDIEN-473\CymeTextFile\Network.txt
Code : 230050 [Import Export]   Warning : Found gaps in the sequence numbers for intermediate nodes concerning the Section ID : 'OH_4768'. File name : D:\vishal all data\OLD DATA\2025\Rajib Sir\LATEST VIETNAM\TechGration\TechGration\CYMEUPLOAD\PHDIEN-473\CymeTextFile\Network.txt
Code : 230050 [Import Export]   Warning : Found gaps in the sequence numbers for intermediate nodes concerning the Section ID : 'OH_4769'. File name : D:\vishal all data\OLD DATA\2025\Rajib Sir\LATEST VIETNAM\TechGration\TechGration\CYMEUPLOAD\PHDIEN-473\CymeTextFile\Network.txt
Code : 230050 [Import Export]   Warning : Found gaps in the sequence numbers for intermediate nodes concerning the Section ID : 'OH_4770'. File name : D:\vishal all data\OLD DATA\2025\Rajib Sir\LATEST VIETNAM\TechGration\TechGration\CYMEUPLOAD\PHDIEN-473\CymeTextFile\Network.txt
Code : 230050 [Import Export]   Warning : Found gaps in the sequence numbers for intermediate nodes concerning the Section ID : 'OH_4771'. File name : D:\vishal all data\OLD DATA\2025\Rajib Sir\LATEST VIETNAM\TechGration\TechGration\CYMEUPLOAD\PHDIEN-473\CymeTextFile\Network.txt
Code : 230050 [Import Export]   Warning : Found gaps in the sequence numbers for intermediate nodes concerning the Section ID : 'OH_4772'. File name : D:\vishal all data\OLD DATA\2025\Rajib Sir\LATEST VIETNAM\TechGration\TechGration\CYMEUPLOAD\PHDIEN-473\CymeTextFile\Network.txt
Code : 230050 [Import Export]   Warning : Found gaps in the sequence numbers for intermediate nodes concerning the Section ID : 'OH_4773'. File name : D:\vishal all data\OLD DATA\2025\Rajib Sir\LATEST VIETNAM\TechGration\TechGration\CYMEUPLOAD\PHDIEN-473\CymeTextFile\Network.txt
Code : 230050 [Import Export]   Warning : Found gaps in the sequence numbers for intermediate nodes concerning the Section ID : 'OH_4775'. File name : D:\vishal all data\OLD DATA\2025\Rajib Sir\LATEST VIETNAM\TechGration\TechGration\CYMEUPLOAD\PHDIEN-473\CymeTextFile\Network.txt
Code : 230050 [Import Export]   Warning : Found gaps in the sequence numbers for intermediate nodes concerning the Section ID : 'OH_4776'. File name : D:\vishal all data\OLD DATA\2025\Rajib Sir\LATEST VIETNAM\TechGration\TechGration\CYMEUPLOAD\PHDIEN-473\CymeTextFile\Network.txt
Code : 230050 [Import Export]   Warning : Found gaps in the sequence numbers for intermediate nodes concerning the Section ID : 'OH_4777'. File name : D:\vishal all data\OLD DATA\2025\Rajib Sir\LATEST VIETNAM\TechGration\TechGration\CYMEUPLOAD\PHDIEN-473\CymeTextFile\Network.txt
Code : 230050 [Import Export]   Warning : Found gaps in the sequence numbers for intermediate nodes concerning the Section ID : 'OH_4778'. File name : D:\vishal all data\OLD DATA\2025\Rajib Sir\LATEST VIETNAM\TechGration\TechGration\CYMEUPLOAD\PHDIEN-473\CymeTextFile\Network.txt
Code : 230050 [Import Export]   Warning : Found gaps in the sequence numbers for intermediate nodes concerning the Section ID : 'OH_4779'. File name : D:\vishal all data\OLD DATA\2025\Rajib Sir\LATEST VIETNAM\TechGration\TechGration\CYMEUPLOAD\PHDIEN-473\CymeTextFile\Network.txt
Code : 230050 [Import Export]   Warning : Found gaps in the sequence numbers for intermediate nodes concerning the Section ID : 'OH_4781'. File name : D:\vishal all data\OLD DATA\2025\Rajib Sir\LATEST VIETNAM\TechGration\TechGration\CYMEUPLOAD\PHDIEN-473\CymeTextFile\Network.txt
Code : 230050 [Import Export]   Warning : Found gaps in the sequence numbers for intermediate nodes concerning the Section ID : 'OH_4782'. File name : D:\vishal all data\OLD DATA\2025\Rajib Sir\LATEST VIETNAM\TechGration\TechGration\CYMEUPLOAD\PHDIEN-473\CymeTextFile\Network.txt
Code : 230050 [Import Export]   Warning : Found gaps in the sequence numbers for intermediate nodes concerning the Section ID : 'OH_4783'. File name : D:\vishal all data\OLD DATA\2025\Rajib Sir\LATEST VIETNAM\TechGration\TechGration\CYMEUPLOAD\PHDIEN-473\CymeTextFile\Network.txt
Code : 230050 [Import Export]   Warning : Found gaps in the sequence numbers for intermediate nodes concerning the Section ID : 'OH_4784'. File name : D:\vishal all data\OLD DATA\2025\Rajib Sir\LATEST VIETNAM\TechGration\TechGration\CYMEUPLOAD\PHDIEN-473\CymeTextFile\Network.txt
Code : 230050 [Import Export]   Warning : Found gaps in the sequence numbers for intermediate nodes concerning the Section ID : 'OH_4785'. File name : D:\vishal all data\OLD DATA\2025\Rajib Sir\LATEST VIETNAM\TechGration\TechGration\CYMEUPLOAD\PHDIEN-473\CymeTextFile\Network.txt
Code : 230050 [Import Export]   Warning : Found gaps in the sequence numbers for intermediate nodes concerning the Section ID : 'OH_4786'. File name : D:\vishal all data\OLD DATA\2025\Rajib Sir\LATEST VIETNAM\TechGration\TechGration\CYMEUPLOAD\PHDIEN-473\CymeTextFile\Network.txt
Code : 230050 [Import Export]   Warning : Found gaps in the sequence numbers for intermediate nodes concerning the Section ID : 'OH_4788'. File name : D:\vishal all data\OLD DATA\2025\Rajib Sir\LATEST VIETNAM\TechGration\TechGration\CYMEUPLOAD\PHDIEN-473\CymeTextFile\Network.txt
Code : 230050 [Import Export]   Warning : Found gaps in the sequence numbers for intermediate nodes concerning the Section ID : 'OH_4789'. File name : D:\vishal all data\OLD DATA\2025\Rajib Sir\LATEST VIETNAM\TechGration\TechGration\CYMEUPLOAD\PHDIEN-473\CymeTextFile\Network.txt
Code : 230050 [Import Export]   Warning : Found gaps in the sequence numbers for intermediate nodes concerning the Section ID : 'OH_4790'. File name : D:\vishal all data\OLD DATA\2025\Rajib Sir\LATEST VIETNAM\TechGration\TechGration\CYMEUPLOAD\PHDIEN-473\CymeTextFile\Network.txt
Code : 230050 [Import Export]   Warning : Found gaps in the sequence numbers for intermediate nodes concerning the Section ID : 'OH_4791'. File name : D:\vishal all data\OLD DATA\2025\Rajib Sir\LATEST VIETNAM\TechGration\TechGration\CYMEUPLOAD\PHDIEN-473\CymeTextFile\Network.txt
Code : 230050 [Import Export]   Warning : Found gaps in the sequence numbers for intermediate nodes concerning the Section ID : 'OH_4792'. File name : D:\vishal all data\OLD DATA\2025\Rajib Sir\LATEST VIETNAM\TechGration\TechGration\CYMEUPLOAD\PHDIEN-473\CymeTextFile\Network.txt
Code : 230050 [Import Export]   Warning : Found gaps in the sequence numbers for intermediate nodes concerning the Section ID : 'OH_4793'. File name : D:\vishal all data\OLD DATA\2025\Rajib Sir\LATEST VIETNAM\TechGration\TechGration\CYMEUPLOAD\PHDIEN-473\CymeTextFile\Network.txt
Code : 230050 [Import Export]   Warning : Found gaps in the sequence numbers for intermediate nodes concerning the Section ID : 'OH_4794'. File name : D:\vishal all data\OLD DATA\2025\Rajib Sir\LATEST VIETNAM\TechGration\TechGration\CYMEUPLOAD\PHDIEN-473\CymeTextFile\Network.txt
Code : 230050 [Import Export]   Warning : Found gaps in the sequence numbers for intermediate nodes concerning the Section ID : 'OH_4795'. File name : D:\vishal all data\OLD DATA\2025\Rajib Sir\LATEST VIETNAM\TechGration\TechGration\CYMEUPLOAD\PHDIEN-473\CymeTextFile\Network.txt
Code : 230050 [Import Export]   Warning : Found gaps in the sequence numbers for intermediate nodes concerning the Section ID : 'OH_4796'. File name : D:\vishal all data\OLD DATA\2025\Rajib Sir\LATEST VIETNAM\TechGration\TechGration\CYMEUPLOAD\PHDIEN-473\CymeTextFile\Network.txt
Code : 230050 [Import Export]   Warning : Found gaps in the sequence numbers for intermediate nodes concerning the Section ID : 'OH_4797'. File name : D:\vishal all data\OLD DATA\2025\Rajib Sir\LATEST VIETNAM\TechGration\TechGration\CYMEUPLOAD\PHDIEN-473\CymeTextFile\Network.txt
Code : 230050 [Import Export]   Warning : Found gaps in the sequence numbers for intermediate nodes concerning the Section ID : 'OH_4798'. File name : D:\vishal all data\OLD DATA\2025\Rajib Sir\LATEST VIETNAM\TechGration\TechGration\CYMEUPLOAD\PHDIEN-473\CymeTextFile\Network.txt
Code : 230050 [Import Export]   Warning : Found gaps in the sequence numbers for intermediate nodes concerning the Section ID : 'OH_4799'. File name : D:\vishal all data\OLD DATA\2025\Rajib Sir\LATEST VIETNAM\TechGration\TechGration\CYMEUPLOAD\PHDIEN-473\CymeTextFile\Network.txt
Code : 230050 [Import Export]   Warning : Found gaps in the sequence numbers for intermediate nodes concerning the Section ID : 'OH_4800'. File name : D:\vishal all data\OLD DATA\2025\Rajib Sir\LATEST VIETNAM\TechGration\TechGration\CYMEUPLOAD\PHDIEN-473\CymeTextFile\Network.txt
Code : 230050 [Import Export]   Warning : Found gaps in the sequence numbers for intermediate nodes concerning the Section ID : 'OH_4801'. File name : D:\vishal all data\OLD DATA\2025\Rajib Sir\LATEST VIETNAM\TechGration\TechGration\CYMEUPLOAD\PHDIEN-473\CymeTextFile\Network.txt
Code : 230050 [Import Export]   Warning : Found gaps in the sequence numbers for intermediate nodes concerning the Section ID : 'OH_4802'. File name : D:\vishal all data\OLD DATA\2025\Rajib Sir\LATEST VIETNAM\TechGration\TechGration\CYMEUPLOAD\PHDIEN-473\CymeTextFile\Network.txt
Code : 230050 [Import Export]   Warning : Found gaps in the sequence numbers for intermediate nodes concerning the Section ID : 'OH_4803'. File name : D:\vishal all data\OLD DATA\2025\Rajib Sir\LATEST VIETNAM\TechGration\TechGration\CYMEUPLOAD\PHDIEN-473\CymeTextFile\Network.txt
Code : 230050 [Import Export]   Warning : Found gaps in the sequence numbers for intermediate nodes concerning the Section ID : 'OH_4845'. File name : D:\vishal all data\OLD DATA\2025\Rajib Sir\LATEST VIETNAM\TechGration\TechGration\CYMEUPLOAD\PHDIEN-473\CymeTextFile\Network.txt
Code : 230050 [Import Export]   Warning : Found gaps in the sequence numbers for intermediate nodes concerning the Section ID : 'OH_4846'. File name : D:\vishal all data\OLD DATA\2025\Rajib Sir\LATEST VIETNAM\TechGration\TechGration\CYMEUPLOAD\PHDIEN-473\CymeTextFile\Network.txt
Code : 230050 [Import Export]   Warning : Found gaps in the sequence numbers for intermediate nodes concerning the Section ID : 'OH_4855'. File name : D:\vishal all data\OLD DATA\2025\Rajib Sir\LATEST VIETNAM\TechGration\TechGration\CYMEUPLOAD\PHDIEN-473\CymeTextFile\Network.txt
Code : 230050 [Import Export]   Warning : Found gaps in the sequence numbers for intermediate nodes concerning the Section ID : 'OH_5397'. File name : D:\vishal all data\OLD DATA\2025\Rajib Sir\LATEST VIETNAM\TechGration\TechGration\CYMEUPLOAD\PHDIEN-473\CymeTextFile\Network.txt
Code : 230050 [Import Export]   Warning : Found gaps in the sequence numbers for intermediate nodes concerning the Section ID : 'OH_5444'. File name : D:\vishal all data\OLD DATA\2025\Rajib Sir\LATEST VIETNAM\TechGration\TechGration\CYMEUPLOAD\PHDIEN-473\CymeTextFile\Network.txt
Code : 230050 [Import Export]   Warning : Found gaps in the sequence numbers for intermediate nodes concerning the Section ID : 'OH_5514'. File name : D:\vishal all data\OLD DATA\2025\Rajib Sir\LATEST VIETNAM\TechGration\TechGration\CYMEUPLOAD\PHDIEN-473\CymeTextFile\Network.txt
Code : 230050 [Import Export]   Warning : Found gaps in the sequence numbers for intermediate nodes concerning the Section ID : 'OH_5515'. File name : D:\vishal all data\OLD DATA\2025\Rajib Sir\LATEST VIETNAM\TechGration\TechGration\CYMEUPLOAD\PHDIEN-473\CymeTextFile\Network.txt
Code : 230050 [Import Export]   Warning : Found gaps in the sequence numbers for intermediate nodes concerning the Section ID : 'OH_5516'. File name : D:\vishal all data\OLD DATA\2025\Rajib Sir\LATEST VIETNAM\TechGration\TechGration\CYMEUPLOAD\PHDIEN-473\CymeTextFile\Network.txt
Code : 230050 [Import Export]   Warning : Found gaps in the sequence numbers for intermediate nodes concerning the Section ID : 'OH_5518'. File name : D:\vishal all data\OLD DATA\2025\Rajib Sir\LATEST VIETNAM\TechGration\TechGration\CYMEUPLOAD\PHDIEN-473\CymeTextFile\Network.txt
Code : 230050 [Import Export]   Warning : Found gaps in the sequence numbers for intermediate nodes concerning the Section ID : 'OH_5522'. File name : D:\vishal all data\OLD DATA\2025\Rajib Sir\LATEST VIETNAM\TechGration\TechGration\CYMEUPLOAD\PHDIEN-473\CymeTextFile\Network.txt
Code : 230050 [Import Export]   Warning : Found gaps in the sequence numbers for intermediate nodes concerning the Section ID : 'OH_5529'. File name : D:\vishal all data\OLD DATA\2025\Rajib Sir\LATEST VIETNAM\TechGration\TechGration\CYMEUPLOAD\PHDIEN-473\CymeTextFile\Network.txt
Code : 230050 [Import Export]   Warning : Found gaps in the sequence numbers for intermediate nodes concerning the Section ID : 'OH_5530'. File name : D:\vishal all data\OLD DATA\2025\Rajib Sir\LATEST VIETNAM\TechGration\TechGration\CYMEUPLOAD\PHDIEN-473\CymeTextFile\Network.txt
Code : 230050 [Import Export]   Warning : Found gaps in the sequence numbers for intermediate nodes concerning the Section ID : 'OH_5533'. File name : D:\vishal all data\OLD DATA\2025\Rajib Sir\LATEST VIETNAM\TechGration\TechGration\CYMEUPLOAD\PHDIEN-473\CymeTextFile\Network.txt
Code : 230050 [Import Export]   Warning : Found gaps in the sequence numbers for intermediate nodes concerning the Section ID : 'OH_5535'. File name : D:\vishal all data\OLD DATA\2025\Rajib Sir\LATEST VIETNAM\TechGration\TechGration\CYMEUPLOAD\PHDIEN-473\CymeTextFile\Network.txt
Code : 230050 [Import Export]   Warning : Found gaps in the sequence numbers for intermediate nodes concerning the Section ID : 'OH_5539'. File name : D:\vishal all data\OLD DATA\2025\Rajib Sir\LATEST VIETNAM\TechGration\TechGration\CYMEUPLOAD\PHDIEN-473\CymeTextFile\Network.txt
Code : 230050 [Import Export]   Warning : Found gaps in the sequence numbers for intermediate nodes concerning the Section ID : 'OH_5540'. File name : D:\vishal all data\OLD DATA\2025\Rajib Sir\LATEST VIETNAM\TechGration\TechGration\CYMEUPLOAD\PHDIEN-473\CymeTextFile\Network.txt
Code : 230050 [Import Export]   Warning : Found gaps in the sequence numbers for intermediate nodes concerning the Section ID : 'OH_5541'. File name : D:\vishal all data\OLD DATA\2025\Rajib Sir\LATEST VIETNAM\TechGration\TechGration\CYMEUPLOAD\PHDIEN-473\CymeTextFile\Network.txt
Code : 230050 [Import Export]   Warning : Found gaps in the sequence numbers for intermediate nodes concerning the Section ID : 'OH_5542'. File name : D:\vishal all data\OLD DATA\2025\Rajib Sir\LATEST VIETNAM\TechGration\TechGration\CYMEUPLOAD\PHDIEN-473\CymeTextFile\Network.txt
Code : 230050 [Import Export]   Warning : Found gaps in the sequence numbers for intermediate nodes concerning the Section ID : 'OH_5543'. File name : D:\vishal all data\OLD DATA\2025\Rajib Sir\LATEST VIETNAM\TechGration\TechGration\CYMEUPLOAD\PHDIEN-473\CymeTextFile\Network.txt
Code : 230050 [Import Export]   Warning : Found gaps in the sequence numbers for intermediate nodes concerning the Section ID : 'OH_5586'. File name : D:\vishal all data\OLD DATA\2025\Rajib Sir\LATEST VIETNAM\TechGration\TechGration\CYMEUPLOAD\PHDIEN-473\CymeTextFile\Network.txt
Code : 230050 [Import Export]   Warning : Found gaps in the sequence numbers for intermediate nodes concerning the Section ID : 'OH_5615'. File name : D:\vishal all data\OLD DATA\2025\Rajib Sir\LATEST VIETNAM\TechGration\TechGration\CYMEUPLOAD\PHDIEN-473\CymeTextFile\Network.txt
Code : 230050 [Import Export]   Warning : Found gaps in the sequence numbers for intermediate nodes concerning the Section ID : 'OH_5628'. File name : D:\vishal all data\OLD DATA\2025\Rajib Sir\LATEST VIETNAM\TechGration\TechGration\CYMEUPLOAD\PHDIEN-473\CymeTextFile\Network.txt
Code : 230050 [Import Export]   Warning : Found gaps in the sequence numbers for intermediate nodes concerning the Section ID : 'OH_5634'. File name : D:\vishal all data\OLD DATA\2025\Rajib Sir\LATEST VIETNAM\TechGration\TechGration\CYMEUPLOAD\PHDIEN-473\CymeTextFile\Network.txt
Code : 230050 [Import Export]   Warning : Found gaps in the sequence numbers for intermediate nodes concerning the Section ID : 'OH_5636'. File name : D:\vishal all data\OLD DATA\2025\Rajib Sir\LATEST VIETNAM\TechGration\TechGration\CYMEUPLOAD\PHDIEN-473\CymeTextFile\Network.txt
Code : 230050 [Import Export]   Warning : Found gaps in the sequence numbers for intermediate nodes concerning the Section ID : 'OH_5637'. File name : D:\vishal all data\OLD DATA\2025\Rajib Sir\LATEST VIETNAM\TechGration\TechGration\CYMEUPLOAD\PHDIEN-473\CymeTextFile\Network.txt
Code : 230050 [Import Export]   Warning : Found gaps in the sequence numbers for intermediate nodes concerning the Section ID : 'OH_5638'. File name : D:\vishal all data\OLD DATA\2025\Rajib Sir\LATEST VIETNAM\TechGration\TechGration\CYMEUPLOAD\PHDIEN-473\CymeTextFile\Network.txt
Code : 230050 [Import Export]   Warning : Found gaps in the sequence numbers for intermediate nodes concerning the Section ID : 'OH_5646'. File name : D:\vishal all data\OLD DATA\2025\Rajib Sir\LATEST VIETNAM\TechGration\TechGration\CYMEUPLOAD\PHDIEN-473\CymeTextFile\Network.txt
Code : 230050 [Import Export]   Warning : Found gaps in the sequence numbers for intermediate nodes concerning the Section ID : 'OH_5647'. File name : D:\vishal all data\OLD DATA\2025\Rajib Sir\LATEST VIETNAM\TechGration\TechGration\CYMEUPLOAD\PHDIEN-473\CymeTextFile\Network.txt
Code : 230050 [Import Export]   Warning : Found gaps in the sequence numbers for intermediate nodes concerning the Section ID : 'OH_5648'. File name : D:\vishal all data\OLD DATA\2025\Rajib Sir\LATEST VIETNAM\TechGration\TechGration\CYMEUPLOAD\PHDIEN-473\CymeTextFile\Network.txt
Code : 230050 [Import Export]   Warning : Found gaps in the sequence numbers for intermediate nodes concerning the Section ID : 'OH_5651'. File name : D:\vishal all data\OLD DATA\2025\Rajib Sir\LATEST VIETNAM\TechGration\TechGration\CYMEUPLOAD\PHDIEN-473\CymeTextFile\Network.txt
Code : 230050 [Import Export]   Warning : Found gaps in the sequence numbers for intermediate nodes concerning the Section ID : 'OH_5652'. File name : D:\vishal all data\OLD DATA\2025\Rajib Sir\LATEST VIETNAM\TechGration\TechGration\CYMEUPLOAD\PHDIEN-473\CymeTextFile\Network.txt
Code : 230050 [Import Export]   Warning : Found gaps in the sequence numbers for intermediate nodes concerning the Section ID : 'OH_5654'. File name : D:\vishal all data\OLD DATA\2025\Rajib Sir\LATEST VIETNAM\TechGration\TechGration\CYMEUPLOAD\PHDIEN-473\CymeTextFile\Network.txt
Code : 230050 [Import Export]   Warning : Found gaps in the sequence numbers for intermediate nodes concerning the Section ID : 'OH_5659'. File name : D:\vishal all data\OLD DATA\2025\Rajib Sir\LATEST VIETNAM\TechGration\TechGration\CYMEUPLOAD\PHDIEN-473\CymeTextFile\Network.txt
Code : 230050 [Import Export]   Warning : Found gaps in the sequence numbers for intermediate nodes concerning the Section ID : 'OH_5662'. File name : D:\vishal all data\OLD DATA\2025\Rajib Sir\LATEST VIETNAM\TechGration\TechGration\CYMEUPLOAD\PHDIEN-473\CymeTextFile\Network.txt
Code : 230050 [Import Export]   Warning : Found gaps in the sequence numbers for intermediate nodes concerning the Section ID : 'OH_5663'. File name : D:\vishal all data\OLD DATA\2025\Rajib Sir\LATEST VIETNAM\TechGration\TechGration\CYMEUPLOAD\PHDIEN-473\CymeTextFile\Network.txt
Code : 230050 [Import Export]   Warning : Found gaps in the sequence numbers for intermediate nodes concerning the Section ID : 'OH_5686'. File name : D:\vishal all data\OLD DATA\2025\Rajib Sir\LATEST VIETNAM\TechGration\TechGration\CYMEUPLOAD\PHDIEN-473\CymeTextFile\Network.txt
Code : 230050 [Import Export]   Warning : Found gaps in the sequence numbers for intermediate nodes concerning the Section ID : 'OH_5687'. File name : D:\vishal all data\OLD DATA\2025\Rajib Sir\LATEST VIETNAM\TechGration\TechGration\CYMEUPLOAD\PHDIEN-473\CymeTextFile\Network.txt
Code : 230050 [Import Export]   Warning : Found gaps in the sequence numbers for intermediate nodes concerning the Section ID : 'OH_5688'. File name : D:\vishal all data\OLD DATA\2025\Rajib Sir\LATEST VIETNAM\TechGration\TechGration\CYMEUPLOAD\PHDIEN-473\CymeTextFile\Network.txt
Code : 230050 [Import Export]   Warning : Found gaps in the sequence numbers for intermediate nodes concerning the Section ID : 'OH_5689'. File name : D:\vishal all data\OLD DATA\2025\Rajib Sir\LATEST VIETNAM\TechGration\TechGration\CYMEUPLOAD\PHDIEN-473\CymeTextFile\Network.txt
Code : 230050 [Import Export]   Warning : Found gaps in the sequence numbers for intermediate nodes concerning the Section ID : 'OH_5690'. File name : D:\vishal all data\OLD DATA\2025\Rajib Sir\LATEST VIETNAM\TechGration\TechGration\CYMEUPLOAD\PHDIEN-473\CymeTextFile\Network.txt
Code : 230050 [Import Export]   Warning : Found gaps in the sequence numbers for intermediate nodes concerning the Section ID : 'OH_5691'. File name : D:\vishal all data\OLD DATA\2025\Rajib Sir\LATEST VIETNAM\TechGration\TechGration\CYMEUPLOAD\PHDIEN-473\CymeTextFile\Network.txt
Code : 230050 [Import Export]   Warning : Found gaps in the sequence numbers for intermediate nodes concerning the Section ID : 'OH_5693'. File name : D:\vishal all data\OLD DATA\2025\Rajib Sir\LATEST VIETNAM\TechGration\TechGration\CYMEUPLOAD\PHDIEN-473\CymeTextFile\Network.txt
Code : 230050 [Import Export]   Warning : Found gaps in the sequence numbers for intermediate nodes concerning the Section ID : 'OH_5694'. File name : D:\vishal all data\OLD DATA\2025\Rajib Sir\LATEST VIETNAM\TechGration\TechGration\CYMEUPLOAD\PHDIEN-473\CymeTextFile\Network.txt
Code : 230050 [Import Export]   Warning : Found gaps in the sequence numbers for intermediate nodes concerning the Section ID : 'OH_5695'. File name : D:\vishal all data\OLD DATA\2025\Rajib Sir\LATEST VIETNAM\TechGration\TechGration\CYMEUPLOAD\PHDIEN-473\CymeTextFile\Network.txt
Code : 230050 [Import Export]   Warning : Found gaps in the sequence numbers for intermediate nodes concerning the Section ID : 'OH_5696'. File name : D:\vishal all data\OLD DATA\2025\Rajib Sir\LATEST VIETNAM\TechGration\TechGration\CYMEUPLOAD\PHDIEN-473\CymeTextFile\Network.txt
Code : 230050 [Import Export]   Warning : Found gaps in the sequence numbers for intermediate nodes concerning the Section ID : 'OH_5697'. File name : D:\vishal all data\OLD DATA\2025\Rajib Sir\LATEST VIETNAM\TechGration\TechGration\CYMEUPLOAD\PHDIEN-473\CymeTextFile\Network.txt
Code : 230050 [Import Export]   Warning : Found gaps in the sequence numbers for intermediate nodes concerning the Section ID : 'OH_5698'. File name : D:\vishal all data\OLD DATA\2025\Rajib Sir\LATEST VIETNAM\TechGration\TechGration\CYMEUPLOAD\PHDIEN-473\CymeTextFile\Network.txt
Code : 230050 [Import Export]   Warning : Found gaps in the sequence numbers for intermediate nodes concerning the Section ID : 'OH_5723'. File name : D:\vishal all data\OLD DATA\2025\Rajib Sir\LATEST VIETNAM\TechGration\TechGration\CYMEUPLOAD\PHDIEN-473\CymeTextFile\Network.txt
Code : 230050 [Import Export]   Warning : Found gaps in the sequence numbers for intermediate nodes concerning the Section ID : 'OH_5725'. File name : D:\vishal all data\OLD DATA\2025\Rajib Sir\LATEST VIETNAM\TechGration\TechGration\CYMEUPLOAD\PHDIEN-473\CymeTextFile\Network.txt
Code : 230050 [Import Export]   Warning : Found gaps in the sequence numbers for intermediate nodes concerning the Section ID : 'OH_5726'. File name : D:\vishal all data\OLD DATA\2025\Rajib Sir\LATEST VIETNAM\TechGration\TechGration\CYMEUPLOAD\PHDIEN-473\CymeTextFile\Network.txt
Code : 230050 [Import Export]   Warning : Found gaps in the sequence numbers for intermediate nodes concerning the Section ID : 'OH_5728'. File name : D:\vishal all data\OLD DATA\2025\Rajib Sir\LATEST VIETNAM\TechGration\TechGration\CYMEUPLOAD\PHDIEN-473\CymeTextFile\Network.txt
Code : 230050 [Import Export]   Warning : Found gaps in the sequence numbers for intermediate nodes concerning the Section ID : 'OH_5734'. File name : D:\vishal all data\OLD DATA\2025\Rajib Sir\LATEST VIETNAM\TechGration\TechGration\CYMEUPLOAD\PHDIEN-473\CymeTextFile\Network.txt
Code : 230050 [Import Export]   Warning : Found gaps in the sequence numbers for intermediate nodes concerning the Section ID : 'OH_5743'. File name : D:\vishal all data\OLD DATA\2025\Rajib Sir\LATEST VIETNAM\TechGration\TechGration\CYMEUPLOAD\PHDIEN-473\CymeTextFile\Network.txt
Code : 230050 [Import Export]   Warning : Found gaps in the sequence numbers for intermediate nodes concerning the Section ID : 'OH_5745'. File name : D:\vishal all data\OLD DATA\2025\Rajib Sir\LATEST VIETNAM\TechGration\TechGration\CYMEUPLOAD\PHDIEN-473\CymeTextFile\Network.txt
Code : 230050 [Import Export]   Warning : Found gaps in the sequence numbers for intermediate nodes concerning the Section ID : 'OH_5748'. File name : D:\vishal all data\OLD DATA\2025\Rajib Sir\LATEST VIETNAM\TechGration\TechGration\CYMEUPLOAD\PHDIEN-473\CymeTextFile\Network.txt
Code : 230050 [Import Export]   Warning : Found gaps in the sequence numbers for intermediate nodes concerning the Section ID : 'OH_5751'. File name : D:\vishal all data\OLD DATA\2025\Rajib Sir\LATEST VIETNAM\TechGration\TechGration\CYMEUPLOAD\PHDIEN-473\CymeTextFile\Network.txt
Code : 230050 [Import Export]   Warning : Found gaps in the sequence numbers for intermediate nodes concerning the Section ID : 'OH_5752'. File name : D:\vishal all data\OLD DATA\2025\Rajib Sir\LATEST VIETNAM\TechGration\TechGration\CYMEUPLOAD\PHDIEN-473\CymeTextFile\Network.txt
Code : 230050 [Import Export]   Warning : Found gaps in the sequence numbers for intermediate nodes concerning the Section ID : 'OH_5753'. File name : D:\vishal all data\OLD DATA\2025\Rajib Sir\LATEST VIETNAM\TechGration\TechGration\CYMEUPLOAD\PHDIEN-473\CymeTextFile\Network.txt
Code : 230050 [Import Export]   Warning : Found gaps in the sequence numbers for intermediate nodes concerning the Section ID : 'OH_5758'. File name : D:\vishal all data\OLD DATA\2025\Rajib Sir\LATEST VIETNAM\TechGration\TechGration\CYMEUPLOAD\PHDIEN-473\CymeTextFile\Network.txt
Code : 230050 [Import Export]   Warning : Found gaps in the sequence numbers for intermediate nodes concerning the Section ID : 'OH_5764'. File name : D:\vishal all data\OLD DATA\2025\Rajib Sir\LATEST VIETNAM\TechGration\TechGration\CYMEUPLOAD\PHDIEN-473\CymeTextFile\Network.txt
Code : 230050 [Import Export]   Warning : Found gaps in the sequence numbers for intermediate nodes concerning the Section ID : 'OH_5778'. File name : D:\vishal all data\OLD DATA\2025\Rajib Sir\LATEST VIETNAM\TechGration\TechGration\CYMEUPLOAD\PHDIEN-473\CymeTextFile\Network.txt
Code : 230050 [Import Export]   Warning : Found gaps in the sequence numbers for intermediate nodes concerning the Section ID : 'OH_5787'. File name : D:\vishal all data\OLD DATA\2025\Rajib Sir\LATEST VIETNAM\TechGration\TechGration\CYMEUPLOAD\PHDIEN-473\CymeTextFile\Network.txt
Code : 230050 [Import Export]   Warning : Found gaps in the sequence numbers for intermediate nodes concerning the Section ID : 'OH_5789'. File name : D:\vishal all data\OLD DATA\2025\Rajib Sir\LATEST VIETNAM\TechGration\TechGration\CYMEUPLOAD\PHDIEN-473\CymeTextFile\Network.txt
Code : 230050 [Import Export]   Warning : Found gaps in the sequence numbers for intermediate nodes concerning the Section ID : 'OH_5790'. File name : D:\vishal all data\OLD DATA\2025\Rajib Sir\LATEST VIETNAM\TechGration\TechGration\CYMEUPLOAD\PHDIEN-473\CymeTextFile\Network.txt
Code : 230050 [Import Export]   Warning : Found gaps in the sequence numbers for intermediate nodes concerning the Section ID : 'OH_5793'. File name : D:\vishal all data\OLD DATA\2025\Rajib Sir\LATEST VIETNAM\TechGration\TechGration\CYMEUPLOAD\PHDIEN-473\CymeTextFile\Network.txt
Code : 230050 [Import Export]   Warning : Found gaps in the sequence numbers for intermediate nodes concerning the Section ID : 'OH_5794'. File name : D:\vishal all data\OLD DATA\2025\Rajib Sir\LATEST VIETNAM\TechGration\TechGration\CYMEUPLOAD\PHDIEN-473\CymeTextFile\Network.txt
Code : 230050 [Import Export]   Warning : Found gaps in the sequence numbers for intermediate nodes concerning the Section ID : 'OH_5800'. File name : D:\vishal all data\OLD DATA\2025\Rajib Sir\LATEST VIETNAM\TechGration\TechGration\CYMEUPLOAD\PHDIEN-473\CymeTextFile\Network.txt
Code : 230050 [Import Export]   Warning : Found gaps in the sequence numbers for intermediate nodes concerning the Section ID : 'OH_5802'. File name : D:\vishal all data\OLD DATA\2025\Rajib Sir\LATEST VIETNAM\TechGration\TechGration\CYMEUPLOAD\PHDIEN-473\CymeTextFile\Network.txt
Code : 230050 [Import Export]   Warning : Found gaps in the sequence numbers for intermediate nodes concerning the Section ID : 'OH_5803'. File name : D:\vishal all data\OLD DATA\2025\Rajib Sir\LATEST VIETNAM\TechGration\TechGration\CYMEUPLOAD\PHDIEN-473\CymeTextFile\Network.txt
Code : 230050 [Import Export]   Warning : Found gaps in the sequence numbers for intermediate nodes concerning the Section ID : 'OH_5805'. File name : D:\vishal all data\OLD DATA\2025\Rajib Sir\LATEST VIETNAM\TechGration\TechGration\CYMEUPLOAD\PHDIEN-473\CymeTextFile\Network.txt
Code : 230050 [Import Export]   Warning : Found gaps in the sequence numbers for intermediate nodes concerning the Section ID : 'OH_5808'. File name : D:\vishal all data\OLD DATA\2025\Rajib Sir\LATEST VIETNAM\TechGration\TechGration\CYMEUPLOAD\PHDIEN-473\CymeTextFile\Network.txt
Code : 230050 [Import Export]   Warning : Found gaps in the sequence numbers for intermediate nodes concerning the Section ID : 'OH_5812'. File name : D:\vishal all data\OLD DATA\2025\Rajib Sir\LATEST VIETNAM\TechGration\TechGration\CYMEUPLOAD\PHDIEN-473\CymeTextFile\Network.txt
Code : 230050 [Import Export]   Warning : Found gaps in the sequence numbers for intermediate nodes concerning the Section ID : 'OH_5813'. File name : D:\vishal all data\OLD DATA\2025\Rajib Sir\LATEST VIETNAM\TechGration\TechGration\CYMEUPLOAD\PHDIEN-473\CymeTextFile\Network.txt
Code : 230050 [Import Export]   Warning : Found gaps in the sequence numbers for intermediate nodes concerning the Section ID : 'OH_5835'. File name : D:\vishal all data\OLD DATA\2025\Rajib Sir\LATEST VIETNAM\TechGration\TechGration\CYMEUPLOAD\PHDIEN-473\CymeTextFile\Network.txt
Code : 230050 [Import Export]   Warning : Found gaps in the sequence numbers for intermediate nodes concerning the Section ID : 'OH_5836'. File name : D:\vishal all data\OLD DATA\2025\Rajib Sir\LATEST VIETNAM\TechGration\TechGration\CYMEUPLOAD\PHDIEN-473\CymeTextFile\Network.txt
Code : 230050 [Import Export]   Warning : Found gaps in the sequence numbers for intermediate nodes concerning the Section ID : 'OH_5837'. File name : D:\vishal all data\OLD DATA\2025\Rajib Sir\LATEST VIETNAM\TechGration\TechGration\CYMEUPLOAD\PHDIEN-473\CymeTextFile\Network.txt
Code : 230050 [Import Export]   Warning : Found gaps in the sequence numbers for intermediate nodes concerning the Section ID : 'OH_5838'. File name : D:\vishal all data\OLD DATA\2025\Rajib Sir\LATEST VIETNAM\TechGration\TechGration\CYMEUPLOAD\PHDIEN-473\CymeTextFile\Network.txt
Code : 230050 [Import Export]   Warning : Found gaps in the sequence numbers for intermediate nodes concerning the Section ID : 'OH_5839'. File name : D:\vishal all data\OLD DATA\2025\Rajib Sir\LATEST VIETNAM\TechGration\TechGration\CYMEUPLOAD\PHDIEN-473\CymeTextFile\Network.txt
Code : 230050 [Import Export]   Warning : Found gaps in the sequence numbers for intermediate nodes concerning the Section ID : 'OH_5840'. File name : D:\vishal all data\OLD DATA\2025\Rajib Sir\LATEST VIETNAM\TechGration\TechGration\CYMEUPLOAD\PHDIEN-473\CymeTextFile\Network.txt
Code : 230050 [Import Export]   Warning : Found gaps in the sequence numbers for intermediate nodes concerning the Section ID : 'OH_5841'. File name : D:\vishal all data\OLD DATA\2025\Rajib Sir\LATEST VIETNAM\TechGration\TechGration\CYMEUPLOAD\PHDIEN-473\CymeTextFile\Network.txt
Code : 230050 [Import Export]   Warning : Found gaps in the sequence numbers for intermediate nodes concerning the Section ID : 'OH_5842'. File name : D:\vishal all data\OLD DATA\2025\Rajib Sir\LATEST VIETNAM\TechGration\TechGration\CYMEUPLOAD\PHDIEN-473\CymeTextFile\Network.txt
Code : 230050 [Import Export]   Warning : Found gaps in the sequence numbers for intermediate nodes concerning the Section ID : 'OH_5843'. File name : D:\vishal all data\OLD DATA\2025\Rajib Sir\LATEST VIETNAM\TechGration\TechGration\CYMEUPLOAD\PHDIEN-473\CymeTextFile\Network.txt
Code : 230050 [Import Export]   Warning : Found gaps in the sequence numbers for intermediate nodes concerning the Section ID : 'OH_5844'. File name : D:\vishal all data\OLD DATA\2025\Rajib Sir\LATEST VIETNAM\TechGration\TechGration\CYMEUPLOAD\PHDIEN-473\CymeTextFile\Network.txt
Code : 230050 [Import Export]   Warning : Found gaps in the sequence numbers for intermediate nodes concerning the Section ID : 'OH_5845'. File name : D:\vishal all data\OLD DATA\2025\Rajib Sir\LATEST VIETNAM\TechGration\TechGration\CYMEUPLOAD\PHDIEN-473\CymeTextFile\Network.txt
Code : 230050 [Import Export]   Warning : Found gaps in the sequence numbers for intermediate nodes concerning the Section ID : 'OH_5846'. File name : D:\vishal all data\OLD DATA\2025\Rajib Sir\LATEST VIETNAM\TechGration\TechGration\CYMEUPLOAD\PHDIEN-473\CymeTextFile\Network.txt
Code : 230050 [Import Export]   Warning : Found gaps in the sequence numbers for intermediate nodes concerning the Section ID : 'OH_5847'. File name : D:\vishal all data\OLD DATA\2025\Rajib Sir\LATEST VIETNAM\TechGration\TechGration\CYMEUPLOAD\PHDIEN-473\CymeTextFile\Network.txt
Code : 230050 [Import Export]   Warning : Found gaps in the sequence numbers for intermediate nodes concerning the Section ID : 'OH_5876'. File name : D:\vishal all data\OLD DATA\2025\Rajib Sir\LATEST VIETNAM\TechGration\TechGration\CYMEUPLOAD\PHDIEN-473\CymeTextFile\Network.txt
Code : 230050 [Import Export]   Warning : Found gaps in the sequence numbers for intermediate nodes concerning the Section ID : 'OH_5898'. File name : D:\vishal all data\OLD DATA\2025\Rajib Sir\LATEST VIETNAM\TechGration\TechGration\CYMEUPLOAD\PHDIEN-473\CymeTextFile\Network.txt
Code : 230234 [Import Export]   Warning : Defined UserDefinedValue is not used. DeviceNumber : 'SG_1882' and DeviceType : '8'. File name : D:\vishal all data\OLD DATA\2025\Rajib Sir\LATEST VIETNAM\TechGration\TechGration\CYMEUPLOAD\PHDIEN-473\CymeTextFile\Network.txt
Code : 230234 [Import Export]   Warning : Defined UserDefinedValue is not used. DeviceNumber : 'SG_1890' and DeviceType : '8'. File name : D:\vishal all data\OLD DATA\2025\Rajib Sir\LATEST VIETNAM\TechGration\TechGration\CYMEUPLOAD\PHDIEN-473\CymeTextFile\Network.txt
Code : 230234 [Import Export]   Warning : Defined UserDefinedValue is not used. DeviceNumber : 'SG_1897' and DeviceType : '8'. File name : D:\vishal all data\OLD DATA\2025\Rajib Sir\LATEST VIETNAM\TechGration\TechGration\CYMEUPLOAD\PHDIEN-473\CymeTextFile\Network.txt
Code : 230234 [Import Export]   Warning : Defined UserDefinedValue is not used. DeviceNumber : 'SG_1936' and DeviceType : '8'. File name : D:\vishal all data\OLD DATA\2025\Rajib Sir\LATEST VIETNAM\TechGration\TechGration\CYMEUPLOAD\PHDIEN-473\CymeTextFile\Network.txt
Code : 230234 [Import Export]   Warning : Defined UserDefinedValue is not used. DeviceNumber : 'SG_2222' and DeviceType : '8'. File name : D:\vishal all data\OLD DATA\2025\Rajib Sir\LATEST VIETNAM\TechGration\TechGration\CYMEUPLOAD\PHDIEN-473\CymeTextFile\Network.txt
Code : 230234 [Import Export]   Warning : Defined UserDefinedValue is not used. DeviceNumber : 'SG_2233' and DeviceType : '8'. File name : D:\vishal all data\OLD DATA\2025\Rajib Sir\LATEST VIETNAM\TechGration\TechGration\CYMEUPLOAD\PHDIEN-473\CymeTextFile\Network.txt
Code : 230234 [Import Export]   Warning : Defined UserDefinedValue is not used. DeviceNumber : 'SG_2265' and DeviceType : '8'. File name : D:\vishal all data\OLD DATA\2025\Rajib Sir\LATEST VIETNAM\TechGration\TechGration\CYMEUPLOAD\PHDIEN-473\CymeTextFile\Network.txt
Code : 230234 [Import Export]   Warning : Defined UserDefinedValue is not used. DeviceNumber : 'SG_3787' and DeviceType : '8'. File name : D:\vishal all data\OLD DATA\2025\Rajib Sir\LATEST VIETNAM\TechGration\TechGration\CYMEUPLOAD\PHDIEN-473\CymeTextFile\Network.txt
Code : 230234 [Import Export]   Warning : Defined UserDefinedValue is not used. DeviceNumber : 'SG_3788' and DeviceType : '8'. File name : D:\vishal all data\OLD DATA\2025\Rajib Sir\LATEST VIETNAM\TechGration\TechGration\CYMEUPLOAD\PHDIEN-473\CymeTextFile\Network.txt
Code : 230234 [Import Export]   Warning : Defined UserDefinedValue is not used. DeviceNumber : 'SG_3889' and DeviceType : '8'. File name : D:\vishal all data\OLD DATA\2025\Rajib Sir\LATEST VIETNAM\TechGration\TechGration\CYMEUPLOAD\PHDIEN-473\CymeTextFile\Network.txt
Code : 230234 [Import Export]   Warning : Defined UserDefinedValue is not used. DeviceNumber : 'SG_3913' and DeviceType : '8'. File name : D:\vishal all data\OLD DATA\2025\Rajib Sir\LATEST VIETNAM\TechGration\TechGration\CYMEUPLOAD\PHDIEN-473\CymeTextFile\Network.txt
Code : 230234 [Import Export]   Warning : Defined UserDefinedValue is not used. DeviceNumber : 'SG_4201' and DeviceType : '8'. File name : D:\vishal all data\OLD DATA\2025\Rajib Sir\LATEST VIETNAM\TechGration\TechGration\CYMEUPLOAD\PHDIEN-473\CymeTextFile\Network.txt
Code : 230234 [Import Export]   Warning : Defined UserDefinedValue is not used. DeviceNumber : 'SG_1882' and DeviceType : '8'. File name : D:\vishal all data\OLD DATA\2025\Rajib Sir\LATEST VIETNAM\TechGration\TechGration\CYMEUPLOAD\PHDIEN-473\CymeTextFile\Network.txt
Code : 230234 [Import Export]   Warning : Defined UserDefinedValue is not used. DeviceNumber : 'SG_1890' and DeviceType : '8'. File name : D:\vishal all data\OLD DATA\2025\Rajib Sir\LATEST VIETNAM\TechGration\TechGration\CYMEUPLOAD\PHDIEN-473\CymeTextFile\Network.txt
Code : 230234 [Import Export]   Warning : Defined UserDefinedValue is not used. DeviceNumber : 'SG_1897' and DeviceType : '8'. File name : D:\vishal all data\OLD DATA\2025\Rajib Sir\LATEST VIETNAM\TechGration\TechGration\CYMEUPLOAD\PHDIEN-473\CymeTextFile\Network.txt
Code : 230234 [Import Export]   Warning : Defined UserDefinedValue is not used. DeviceNumber : 'SG_1936' and DeviceType : '8'. File name : D:\vishal all data\OLD DATA\2025\Rajib Sir\LATEST VIETNAM\TechGration\TechGration\CYMEUPLOAD\PHDIEN-473\CymeTextFile\Network.txt
Code : 230234 [Import Export]   Warning : Defined UserDefinedValue is not used. DeviceNumber : 'SG_2222' and DeviceType : '8'. File name : D:\vishal all data\OLD DATA\2025\Rajib Sir\LATEST VIETNAM\TechGration\TechGration\CYMEUPLOAD\PHDIEN-473\CymeTextFile\Network.txt
Code : 230234 [Import Export]   Warning : Defined UserDefinedValue is not used. DeviceNumber : 'SG_2233' and DeviceType : '8'. File name : D:\vishal all data\OLD DATA\2025\Rajib Sir\LATEST VIETNAM\TechGration\TechGration\CYMEUPLOAD\PHDIEN-473\CymeTextFile\Network.txt
Code : 230234 [Import Export]   Warning : Defined UserDefinedValue is not used. DeviceNumber : 'SG_2265' and DeviceType : '8'. File name : D:\vishal all data\OLD DATA\2025\Rajib Sir\LATEST VIETNAM\TechGration\TechGration\CYMEUPLOAD\PHDIEN-473\CymeTextFile\Network.txt
Code : 230234 [Import Export]   Warning : Defined UserDefinedValue is not used. DeviceNumber : 'SG_3787' and DeviceType : '8'. File name : D:\vishal all data\OLD DATA\2025\Rajib Sir\LATEST VIETNAM\TechGration\TechGration\CYMEUPLOAD\PHDIEN-473\CymeTextFile\Network.txt
Code : 230234 [Import Export]   Warning : Defined UserDefinedValue is not used. DeviceNumber : 'SG_3788' and DeviceType : '8'. File name : D:\vishal all data\OLD DATA\2025\Rajib Sir\LATEST VIETNAM\TechGration\TechGration\CYMEUPLOAD\PHDIEN-473\CymeTextFile\Network.txt
Code : 230234 [Import Export]   Warning : Defined UserDefinedValue is not used. DeviceNumber : 'SG_3889' and DeviceType : '8'. File name : D:\vishal all data\OLD DATA\2025\Rajib Sir\LATEST VIETNAM\TechGration\TechGration\CYMEUPLOAD\PHDIEN-473\CymeTextFile\Network.txt
Code : 230234 [Import Export]   Warning : Defined UserDefinedValue is not used. DeviceNumber : 'SG_3913' and DeviceType : '8'. File name : D:\vishal all data\OLD DATA\2025\Rajib Sir\LATEST VIETNAM\TechGration\TechGration\CYMEUPLOAD\PHDIEN-473\CymeTextFile\Network.txt
Code : 230234 [Import Export]   Warning : Defined UserDefinedValue is not used. DeviceNumber : 'SG_4201' and DeviceType : '8'. File name : D:\vishal all data\OLD DATA\2025\Rajib Sir\LATEST VIETNAM\TechGration\TechGration\CYMEUPLOAD\PHDIEN-473\CymeTextFile\Network.txt
Code : 440101 [SQL]   Warning : Source Device Number '755030.405697971_1832351.77484815-S2' already exists in database. Source Device Number changed to : '755030.405697971_1832351.77484815-S2' ( Node : 755030.405697971_1832351.77484815 ) ( Network : PHDIEN-472 )
Code : 440229 [SQL]   Warning : Customer Number '05830410' already exists in database. Customer Number changed to : '05830410-1' ( Network : PHDIEN-473 ) ( spot load : CD530130 )
