Code : 230209 [Import Export]   Warning : The Value 'Khác' was truncated to 3 characters. Line number : 1315 File name : D:\vishal all data\OLD DATA\2025\Rajib Sir\LATEST VIETNAM\TechGration\TechGration\CYMEUPLOAD\E7-471\CymeTextFile\Network.txt
Code : 230212 [Import Export]   Warning : Invalid phase value 'KHÁ', value will be set to ABC. Line number : 1315 File name : D:\vishal all data\OLD DATA\2025\Rajib Sir\LATEST VIETNAM\TechGration\TechGration\CYMEUPLOAD\E7-471\CymeTextFile\Network.txt
Code : 230209 [Import Export]   Warning : The Value 'Khác' was truncated to 3 characters. Line number : 1332 File name : D:\vishal all data\OLD DATA\2025\Rajib Sir\LATEST VIETNAM\TechGration\TechGration\CYMEUPLOAD\E7-471\CymeTextFile\Network.txt
Code : 230212 [Import Export]   Warning : Invalid phase value 'KHÁ', value will be set to ABC. Line number : 1332 File name : D:\vishal all data\OLD DATA\2025\Rajib Sir\LATEST VIETNAM\TechGration\TechGration\CYMEUPLOAD\E7-471\CymeTextFile\Network.txt
Code : 230209 [Import Export]   Warning : The Value 'Khác' was truncated to 3 characters. Line number : 1337 File name : D:\vishal all data\OLD DATA\2025\Rajib Sir\LATEST VIETNAM\TechGration\TechGration\CYMEUPLOAD\E7-471\CymeTextFile\Network.txt
Code : 230212 [Import Export]   Warning : Invalid phase value 'KHÁ', value will be set to ABC. Line number : 1337 File name : D:\vishal all data\OLD DATA\2025\Rajib Sir\LATEST VIETNAM\TechGration\TechGration\CYMEUPLOAD\E7-471\CymeTextFile\Network.txt
Code : 230177 [Import Export]   Warning : Keyword 'TCCRepositoryID' is only available in version 810.000000 and higher, the designated value will be ignored. Line number : 2746 File name : D:\vishal all data\OLD DATA\2025\Rajib Sir\LATEST VIETNAM\TechGration\TechGration\CYMEUPLOAD\E7-471\CymeTextFile\Network.txt
Code : 230177 [Import Export]   Warning : Keyword 'TCCRepositoryAlternateID1' is only available in version 810.000000 and higher, the designated value will be ignored. Line number : 2746 File name : D:\vishal all data\OLD DATA\2025\Rajib Sir\LATEST VIETNAM\TechGration\TechGration\CYMEUPLOAD\E7-471\CymeTextFile\Network.txt
Code : 230177 [Import Export]   Warning : Keyword 'TCCRepositoryAlternateID2' is only available in version 810.000000 and higher, the designated value will be ignored. Line number : 2746 File name : D:\vishal all data\OLD DATA\2025\Rajib Sir\LATEST VIETNAM\TechGration\TechGration\CYMEUPLOAD\E7-471\CymeTextFile\Network.txt
Code : 230177 [Import Export]   Warning : Keyword 'TCCRepositoryAlternateID3' is only available in version 810.000000 and higher, the designated value will be ignored. Line number : 2746 File name : D:\vishal all data\OLD DATA\2025\Rajib Sir\LATEST VIETNAM\TechGration\TechGration\CYMEUPLOAD\E7-471\CymeTextFile\Network.txt
Code : 230177 [Import Export]   Warning : Keyword 'TCCRepositoryAlternateID4' is only available in version 810.000000 and higher, the designated value will be ignored. Line number : 2746 File name : D:\vishal all data\OLD DATA\2025\Rajib Sir\LATEST VIETNAM\TechGration\TechGration\CYMEUPLOAD\E7-471\CymeTextFile\Network.txt
Code : 230177 [Import Export]   Warning : Keyword 'TCCRepositoryAlternateID5' is only available in version 810.000000 and higher, the designated value will be ignored. Line number : 2746 File name : D:\vishal all data\OLD DATA\2025\Rajib Sir\LATEST VIETNAM\TechGration\TechGration\CYMEUPLOAD\E7-471\CymeTextFile\Network.txt
Code : 230177 [Import Export]   Warning : Keyword 'TCCRepositoryAlternateID6' is only available in version 810.000000 and higher, the designated value will be ignored. Line number : 2746 File name : D:\vishal all data\OLD DATA\2025\Rajib Sir\LATEST VIETNAM\TechGration\TechGration\CYMEUPLOAD\E7-471\CymeTextFile\Network.txt
Code : 230177 [Import Export]   Warning : Keyword 'TCCRepositoryAlternateID7' is only available in version 810.000000 and higher, the designated value will be ignored. Line number : 2746 File name : D:\vishal all data\OLD DATA\2025\Rajib Sir\LATEST VIETNAM\TechGration\TechGration\CYMEUPLOAD\E7-471\CymeTextFile\Network.txt
Code : 230177 [Import Export]   Warning : Keyword 'TCCRepositoryAlternateID8' is only available in version 810.000000 and higher, the designated value will be ignored. Line number : 2746 File name : D:\vishal all data\OLD DATA\2025\Rajib Sir\LATEST VIETNAM\TechGration\TechGration\CYMEUPLOAD\E7-471\CymeTextFile\Network.txt
Code : 230177 [Import Export]   Warning : Keyword 'TCCRepositoryAlternateID9' is only available in version 810.000000 and higher, the designated value will be ignored. Line number : 2746 File name : D:\vishal all data\OLD DATA\2025\Rajib Sir\LATEST VIETNAM\TechGration\TechGration\CYMEUPLOAD\E7-471\CymeTextFile\Network.txt
Code : 230177 [Import Export]   Warning : Keyword 'TCCRepositoryAlternateID10' is only available in version 810.000000 and higher, the designated value will be ignored. Line number : 2746 File name : D:\vishal all data\OLD DATA\2025\Rajib Sir\LATEST VIETNAM\TechGration\TechGration\CYMEUPLOAD\E7-471\CymeTextFile\Network.txt
Code : 230177 [Import Export]   Warning : Keyword 'IntellirupterTCCRepositoryID' is only available in version 810.000000 and higher, the designated value will be ignored. Line number : 2746 File name : D:\vishal all data\OLD DATA\2025\Rajib Sir\LATEST VIETNAM\TechGration\TechGration\CYMEUPLOAD\E7-471\CymeTextFile\Network.txt
Code : 230177 [Import Export]   Warning : Keyword 'SourceHarmonicModelType' is only available in version 810.000000 and higher, the designated value will be ignored. Line number : 2755 File name : D:\vishal all data\OLD DATA\2025\Rajib Sir\LATEST VIETNAM\TechGration\TechGration\CYMEUPLOAD\E7-471\CymeTextFile\Network.txt
Code : 230177 [Import Export]   Warning : Keyword 'PulseNumber' is only available in version 810.000000 and higher, the designated value will be ignored. Line number : 2755 File name : D:\vishal all data\OLD DATA\2025\Rajib Sir\LATEST VIETNAM\TechGration\TechGration\CYMEUPLOAD\E7-471\CymeTextFile\Network.txt
Code : 230177 [Import Export]   Warning : Keyword 'FiringAngle' is only available in version 810.000000 and higher, the designated value will be ignored. Line number : 2755 File name : D:\vishal all data\OLD DATA\2025\Rajib Sir\LATEST VIETNAM\TechGration\TechGration\CYMEUPLOAD\E7-471\CymeTextFile\Network.txt
Code : 230177 [Import Export]   Warning : Keyword 'OverlapAngle' is only available in version 810.000000 and higher, the designated value will be ignored. Line number : 2755 File name : D:\vishal all data\OLD DATA\2025\Rajib Sir\LATEST VIETNAM\TechGration\TechGration\CYMEUPLOAD\E7-471\CymeTextFile\Network.txt
Code : 230177 [Import Export]   Warning : Keyword 'ConnectionConfiguration' is only available in version 820.000000 and higher, the designated value will be ignored. Line number : 2755 File name : D:\vishal all data\OLD DATA\2025\Rajib Sir\LATEST VIETNAM\TechGration\TechGration\CYMEUPLOAD\E7-471\CymeTextFile\Network.txt
Code : 230177 [Import Export]   Warning : Keyword 'ConnectionConfiguration' is only available in version 820.000000 and higher, the designated value will be ignored. Line number : 2759 File name : D:\vishal all data\OLD DATA\2025\Rajib Sir\LATEST VIETNAM\TechGration\TechGration\CYMEUPLOAD\E7-471\CymeTextFile\Network.txt
Code : 230177 [Import Export]   Warning : Keyword 'CTConnection' is only available in version 820.000000 and higher, the designated value will be ignored. Line number : 2759 File name : D:\vishal all data\OLD DATA\2025\Rajib Sir\LATEST VIETNAM\TechGration\TechGration\CYMEUPLOAD\E7-471\CymeTextFile\Network.txt
Code : 230177 [Import Export]   Warning : Keyword 'SourceHarmonicModelType' is only available in version 810.000000 and higher, the designated value will be ignored. Line number : 2759 File name : D:\vishal all data\OLD DATA\2025\Rajib Sir\LATEST VIETNAM\TechGration\TechGration\CYMEUPLOAD\E7-471\CymeTextFile\Network.txt
Code : 230177 [Import Export]   Warning : Keyword 'PulseNumber' is only available in version 810.000000 and higher, the designated value will be ignored. Line number : 2759 File name : D:\vishal all data\OLD DATA\2025\Rajib Sir\LATEST VIETNAM\TechGration\TechGration\CYMEUPLOAD\E7-471\CymeTextFile\Network.txt
Code : 230177 [Import Export]   Warning : Keyword 'FiringAngle' is only available in version 810.000000 and higher, the designated value will be ignored. Line number : 2759 File name : D:\vishal all data\OLD DATA\2025\Rajib Sir\LATEST VIETNAM\TechGration\TechGration\CYMEUPLOAD\E7-471\CymeTextFile\Network.txt
Code : 230177 [Import Export]   Warning : Keyword 'OverlapAngle' is only available in version 810.000000 and higher, the designated value will be ignored. Line number : 2759 File name : D:\vishal all data\OLD DATA\2025\Rajib Sir\LATEST VIETNAM\TechGration\TechGration\CYMEUPLOAD\E7-471\CymeTextFile\Network.txt
Code : 230177 [Import Export]   Warning : Keyword 'SourceHarmonicModelType' is only available in version 810.000000 and higher, the designated value will be ignored. Line number : 2762 File name : D:\vishal all data\OLD DATA\2025\Rajib Sir\LATEST VIETNAM\TechGration\TechGration\CYMEUPLOAD\E7-471\CymeTextFile\Network.txt
Code : 230177 [Import Export]   Warning : Keyword 'PulseNumber' is only available in version 810.000000 and higher, the designated value will be ignored. Line number : 2762 File name : D:\vishal all data\OLD DATA\2025\Rajib Sir\LATEST VIETNAM\TechGration\TechGration\CYMEUPLOAD\E7-471\CymeTextFile\Network.txt
Code : 230177 [Import Export]   Warning : Keyword 'FiringAngle' is only available in version 810.000000 and higher, the designated value will be ignored. Line number : 2762 File name : D:\vishal all data\OLD DATA\2025\Rajib Sir\LATEST VIETNAM\TechGration\TechGration\CYMEUPLOAD\E7-471\CymeTextFile\Network.txt
Code : 230177 [Import Export]   Warning : Keyword 'OverlapAngle' is only available in version 810.000000 and higher, the designated value will be ignored. Line number : 2762 File name : D:\vishal all data\OLD DATA\2025\Rajib Sir\LATEST VIETNAM\TechGration\TechGration\CYMEUPLOAD\E7-471\CymeTextFile\Network.txt
Code : 230177 [Import Export]   Warning : Keyword 'ConnectionConfiguration' is only available in version 820.000000 and higher, the designated value will be ignored. Line number : 2762 File name : D:\vishal all data\OLD DATA\2025\Rajib Sir\LATEST VIETNAM\TechGration\TechGration\CYMEUPLOAD\E7-471\CymeTextFile\Network.txt
Code : 230050 [Import Export]   Warning : Found gaps in the sequence numbers for intermediate nodes concerning the Section ID : 'BB_3565'. File name : D:\vishal all data\OLD DATA\2025\Rajib Sir\LATEST VIETNAM\TechGration\TechGration\CYMEUPLOAD\E7-471\CymeTextFile\Network.txt
Code : 230050 [Import Export]   Warning : Found gaps in the sequence numbers for intermediate nodes concerning the Section ID : 'BB_3603'. File name : D:\vishal all data\OLD DATA\2025\Rajib Sir\LATEST VIETNAM\TechGration\TechGration\CYMEUPLOAD\E7-471\CymeTextFile\Network.txt
Code : 230050 [Import Export]   Warning : Found gaps in the sequence numbers for intermediate nodes concerning the Section ID : 'BB_3625'. File name : D:\vishal all data\OLD DATA\2025\Rajib Sir\LATEST VIETNAM\TechGration\TechGration\CYMEUPLOAD\E7-471\CymeTextFile\Network.txt
Code : 230050 [Import Export]   Warning : Found gaps in the sequence numbers for intermediate nodes concerning the Section ID : 'BB_3626'. File name : D:\vishal all data\OLD DATA\2025\Rajib Sir\LATEST VIETNAM\TechGration\TechGration\CYMEUPLOAD\E7-471\CymeTextFile\Network.txt
Code : 230050 [Import Export]   Warning : Found gaps in the sequence numbers for intermediate nodes concerning the Section ID : 'CA_3324'. File name : D:\vishal all data\OLD DATA\2025\Rajib Sir\LATEST VIETNAM\TechGration\TechGration\CYMEUPLOAD\E7-471\CymeTextFile\Network.txt
Code : 230050 [Import Export]   Warning : Found gaps in the sequence numbers for intermediate nodes concerning the Section ID : 'CA_3325'. File name : D:\vishal all data\OLD DATA\2025\Rajib Sir\LATEST VIETNAM\TechGration\TechGration\CYMEUPLOAD\E7-471\CymeTextFile\Network.txt
Code : 230050 [Import Export]   Warning : Found gaps in the sequence numbers for intermediate nodes concerning the Section ID : 'CA_3327'. File name : D:\vishal all data\OLD DATA\2025\Rajib Sir\LATEST VIETNAM\TechGration\TechGration\CYMEUPLOAD\E7-471\CymeTextFile\Network.txt
Code : 230050 [Import Export]   Warning : Found gaps in the sequence numbers for intermediate nodes concerning the Section ID : 'CA_3410'. File name : D:\vishal all data\OLD DATA\2025\Rajib Sir\LATEST VIETNAM\TechGration\TechGration\CYMEUPLOAD\E7-471\CymeTextFile\Network.txt
Code : 230050 [Import Export]   Warning : Found gaps in the sequence numbers for intermediate nodes concerning the Section ID : 'CA_3415'. File name : D:\vishal all data\OLD DATA\2025\Rajib Sir\LATEST VIETNAM\TechGration\TechGration\CYMEUPLOAD\E7-471\CymeTextFile\Network.txt
Code : 230050 [Import Export]   Warning : Found gaps in the sequence numbers for intermediate nodes concerning the Section ID : 'CA_3423'. File name : D:\vishal all data\OLD DATA\2025\Rajib Sir\LATEST VIETNAM\TechGration\TechGration\CYMEUPLOAD\E7-471\CymeTextFile\Network.txt
Code : 230050 [Import Export]   Warning : Found gaps in the sequence numbers for intermediate nodes concerning the Section ID : 'CA_3426'. File name : D:\vishal all data\OLD DATA\2025\Rajib Sir\LATEST VIETNAM\TechGration\TechGration\CYMEUPLOAD\E7-471\CymeTextFile\Network.txt
Code : 230050 [Import Export]   Warning : Found gaps in the sequence numbers for intermediate nodes concerning the Section ID : 'CA_3427'. File name : D:\vishal all data\OLD DATA\2025\Rajib Sir\LATEST VIETNAM\TechGration\TechGration\CYMEUPLOAD\E7-471\CymeTextFile\Network.txt
Code : 230050 [Import Export]   Warning : Found gaps in the sequence numbers for intermediate nodes concerning the Section ID : 'CA_3428'. File name : D:\vishal all data\OLD DATA\2025\Rajib Sir\LATEST VIETNAM\TechGration\TechGration\CYMEUPLOAD\E7-471\CymeTextFile\Network.txt
Code : 230050 [Import Export]   Warning : Found gaps in the sequence numbers for intermediate nodes concerning the Section ID : 'CA_3429'. File name : D:\vishal all data\OLD DATA\2025\Rajib Sir\LATEST VIETNAM\TechGration\TechGration\CYMEUPLOAD\E7-471\CymeTextFile\Network.txt
Code : 230050 [Import Export]   Warning : Found gaps in the sequence numbers for intermediate nodes concerning the Section ID : 'CA_3430'. File name : D:\vishal all data\OLD DATA\2025\Rajib Sir\LATEST VIETNAM\TechGration\TechGration\CYMEUPLOAD\E7-471\CymeTextFile\Network.txt
Code : 230050 [Import Export]   Warning : Found gaps in the sequence numbers for intermediate nodes concerning the Section ID : 'CA_3431'. File name : D:\vishal all data\OLD DATA\2025\Rajib Sir\LATEST VIETNAM\TechGration\TechGration\CYMEUPLOAD\E7-471\CymeTextFile\Network.txt
Code : 230050 [Import Export]   Warning : Found gaps in the sequence numbers for intermediate nodes concerning the Section ID : 'CA_3432'. File name : D:\vishal all data\OLD DATA\2025\Rajib Sir\LATEST VIETNAM\TechGration\TechGration\CYMEUPLOAD\E7-471\CymeTextFile\Network.txt
Code : 230050 [Import Export]   Warning : Found gaps in the sequence numbers for intermediate nodes concerning the Section ID : 'CA_3433'. File name : D:\vishal all data\OLD DATA\2025\Rajib Sir\LATEST VIETNAM\TechGration\TechGration\CYMEUPLOAD\E7-471\CymeTextFile\Network.txt
Code : 230050 [Import Export]   Warning : Found gaps in the sequence numbers for intermediate nodes concerning the Section ID : 'CA_3434'. File name : D:\vishal all data\OLD DATA\2025\Rajib Sir\LATEST VIETNAM\TechGration\TechGration\CYMEUPLOAD\E7-471\CymeTextFile\Network.txt
Code : 230050 [Import Export]   Warning : Found gaps in the sequence numbers for intermediate nodes concerning the Section ID : 'CA_3437'. File name : D:\vishal all data\OLD DATA\2025\Rajib Sir\LATEST VIETNAM\TechGration\TechGration\CYMEUPLOAD\E7-471\CymeTextFile\Network.txt
Code : 230050 [Import Export]   Warning : Found gaps in the sequence numbers for intermediate nodes concerning the Section ID : 'CA_3439'. File name : D:\vishal all data\OLD DATA\2025\Rajib Sir\LATEST VIETNAM\TechGration\TechGration\CYMEUPLOAD\E7-471\CymeTextFile\Network.txt
Code : 230050 [Import Export]   Warning : Found gaps in the sequence numbers for intermediate nodes concerning the Section ID : 'CA_3441'. File name : D:\vishal all data\OLD DATA\2025\Rajib Sir\LATEST VIETNAM\TechGration\TechGration\CYMEUPLOAD\E7-471\CymeTextFile\Network.txt
Code : 230050 [Import Export]   Warning : Found gaps in the sequence numbers for intermediate nodes concerning the Section ID : 'CA_3442'. File name : D:\vishal all data\OLD DATA\2025\Rajib Sir\LATEST VIETNAM\TechGration\TechGration\CYMEUPLOAD\E7-471\CymeTextFile\Network.txt
Code : 230050 [Import Export]   Warning : Found gaps in the sequence numbers for intermediate nodes concerning the Section ID : 'CA_3443'. File name : D:\vishal all data\OLD DATA\2025\Rajib Sir\LATEST VIETNAM\TechGration\TechGration\CYMEUPLOAD\E7-471\CymeTextFile\Network.txt
Code : 230050 [Import Export]   Warning : Found gaps in the sequence numbers for intermediate nodes concerning the Section ID : 'CA_3444'. File name : D:\vishal all data\OLD DATA\2025\Rajib Sir\LATEST VIETNAM\TechGration\TechGration\CYMEUPLOAD\E7-471\CymeTextFile\Network.txt
Code : 230050 [Import Export]   Warning : Found gaps in the sequence numbers for intermediate nodes concerning the Section ID : 'CA_3445'. File name : D:\vishal all data\OLD DATA\2025\Rajib Sir\LATEST VIETNAM\TechGration\TechGration\CYMEUPLOAD\E7-471\CymeTextFile\Network.txt
Code : 230050 [Import Export]   Warning : Found gaps in the sequence numbers for intermediate nodes concerning the Section ID : 'CA_3446'. File name : D:\vishal all data\OLD DATA\2025\Rajib Sir\LATEST VIETNAM\TechGration\TechGration\CYMEUPLOAD\E7-471\CymeTextFile\Network.txt
Code : 230050 [Import Export]   Warning : Found gaps in the sequence numbers for intermediate nodes concerning the Section ID : 'CA_3447'. File name : D:\vishal all data\OLD DATA\2025\Rajib Sir\LATEST VIETNAM\TechGration\TechGration\CYMEUPLOAD\E7-471\CymeTextFile\Network.txt
Code : 230050 [Import Export]   Warning : Found gaps in the sequence numbers for intermediate nodes concerning the Section ID : 'CA_3448'. File name : D:\vishal all data\OLD DATA\2025\Rajib Sir\LATEST VIETNAM\TechGration\TechGration\CYMEUPLOAD\E7-471\CymeTextFile\Network.txt
Code : 230050 [Import Export]   Warning : Found gaps in the sequence numbers for intermediate nodes concerning the Section ID : 'CA_3449'. File name : D:\vishal all data\OLD DATA\2025\Rajib Sir\LATEST VIETNAM\TechGration\TechGration\CYMEUPLOAD\E7-471\CymeTextFile\Network.txt
Code : 230050 [Import Export]   Warning : Found gaps in the sequence numbers for intermediate nodes concerning the Section ID : 'CA_3450'. File name : D:\vishal all data\OLD DATA\2025\Rajib Sir\LATEST VIETNAM\TechGration\TechGration\CYMEUPLOAD\E7-471\CymeTextFile\Network.txt
Code : 230050 [Import Export]   Warning : Found gaps in the sequence numbers for intermediate nodes concerning the Section ID : 'CA_3451'. File name : D:\vishal all data\OLD DATA\2025\Rajib Sir\LATEST VIETNAM\TechGration\TechGration\CYMEUPLOAD\E7-471\CymeTextFile\Network.txt
Code : 230050 [Import Export]   Warning : Found gaps in the sequence numbers for intermediate nodes concerning the Section ID : 'CA_3452'. File name : D:\vishal all data\OLD DATA\2025\Rajib Sir\LATEST VIETNAM\TechGration\TechGration\CYMEUPLOAD\E7-471\CymeTextFile\Network.txt
Code : 230050 [Import Export]   Warning : Found gaps in the sequence numbers for intermediate nodes concerning the Section ID : 'CA_3553'. File name : D:\vishal all data\OLD DATA\2025\Rajib Sir\LATEST VIETNAM\TechGration\TechGration\CYMEUPLOAD\E7-471\CymeTextFile\Network.txt
Code : 230050 [Import Export]   Warning : Found gaps in the sequence numbers for intermediate nodes concerning the Section ID : 'CA_4539'. File name : D:\vishal all data\OLD DATA\2025\Rajib Sir\LATEST VIETNAM\TechGration\TechGration\CYMEUPLOAD\E7-471\CymeTextFile\Network.txt
Code : 230050 [Import Export]   Warning : Found gaps in the sequence numbers for intermediate nodes concerning the Section ID : 'CA_4540'. File name : D:\vishal all data\OLD DATA\2025\Rajib Sir\LATEST VIETNAM\TechGration\TechGration\CYMEUPLOAD\E7-471\CymeTextFile\Network.txt
Code : 230050 [Import Export]   Warning : Found gaps in the sequence numbers for intermediate nodes concerning the Section ID : 'CA_4547'. File name : D:\vishal all data\OLD DATA\2025\Rajib Sir\LATEST VIETNAM\TechGration\TechGration\CYMEUPLOAD\E7-471\CymeTextFile\Network.txt
Code : 230050 [Import Export]   Warning : Found gaps in the sequence numbers for intermediate nodes concerning the Section ID : 'CA_4629'. File name : D:\vishal all data\OLD DATA\2025\Rajib Sir\LATEST VIETNAM\TechGration\TechGration\CYMEUPLOAD\E7-471\CymeTextFile\Network.txt
Code : 230050 [Import Export]   Warning : Found gaps in the sequence numbers for intermediate nodes concerning the Section ID : 'OH_3127'. File name : D:\vishal all data\OLD DATA\2025\Rajib Sir\LATEST VIETNAM\TechGration\TechGration\CYMEUPLOAD\E7-471\CymeTextFile\Network.txt
Code : 230050 [Import Export]   Warning : Found gaps in the sequence numbers for intermediate nodes concerning the Section ID : 'OH_3128'. File name : D:\vishal all data\OLD DATA\2025\Rajib Sir\LATEST VIETNAM\TechGration\TechGration\CYMEUPLOAD\E7-471\CymeTextFile\Network.txt
Code : 230050 [Import Export]   Warning : Found gaps in the sequence numbers for intermediate nodes concerning the Section ID : 'OH_3169'. File name : D:\vishal all data\OLD DATA\2025\Rajib Sir\LATEST VIETNAM\TechGration\TechGration\CYMEUPLOAD\E7-471\CymeTextFile\Network.txt
Code : 230050 [Import Export]   Warning : Found gaps in the sequence numbers for intermediate nodes concerning the Section ID : 'OH_3172'. File name : D:\vishal all data\OLD DATA\2025\Rajib Sir\LATEST VIETNAM\TechGration\TechGration\CYMEUPLOAD\E7-471\CymeTextFile\Network.txt
Code : 230050 [Import Export]   Warning : Found gaps in the sequence numbers for intermediate nodes concerning the Section ID : 'OH_3173'. File name : D:\vishal all data\OLD DATA\2025\Rajib Sir\LATEST VIETNAM\TechGration\TechGration\CYMEUPLOAD\E7-471\CymeTextFile\Network.txt
Code : 230050 [Import Export]   Warning : Found gaps in the sequence numbers for intermediate nodes concerning the Section ID : 'OH_3175'. File name : D:\vishal all data\OLD DATA\2025\Rajib Sir\LATEST VIETNAM\TechGration\TechGration\CYMEUPLOAD\E7-471\CymeTextFile\Network.txt
Code : 230050 [Import Export]   Warning : Found gaps in the sequence numbers for intermediate nodes concerning the Section ID : 'OH_3178'. File name : D:\vishal all data\OLD DATA\2025\Rajib Sir\LATEST VIETNAM\TechGration\TechGration\CYMEUPLOAD\E7-471\CymeTextFile\Network.txt
Code : 230050 [Import Export]   Warning : Found gaps in the sequence numbers for intermediate nodes concerning the Section ID : 'OH_3184'. File name : D:\vishal all data\OLD DATA\2025\Rajib Sir\LATEST VIETNAM\TechGration\TechGration\CYMEUPLOAD\E7-471\CymeTextFile\Network.txt
Code : 230050 [Import Export]   Warning : Found gaps in the sequence numbers for intermediate nodes concerning the Section ID : 'OH_3192'. File name : D:\vishal all data\OLD DATA\2025\Rajib Sir\LATEST VIETNAM\TechGration\TechGration\CYMEUPLOAD\E7-471\CymeTextFile\Network.txt
Code : 230050 [Import Export]   Warning : Found gaps in the sequence numbers for intermediate nodes concerning the Section ID : 'OH_3198'. File name : D:\vishal all data\OLD DATA\2025\Rajib Sir\LATEST VIETNAM\TechGration\TechGration\CYMEUPLOAD\E7-471\CymeTextFile\Network.txt
Code : 230050 [Import Export]   Warning : Found gaps in the sequence numbers for intermediate nodes concerning the Section ID : 'OH_3201'. File name : D:\vishal all data\OLD DATA\2025\Rajib Sir\LATEST VIETNAM\TechGration\TechGration\CYMEUPLOAD\E7-471\CymeTextFile\Network.txt
Code : 230050 [Import Export]   Warning : Found gaps in the sequence numbers for intermediate nodes concerning the Section ID : 'OH_3204'. File name : D:\vishal all data\OLD DATA\2025\Rajib Sir\LATEST VIETNAM\TechGration\TechGration\CYMEUPLOAD\E7-471\CymeTextFile\Network.txt
Code : 230050 [Import Export]   Warning : Found gaps in the sequence numbers for intermediate nodes concerning the Section ID : 'OH_3206'. File name : D:\vishal all data\OLD DATA\2025\Rajib Sir\LATEST VIETNAM\TechGration\TechGration\CYMEUPLOAD\E7-471\CymeTextFile\Network.txt
Code : 230050 [Import Export]   Warning : Found gaps in the sequence numbers for intermediate nodes concerning the Section ID : 'OH_3207'. File name : D:\vishal all data\OLD DATA\2025\Rajib Sir\LATEST VIETNAM\TechGration\TechGration\CYMEUPLOAD\E7-471\CymeTextFile\Network.txt
Code : 230050 [Import Export]   Warning : Found gaps in the sequence numbers for intermediate nodes concerning the Section ID : 'OH_3208'. File name : D:\vishal all data\OLD DATA\2025\Rajib Sir\LATEST VIETNAM\TechGration\TechGration\CYMEUPLOAD\E7-471\CymeTextFile\Network.txt
Code : 230050 [Import Export]   Warning : Found gaps in the sequence numbers for intermediate nodes concerning the Section ID : 'OH_3210'. File name : D:\vishal all data\OLD DATA\2025\Rajib Sir\LATEST VIETNAM\TechGration\TechGration\CYMEUPLOAD\E7-471\CymeTextFile\Network.txt
Code : 230050 [Import Export]   Warning : Found gaps in the sequence numbers for intermediate nodes concerning the Section ID : 'OH_3212'. File name : D:\vishal all data\OLD DATA\2025\Rajib Sir\LATEST VIETNAM\TechGration\TechGration\CYMEUPLOAD\E7-471\CymeTextFile\Network.txt
Code : 230050 [Import Export]   Warning : Found gaps in the sequence numbers for intermediate nodes concerning the Section ID : 'OH_3213'. File name : D:\vishal all data\OLD DATA\2025\Rajib Sir\LATEST VIETNAM\TechGration\TechGration\CYMEUPLOAD\E7-471\CymeTextFile\Network.txt
Code : 230050 [Import Export]   Warning : Found gaps in the sequence numbers for intermediate nodes concerning the Section ID : 'OH_3214'. File name : D:\vishal all data\OLD DATA\2025\Rajib Sir\LATEST VIETNAM\TechGration\TechGration\CYMEUPLOAD\E7-471\CymeTextFile\Network.txt
Code : 230050 [Import Export]   Warning : Found gaps in the sequence numbers for intermediate nodes concerning the Section ID : 'OH_3333'. File name : D:\vishal all data\OLD DATA\2025\Rajib Sir\LATEST VIETNAM\TechGration\TechGration\CYMEUPLOAD\E7-471\CymeTextFile\Network.txt
Code : 230050 [Import Export]   Warning : Found gaps in the sequence numbers for intermediate nodes concerning the Section ID : 'OH_3338'. File name : D:\vishal all data\OLD DATA\2025\Rajib Sir\LATEST VIETNAM\TechGration\TechGration\CYMEUPLOAD\E7-471\CymeTextFile\Network.txt
Code : 230050 [Import Export]   Warning : Found gaps in the sequence numbers for intermediate nodes concerning the Section ID : 'OH_3340'. File name : D:\vishal all data\OLD DATA\2025\Rajib Sir\LATEST VIETNAM\TechGration\TechGration\CYMEUPLOAD\E7-471\CymeTextFile\Network.txt
Code : 230050 [Import Export]   Warning : Found gaps in the sequence numbers for intermediate nodes concerning the Section ID : 'OH_3341'. File name : D:\vishal all data\OLD DATA\2025\Rajib Sir\LATEST VIETNAM\TechGration\TechGration\CYMEUPLOAD\E7-471\CymeTextFile\Network.txt
Code : 230050 [Import Export]   Warning : Found gaps in the sequence numbers for intermediate nodes concerning the Section ID : 'OH_3342'. File name : D:\vishal all data\OLD DATA\2025\Rajib Sir\LATEST VIETNAM\TechGration\TechGration\CYMEUPLOAD\E7-471\CymeTextFile\Network.txt
Code : 230050 [Import Export]   Warning : Found gaps in the sequence numbers for intermediate nodes concerning the Section ID : 'OH_3344'. File name : D:\vishal all data\OLD DATA\2025\Rajib Sir\LATEST VIETNAM\TechGration\TechGration\CYMEUPLOAD\E7-471\CymeTextFile\Network.txt
Code : 230050 [Import Export]   Warning : Found gaps in the sequence numbers for intermediate nodes concerning the Section ID : 'OH_3345'. File name : D:\vishal all data\OLD DATA\2025\Rajib Sir\LATEST VIETNAM\TechGration\TechGration\CYMEUPLOAD\E7-471\CymeTextFile\Network.txt
Code : 230050 [Import Export]   Warning : Found gaps in the sequence numbers for intermediate nodes concerning the Section ID : 'OH_3346'. File name : D:\vishal all data\OLD DATA\2025\Rajib Sir\LATEST VIETNAM\TechGration\TechGration\CYMEUPLOAD\E7-471\CymeTextFile\Network.txt
Code : 230050 [Import Export]   Warning : Found gaps in the sequence numbers for intermediate nodes concerning the Section ID : 'OH_3353'. File name : D:\vishal all data\OLD DATA\2025\Rajib Sir\LATEST VIETNAM\TechGration\TechGration\CYMEUPLOAD\E7-471\CymeTextFile\Network.txt
Code : 230050 [Import Export]   Warning : Found gaps in the sequence numbers for intermediate nodes concerning the Section ID : 'OH_3438'. File name : D:\vishal all data\OLD DATA\2025\Rajib Sir\LATEST VIETNAM\TechGration\TechGration\CYMEUPLOAD\E7-471\CymeTextFile\Network.txt
Code : 230050 [Import Export]   Warning : Found gaps in the sequence numbers for intermediate nodes concerning the Section ID : 'OH_4321'. File name : D:\vishal all data\OLD DATA\2025\Rajib Sir\LATEST VIETNAM\TechGration\TechGration\CYMEUPLOAD\E7-471\CymeTextFile\Network.txt
Code : 230050 [Import Export]   Warning : Found gaps in the sequence numbers for intermediate nodes concerning the Section ID : 'OH_4404'. File name : D:\vishal all data\OLD DATA\2025\Rajib Sir\LATEST VIETNAM\TechGration\TechGration\CYMEUPLOAD\E7-471\CymeTextFile\Network.txt
Code : 230050 [Import Export]   Warning : Found gaps in the sequence numbers for intermediate nodes concerning the Section ID : 'OH_4405'. File name : D:\vishal all data\OLD DATA\2025\Rajib Sir\LATEST VIETNAM\TechGration\TechGration\CYMEUPLOAD\E7-471\CymeTextFile\Network.txt
Code : 230050 [Import Export]   Warning : Found gaps in the sequence numbers for intermediate nodes concerning the Section ID : 'OH_4407'. File name : D:\vishal all data\OLD DATA\2025\Rajib Sir\LATEST VIETNAM\TechGration\TechGration\CYMEUPLOAD\E7-471\CymeTextFile\Network.txt
Code : 230050 [Import Export]   Warning : Found gaps in the sequence numbers for intermediate nodes concerning the Section ID : 'OH_4408'. File name : D:\vishal all data\OLD DATA\2025\Rajib Sir\LATEST VIETNAM\TechGration\TechGration\CYMEUPLOAD\E7-471\CymeTextFile\Network.txt
Code : 230050 [Import Export]   Warning : Found gaps in the sequence numbers for intermediate nodes concerning the Section ID : 'OH_4409'. File name : D:\vishal all data\OLD DATA\2025\Rajib Sir\LATEST VIETNAM\TechGration\TechGration\CYMEUPLOAD\E7-471\CymeTextFile\Network.txt
Code : 230050 [Import Export]   Warning : Found gaps in the sequence numbers for intermediate nodes concerning the Section ID : 'OH_4411'. File name : D:\vishal all data\OLD DATA\2025\Rajib Sir\LATEST VIETNAM\TechGration\TechGration\CYMEUPLOAD\E7-471\CymeTextFile\Network.txt
Code : 230050 [Import Export]   Warning : Found gaps in the sequence numbers for intermediate nodes concerning the Section ID : 'OH_4412'. File name : D:\vishal all data\OLD DATA\2025\Rajib Sir\LATEST VIETNAM\TechGration\TechGration\CYMEUPLOAD\E7-471\CymeTextFile\Network.txt
Code : 230050 [Import Export]   Warning : Found gaps in the sequence numbers for intermediate nodes concerning the Section ID : 'OH_4415'. File name : D:\vishal all data\OLD DATA\2025\Rajib Sir\LATEST VIETNAM\TechGration\TechGration\CYMEUPLOAD\E7-471\CymeTextFile\Network.txt
Code : 230050 [Import Export]   Warning : Found gaps in the sequence numbers for intermediate nodes concerning the Section ID : 'OH_4416'. File name : D:\vishal all data\OLD DATA\2025\Rajib Sir\LATEST VIETNAM\TechGration\TechGration\CYMEUPLOAD\E7-471\CymeTextFile\Network.txt
Code : 230050 [Import Export]   Warning : Found gaps in the sequence numbers for intermediate nodes concerning the Section ID : 'OH_4438'. File name : D:\vishal all data\OLD DATA\2025\Rajib Sir\LATEST VIETNAM\TechGration\TechGration\CYMEUPLOAD\E7-471\CymeTextFile\Network.txt
Code : 230050 [Import Export]   Warning : Found gaps in the sequence numbers for intermediate nodes concerning the Section ID : 'OH_4439'. File name : D:\vishal all data\OLD DATA\2025\Rajib Sir\LATEST VIETNAM\TechGration\TechGration\CYMEUPLOAD\E7-471\CymeTextFile\Network.txt
Code : 230050 [Import Export]   Warning : Found gaps in the sequence numbers for intermediate nodes concerning the Section ID : 'OH_4440'. File name : D:\vishal all data\OLD DATA\2025\Rajib Sir\LATEST VIETNAM\TechGration\TechGration\CYMEUPLOAD\E7-471\CymeTextFile\Network.txt
Code : 230050 [Import Export]   Warning : Found gaps in the sequence numbers for intermediate nodes concerning the Section ID : 'OH_4470'. File name : D:\vishal all data\OLD DATA\2025\Rajib Sir\LATEST VIETNAM\TechGration\TechGration\CYMEUPLOAD\E7-471\CymeTextFile\Network.txt
Code : 230050 [Import Export]   Warning : Found gaps in the sequence numbers for intermediate nodes concerning the Section ID : 'OH_4471'. File name : D:\vishal all data\OLD DATA\2025\Rajib Sir\LATEST VIETNAM\TechGration\TechGration\CYMEUPLOAD\E7-471\CymeTextFile\Network.txt
Code : 230050 [Import Export]   Warning : Found gaps in the sequence numbers for intermediate nodes concerning the Section ID : 'OH_4472'. File name : D:\vishal all data\OLD DATA\2025\Rajib Sir\LATEST VIETNAM\TechGration\TechGration\CYMEUPLOAD\E7-471\CymeTextFile\Network.txt
Code : 230050 [Import Export]   Warning : Found gaps in the sequence numbers for intermediate nodes concerning the Section ID : 'OH_4491'. File name : D:\vishal all data\OLD DATA\2025\Rajib Sir\LATEST VIETNAM\TechGration\TechGration\CYMEUPLOAD\E7-471\CymeTextFile\Network.txt
Code : 230050 [Import Export]   Warning : Found gaps in the sequence numbers for intermediate nodes concerning the Section ID : 'OH_4492'. File name : D:\vishal all data\OLD DATA\2025\Rajib Sir\LATEST VIETNAM\TechGration\TechGration\CYMEUPLOAD\E7-471\CymeTextFile\Network.txt
Code : 230050 [Import Export]   Warning : Found gaps in the sequence numbers for intermediate nodes concerning the Section ID : 'OH_4504'. File name : D:\vishal all data\OLD DATA\2025\Rajib Sir\LATEST VIETNAM\TechGration\TechGration\CYMEUPLOAD\E7-471\CymeTextFile\Network.txt
Code : 230050 [Import Export]   Warning : Found gaps in the sequence numbers for intermediate nodes concerning the Section ID : 'OH_4513'. File name : D:\vishal all data\OLD DATA\2025\Rajib Sir\LATEST VIETNAM\TechGration\TechGration\CYMEUPLOAD\E7-471\CymeTextFile\Network.txt
Code : 230050 [Import Export]   Warning : Found gaps in the sequence numbers for intermediate nodes concerning the Section ID : 'OH_4516'. File name : D:\vishal all data\OLD DATA\2025\Rajib Sir\LATEST VIETNAM\TechGration\TechGration\CYMEUPLOAD\E7-471\CymeTextFile\Network.txt
Code : 230050 [Import Export]   Warning : Found gaps in the sequence numbers for intermediate nodes concerning the Section ID : 'OH_4518'. File name : D:\vishal all data\OLD DATA\2025\Rajib Sir\LATEST VIETNAM\TechGration\TechGration\CYMEUPLOAD\E7-471\CymeTextFile\Network.txt
Code : 230050 [Import Export]   Warning : Found gaps in the sequence numbers for intermediate nodes concerning the Section ID : 'OH_4526'. File name : D:\vishal all data\OLD DATA\2025\Rajib Sir\LATEST VIETNAM\TechGration\TechGration\CYMEUPLOAD\E7-471\CymeTextFile\Network.txt
Code : 230050 [Import Export]   Warning : Found gaps in the sequence numbers for intermediate nodes concerning the Section ID : 'OH_4553'. File name : D:\vishal all data\OLD DATA\2025\Rajib Sir\LATEST VIETNAM\TechGration\TechGration\CYMEUPLOAD\E7-471\CymeTextFile\Network.txt
Code : 230050 [Import Export]   Warning : Found gaps in the sequence numbers for intermediate nodes concerning the Section ID : 'OH_4564'. File name : D:\vishal all data\OLD DATA\2025\Rajib Sir\LATEST VIETNAM\TechGration\TechGration\CYMEUPLOAD\E7-471\CymeTextFile\Network.txt
Code : 230050 [Import Export]   Warning : Found gaps in the sequence numbers for intermediate nodes concerning the Section ID : 'OH_4565'. File name : D:\vishal all data\OLD DATA\2025\Rajib Sir\LATEST VIETNAM\TechGration\TechGration\CYMEUPLOAD\E7-471\CymeTextFile\Network.txt
Code : 230050 [Import Export]   Warning : Found gaps in the sequence numbers for intermediate nodes concerning the Section ID : 'OH_4569'. File name : D:\vishal all data\OLD DATA\2025\Rajib Sir\LATEST VIETNAM\TechGration\TechGration\CYMEUPLOAD\E7-471\CymeTextFile\Network.txt
Code : 230050 [Import Export]   Warning : Found gaps in the sequence numbers for intermediate nodes concerning the Section ID : 'OH_4570'. File name : D:\vishal all data\OLD DATA\2025\Rajib Sir\LATEST VIETNAM\TechGration\TechGration\CYMEUPLOAD\E7-471\CymeTextFile\Network.txt
Code : 230050 [Import Export]   Warning : Found gaps in the sequence numbers for intermediate nodes concerning the Section ID : 'OH_4617'. File name : D:\vishal all data\OLD DATA\2025\Rajib Sir\LATEST VIETNAM\TechGration\TechGration\CYMEUPLOAD\E7-471\CymeTextFile\Network.txt
Code : 230050 [Import Export]   Warning : Found gaps in the sequence numbers for intermediate nodes concerning the Section ID : 'OH_4622'. File name : D:\vishal all data\OLD DATA\2025\Rajib Sir\LATEST VIETNAM\TechGration\TechGration\CYMEUPLOAD\E7-471\CymeTextFile\Network.txt
Code : 230050 [Import Export]   Warning : Found gaps in the sequence numbers for intermediate nodes concerning the Section ID : 'OH_4623'. File name : D:\vishal all data\OLD DATA\2025\Rajib Sir\LATEST VIETNAM\TechGration\TechGration\CYMEUPLOAD\E7-471\CymeTextFile\Network.txt
Code : 230050 [Import Export]   Warning : Found gaps in the sequence numbers for intermediate nodes concerning the Section ID : 'OH_4624'. File name : D:\vishal all data\OLD DATA\2025\Rajib Sir\LATEST VIETNAM\TechGration\TechGration\CYMEUPLOAD\E7-471\CymeTextFile\Network.txt
Code : 230234 [Import Export]   Warning : Defined UserDefinedValue is not used. DeviceNumber : 'SG_1320' and DeviceType : '8'. File name : D:\vishal all data\OLD DATA\2025\Rajib Sir\LATEST VIETNAM\TechGration\TechGration\CYMEUPLOAD\E7-471\CymeTextFile\Network.txt
Code : 230234 [Import Export]   Warning : Defined UserDefinedValue is not used. DeviceNumber : 'SG_1350' and DeviceType : '8'. File name : D:\vishal all data\OLD DATA\2025\Rajib Sir\LATEST VIETNAM\TechGration\TechGration\CYMEUPLOAD\E7-471\CymeTextFile\Network.txt
Code : 230234 [Import Export]   Warning : Defined UserDefinedValue is not used. DeviceNumber : 'SG_1582' and DeviceType : '8'. File name : D:\vishal all data\OLD DATA\2025\Rajib Sir\LATEST VIETNAM\TechGration\TechGration\CYMEUPLOAD\E7-471\CymeTextFile\Network.txt
Code : 230234 [Import Export]   Warning : Defined UserDefinedValue is not used. DeviceNumber : 'SG_1591' and DeviceType : '8'. File name : D:\vishal all data\OLD DATA\2025\Rajib Sir\LATEST VIETNAM\TechGration\TechGration\CYMEUPLOAD\E7-471\CymeTextFile\Network.txt
Code : 230234 [Import Export]   Warning : Defined UserDefinedValue is not used. DeviceNumber : 'SG_1609' and DeviceType : '8'. File name : D:\vishal all data\OLD DATA\2025\Rajib Sir\LATEST VIETNAM\TechGration\TechGration\CYMEUPLOAD\E7-471\CymeTextFile\Network.txt
Code : 230234 [Import Export]   Warning : Defined UserDefinedValue is not used. DeviceNumber : 'SG_1627' and DeviceType : '8'. File name : D:\vishal all data\OLD DATA\2025\Rajib Sir\LATEST VIETNAM\TechGration\TechGration\CYMEUPLOAD\E7-471\CymeTextFile\Network.txt
Code : 230234 [Import Export]   Warning : Defined UserDefinedValue is not used. DeviceNumber : 'SG_1675' and DeviceType : '8'. File name : D:\vishal all data\OLD DATA\2025\Rajib Sir\LATEST VIETNAM\TechGration\TechGration\CYMEUPLOAD\E7-471\CymeTextFile\Network.txt
Code : 230234 [Import Export]   Warning : Defined UserDefinedValue is not used. DeviceNumber : 'SG_1676' and DeviceType : '8'. File name : D:\vishal all data\OLD DATA\2025\Rajib Sir\LATEST VIETNAM\TechGration\TechGration\CYMEUPLOAD\E7-471\CymeTextFile\Network.txt
Code : 230234 [Import Export]   Warning : Defined UserDefinedValue is not used. DeviceNumber : 'SG_1679' and DeviceType : '8'. File name : D:\vishal all data\OLD DATA\2025\Rajib Sir\LATEST VIETNAM\TechGration\TechGration\CYMEUPLOAD\E7-471\CymeTextFile\Network.txt
Code : 230234 [Import Export]   Warning : Defined UserDefinedValue is not used. DeviceNumber : 'SG_1681' and DeviceType : '8'. File name : D:\vishal all data\OLD DATA\2025\Rajib Sir\LATEST VIETNAM\TechGration\TechGration\CYMEUPLOAD\E7-471\CymeTextFile\Network.txt
Code : 230234 [Import Export]   Warning : Defined UserDefinedValue is not used. DeviceNumber : 'SG_1682' and DeviceType : '8'. File name : D:\vishal all data\OLD DATA\2025\Rajib Sir\LATEST VIETNAM\TechGration\TechGration\CYMEUPLOAD\E7-471\CymeTextFile\Network.txt
Code : 230234 [Import Export]   Warning : Defined UserDefinedValue is not used. DeviceNumber : 'SG_1714' and DeviceType : '8'. File name : D:\vishal all data\OLD DATA\2025\Rajib Sir\LATEST VIETNAM\TechGration\TechGration\CYMEUPLOAD\E7-471\CymeTextFile\Network.txt
Code : 230234 [Import Export]   Warning : Defined UserDefinedValue is not used. DeviceNumber : 'SG_1320' and DeviceType : '8'. File name : D:\vishal all data\OLD DATA\2025\Rajib Sir\LATEST VIETNAM\TechGration\TechGration\CYMEUPLOAD\E7-471\CymeTextFile\Network.txt
Code : 230234 [Import Export]   Warning : Defined UserDefinedValue is not used. DeviceNumber : 'SG_1350' and DeviceType : '8'. File name : D:\vishal all data\OLD DATA\2025\Rajib Sir\LATEST VIETNAM\TechGration\TechGration\CYMEUPLOAD\E7-471\CymeTextFile\Network.txt
Code : 230234 [Import Export]   Warning : Defined UserDefinedValue is not used. DeviceNumber : 'SG_1582' and DeviceType : '8'. File name : D:\vishal all data\OLD DATA\2025\Rajib Sir\LATEST VIETNAM\TechGration\TechGration\CYMEUPLOAD\E7-471\CymeTextFile\Network.txt
Code : 230234 [Import Export]   Warning : Defined UserDefinedValue is not used. DeviceNumber : 'SG_1591' and DeviceType : '8'. File name : D:\vishal all data\OLD DATA\2025\Rajib Sir\LATEST VIETNAM\TechGration\TechGration\CYMEUPLOAD\E7-471\CymeTextFile\Network.txt
Code : 230234 [Import Export]   Warning : Defined UserDefinedValue is not used. DeviceNumber : 'SG_1609' and DeviceType : '8'. File name : D:\vishal all data\OLD DATA\2025\Rajib Sir\LATEST VIETNAM\TechGration\TechGration\CYMEUPLOAD\E7-471\CymeTextFile\Network.txt
Code : 230234 [Import Export]   Warning : Defined UserDefinedValue is not used. DeviceNumber : 'SG_1627' and DeviceType : '8'. File name : D:\vishal all data\OLD DATA\2025\Rajib Sir\LATEST VIETNAM\TechGration\TechGration\CYMEUPLOAD\E7-471\CymeTextFile\Network.txt
Code : 230234 [Import Export]   Warning : Defined UserDefinedValue is not used. DeviceNumber : 'SG_1675' and DeviceType : '8'. File name : D:\vishal all data\OLD DATA\2025\Rajib Sir\LATEST VIETNAM\TechGration\TechGration\CYMEUPLOAD\E7-471\CymeTextFile\Network.txt
Code : 230234 [Import Export]   Warning : Defined UserDefinedValue is not used. DeviceNumber : 'SG_1676' and DeviceType : '8'. File name : D:\vishal all data\OLD DATA\2025\Rajib Sir\LATEST VIETNAM\TechGration\TechGration\CYMEUPLOAD\E7-471\CymeTextFile\Network.txt
Code : 230234 [Import Export]   Warning : Defined UserDefinedValue is not used. DeviceNumber : 'SG_1679' and DeviceType : '8'. File name : D:\vishal all data\OLD DATA\2025\Rajib Sir\LATEST VIETNAM\TechGration\TechGration\CYMEUPLOAD\E7-471\CymeTextFile\Network.txt
Code : 230234 [Import Export]   Warning : Defined UserDefinedValue is not used. DeviceNumber : 'SG_1681' and DeviceType : '8'. File name : D:\vishal all data\OLD DATA\2025\Rajib Sir\LATEST VIETNAM\TechGration\TechGration\CYMEUPLOAD\E7-471\CymeTextFile\Network.txt
Code : 230234 [Import Export]   Warning : Defined UserDefinedValue is not used. DeviceNumber : 'SG_1682' and DeviceType : '8'. File name : D:\vishal all data\OLD DATA\2025\Rajib Sir\LATEST VIETNAM\TechGration\TechGration\CYMEUPLOAD\E7-471\CymeTextFile\Network.txt
Code : 230234 [Import Export]   Warning : Defined UserDefinedValue is not used. DeviceNumber : 'SG_1714' and DeviceType : '8'. File name : D:\vishal all data\OLD DATA\2025\Rajib Sir\LATEST VIETNAM\TechGration\TechGration\CYMEUPLOAD\E7-471\CymeTextFile\Network.txt
Code : 440101 [SQL]   Warning : Source Device Number '771126.432907516_1824985.07793472-S1' already exists in database. Source Device Number changed to : '771126.432907516_1824985.07793472-S1' ( Node : 771126.432907516_1824985.07793472 ) ( Network : E7-473 )
