Code : 230177 [Import Export]   Warning : Keyword 'TCCRepositoryID' is only available in version 810.000000 and higher, the designated value will be ignored. Line number : 1260 File name : D:\vishal all data\OLD DATA\2025\Rajib Sir\LATEST VIETNAM\TechGration\TechGration\CYMEUPLOAD\PHDIEN-479\CymeTextFile\Network.txt
Code : 230177 [Import Export]   Warning : Keyword 'TCCRepositoryAlternateID1' is only available in version 810.000000 and higher, the designated value will be ignored. Line number : 1260 File name : D:\vishal all data\OLD DATA\2025\Rajib Sir\LATEST VIETNAM\TechGration\TechGration\CYMEUPLOAD\PHDIEN-479\CymeTextFile\Network.txt
Code : 230177 [Import Export]   Warning : Keyword 'TCCRepositoryAlternateID2' is only available in version 810.000000 and higher, the designated value will be ignored. Line number : 1260 File name : D:\vishal all data\OLD DATA\2025\Rajib Sir\LATEST VIETNAM\TechGration\TechGration\CYMEUPLOAD\PHDIEN-479\CymeTextFile\Network.txt
Code : 230177 [Import Export]   Warning : Keyword 'TCCRepositoryAlternateID3' is only available in version 810.000000 and higher, the designated value will be ignored. Line number : 1260 File name : D:\vishal all data\OLD DATA\2025\Rajib Sir\LATEST VIETNAM\TechGration\TechGration\CYMEUPLOAD\PHDIEN-479\CymeTextFile\Network.txt
Code : 230177 [Import Export]   Warning : Keyword 'TCCRepositoryAlternateID4' is only available in version 810.000000 and higher, the designated value will be ignored. Line number : 1260 File name : D:\vishal all data\OLD DATA\2025\Rajib Sir\LATEST VIETNAM\TechGration\TechGration\CYMEUPLOAD\PHDIEN-479\CymeTextFile\Network.txt
Code : 230177 [Import Export]   Warning : Keyword 'TCCRepositoryAlternateID5' is only available in version 810.000000 and higher, the designated value will be ignored. Line number : 1260 File name : D:\vishal all data\OLD DATA\2025\Rajib Sir\LATEST VIETNAM\TechGration\TechGration\CYMEUPLOAD\PHDIEN-479\CymeTextFile\Network.txt
Code : 230177 [Import Export]   Warning : Keyword 'TCCRepositoryAlternateID6' is only available in version 810.000000 and higher, the designated value will be ignored. Line number : 1260 File name : D:\vishal all data\OLD DATA\2025\Rajib Sir\LATEST VIETNAM\TechGration\TechGration\CYMEUPLOAD\PHDIEN-479\CymeTextFile\Network.txt
Code : 230177 [Import Export]   Warning : Keyword 'TCCRepositoryAlternateID7' is only available in version 810.000000 and higher, the designated value will be ignored. Line number : 1260 File name : D:\vishal all data\OLD DATA\2025\Rajib Sir\LATEST VIETNAM\TechGration\TechGration\CYMEUPLOAD\PHDIEN-479\CymeTextFile\Network.txt
Code : 230177 [Import Export]   Warning : Keyword 'TCCRepositoryAlternateID8' is only available in version 810.000000 and higher, the designated value will be ignored. Line number : 1260 File name : D:\vishal all data\OLD DATA\2025\Rajib Sir\LATEST VIETNAM\TechGration\TechGration\CYMEUPLOAD\PHDIEN-479\CymeTextFile\Network.txt
Code : 230177 [Import Export]   Warning : Keyword 'TCCRepositoryAlternateID9' is only available in version 810.000000 and higher, the designated value will be ignored. Line number : 1260 File name : D:\vishal all data\OLD DATA\2025\Rajib Sir\LATEST VIETNAM\TechGration\TechGration\CYMEUPLOAD\PHDIEN-479\CymeTextFile\Network.txt
Code : 230177 [Import Export]   Warning : Keyword 'TCCRepositoryAlternateID10' is only available in version 810.000000 and higher, the designated value will be ignored. Line number : 1260 File name : D:\vishal all data\OLD DATA\2025\Rajib Sir\LATEST VIETNAM\TechGration\TechGration\CYMEUPLOAD\PHDIEN-479\CymeTextFile\Network.txt
Code : 230177 [Import Export]   Warning : Keyword 'IntellirupterTCCRepositoryID' is only available in version 810.000000 and higher, the designated value will be ignored. Line number : 1260 File name : D:\vishal all data\OLD DATA\2025\Rajib Sir\LATEST VIETNAM\TechGration\TechGration\CYMEUPLOAD\PHDIEN-479\CymeTextFile\Network.txt
Code : 230177 [Import Export]   Warning : Keyword 'SourceHarmonicModelType' is only available in version 810.000000 and higher, the designated value will be ignored. Line number : 1271 File name : D:\vishal all data\OLD DATA\2025\Rajib Sir\LATEST VIETNAM\TechGration\TechGration\CYMEUPLOAD\PHDIEN-479\CymeTextFile\Network.txt
Code : 230177 [Import Export]   Warning : Keyword 'PulseNumber' is only available in version 810.000000 and higher, the designated value will be ignored. Line number : 1271 File name : D:\vishal all data\OLD DATA\2025\Rajib Sir\LATEST VIETNAM\TechGration\TechGration\CYMEUPLOAD\PHDIEN-479\CymeTextFile\Network.txt
Code : 230177 [Import Export]   Warning : Keyword 'FiringAngle' is only available in version 810.000000 and higher, the designated value will be ignored. Line number : 1271 File name : D:\vishal all data\OLD DATA\2025\Rajib Sir\LATEST VIETNAM\TechGration\TechGration\CYMEUPLOAD\PHDIEN-479\CymeTextFile\Network.txt
Code : 230177 [Import Export]   Warning : Keyword 'OverlapAngle' is only available in version 810.000000 and higher, the designated value will be ignored. Line number : 1271 File name : D:\vishal all data\OLD DATA\2025\Rajib Sir\LATEST VIETNAM\TechGration\TechGration\CYMEUPLOAD\PHDIEN-479\CymeTextFile\Network.txt
Code : 230177 [Import Export]   Warning : Keyword 'ConnectionConfiguration' is only available in version 820.000000 and higher, the designated value will be ignored. Line number : 1271 File name : D:\vishal all data\OLD DATA\2025\Rajib Sir\LATEST VIETNAM\TechGration\TechGration\CYMEUPLOAD\PHDIEN-479\CymeTextFile\Network.txt
Code : 230177 [Import Export]   Warning : Keyword 'ConnectionConfiguration' is only available in version 820.000000 and higher, the designated value will be ignored. Line number : 1274 File name : D:\vishal all data\OLD DATA\2025\Rajib Sir\LATEST VIETNAM\TechGration\TechGration\CYMEUPLOAD\PHDIEN-479\CymeTextFile\Network.txt
Code : 230177 [Import Export]   Warning : Keyword 'CTConnection' is only available in version 820.000000 and higher, the designated value will be ignored. Line number : 1274 File name : D:\vishal all data\OLD DATA\2025\Rajib Sir\LATEST VIETNAM\TechGration\TechGration\CYMEUPLOAD\PHDIEN-479\CymeTextFile\Network.txt
Code : 230177 [Import Export]   Warning : Keyword 'SourceHarmonicModelType' is only available in version 810.000000 and higher, the designated value will be ignored. Line number : 1274 File name : D:\vishal all data\OLD DATA\2025\Rajib Sir\LATEST VIETNAM\TechGration\TechGration\CYMEUPLOAD\PHDIEN-479\CymeTextFile\Network.txt
Code : 230177 [Import Export]   Warning : Keyword 'PulseNumber' is only available in version 810.000000 and higher, the designated value will be ignored. Line number : 1274 File name : D:\vishal all data\OLD DATA\2025\Rajib Sir\LATEST VIETNAM\TechGration\TechGration\CYMEUPLOAD\PHDIEN-479\CymeTextFile\Network.txt
Code : 230177 [Import Export]   Warning : Keyword 'FiringAngle' is only available in version 810.000000 and higher, the designated value will be ignored. Line number : 1274 File name : D:\vishal all data\OLD DATA\2025\Rajib Sir\LATEST VIETNAM\TechGration\TechGration\CYMEUPLOAD\PHDIEN-479\CymeTextFile\Network.txt
Code : 230177 [Import Export]   Warning : Keyword 'OverlapAngle' is only available in version 810.000000 and higher, the designated value will be ignored. Line number : 1274 File name : D:\vishal all data\OLD DATA\2025\Rajib Sir\LATEST VIETNAM\TechGration\TechGration\CYMEUPLOAD\PHDIEN-479\CymeTextFile\Network.txt
Code : 230177 [Import Export]   Warning : Keyword 'SourceHarmonicModelType' is only available in version 810.000000 and higher, the designated value will be ignored. Line number : 1277 File name : D:\vishal all data\OLD DATA\2025\Rajib Sir\LATEST VIETNAM\TechGration\TechGration\CYMEUPLOAD\PHDIEN-479\CymeTextFile\Network.txt
Code : 230177 [Import Export]   Warning : Keyword 'PulseNumber' is only available in version 810.000000 and higher, the designated value will be ignored. Line number : 1277 File name : D:\vishal all data\OLD DATA\2025\Rajib Sir\LATEST VIETNAM\TechGration\TechGration\CYMEUPLOAD\PHDIEN-479\CymeTextFile\Network.txt
Code : 230177 [Import Export]   Warning : Keyword 'FiringAngle' is only available in version 810.000000 and higher, the designated value will be ignored. Line number : 1277 File name : D:\vishal all data\OLD DATA\2025\Rajib Sir\LATEST VIETNAM\TechGration\TechGration\CYMEUPLOAD\PHDIEN-479\CymeTextFile\Network.txt
Code : 230177 [Import Export]   Warning : Keyword 'OverlapAngle' is only available in version 810.000000 and higher, the designated value will be ignored. Line number : 1277 File name : D:\vishal all data\OLD DATA\2025\Rajib Sir\LATEST VIETNAM\TechGration\TechGration\CYMEUPLOAD\PHDIEN-479\CymeTextFile\Network.txt
Code : 230177 [Import Export]   Warning : Keyword 'ConnectionConfiguration' is only available in version 820.000000 and higher, the designated value will be ignored. Line number : 1277 File name : D:\vishal all data\OLD DATA\2025\Rajib Sir\LATEST VIETNAM\TechGration\TechGration\CYMEUPLOAD\PHDIEN-479\CymeTextFile\Network.txt
Code : 230050 [Import Export]   Warning : Found gaps in the sequence numbers for intermediate nodes concerning the Section ID : 'BB_5553'. File name : D:\vishal all data\OLD DATA\2025\Rajib Sir\LATEST VIETNAM\TechGration\TechGration\CYMEUPLOAD\PHDIEN-479\CymeTextFile\Network.txt
Code : 230050 [Import Export]   Warning : Found gaps in the sequence numbers for intermediate nodes concerning the Section ID : 'CA_5594'. File name : D:\vishal all data\OLD DATA\2025\Rajib Sir\LATEST VIETNAM\TechGration\TechGration\CYMEUPLOAD\PHDIEN-479\CymeTextFile\Network.txt
Code : 230050 [Import Export]   Warning : Found gaps in the sequence numbers for intermediate nodes concerning the Section ID : 'OH_4646'. File name : D:\vishal all data\OLD DATA\2025\Rajib Sir\LATEST VIETNAM\TechGration\TechGration\CYMEUPLOAD\PHDIEN-479\CymeTextFile\Network.txt
Code : 230050 [Import Export]   Warning : Found gaps in the sequence numbers for intermediate nodes concerning the Section ID : 'OH_4657'. File name : D:\vishal all data\OLD DATA\2025\Rajib Sir\LATEST VIETNAM\TechGration\TechGration\CYMEUPLOAD\PHDIEN-479\CymeTextFile\Network.txt
Code : 230050 [Import Export]   Warning : Found gaps in the sequence numbers for intermediate nodes concerning the Section ID : 'OH_4673'. File name : D:\vishal all data\OLD DATA\2025\Rajib Sir\LATEST VIETNAM\TechGration\TechGration\CYMEUPLOAD\PHDIEN-479\CymeTextFile\Network.txt
Code : 230050 [Import Export]   Warning : Found gaps in the sequence numbers for intermediate nodes concerning the Section ID : 'OH_4694'. File name : D:\vishal all data\OLD DATA\2025\Rajib Sir\LATEST VIETNAM\TechGration\TechGration\CYMEUPLOAD\PHDIEN-479\CymeTextFile\Network.txt
Code : 230050 [Import Export]   Warning : Found gaps in the sequence numbers for intermediate nodes concerning the Section ID : 'OH_4696'. File name : D:\vishal all data\OLD DATA\2025\Rajib Sir\LATEST VIETNAM\TechGration\TechGration\CYMEUPLOAD\PHDIEN-479\CymeTextFile\Network.txt
Code : 230050 [Import Export]   Warning : Found gaps in the sequence numbers for intermediate nodes concerning the Section ID : 'OH_4824'. File name : D:\vishal all data\OLD DATA\2025\Rajib Sir\LATEST VIETNAM\TechGration\TechGration\CYMEUPLOAD\PHDIEN-479\CymeTextFile\Network.txt
Code : 230050 [Import Export]   Warning : Found gaps in the sequence numbers for intermediate nodes concerning the Section ID : 'OH_4833'. File name : D:\vishal all data\OLD DATA\2025\Rajib Sir\LATEST VIETNAM\TechGration\TechGration\CYMEUPLOAD\PHDIEN-479\CymeTextFile\Network.txt
Code : 230050 [Import Export]   Warning : Found gaps in the sequence numbers for intermediate nodes concerning the Section ID : 'OH_4834'. File name : D:\vishal all data\OLD DATA\2025\Rajib Sir\LATEST VIETNAM\TechGration\TechGration\CYMEUPLOAD\PHDIEN-479\CymeTextFile\Network.txt
Code : 230050 [Import Export]   Warning : Found gaps in the sequence numbers for intermediate nodes concerning the Section ID : 'OH_4835'. File name : D:\vishal all data\OLD DATA\2025\Rajib Sir\LATEST VIETNAM\TechGration\TechGration\CYMEUPLOAD\PHDIEN-479\CymeTextFile\Network.txt
Code : 230050 [Import Export]   Warning : Found gaps in the sequence numbers for intermediate nodes concerning the Section ID : 'OH_4836'. File name : D:\vishal all data\OLD DATA\2025\Rajib Sir\LATEST VIETNAM\TechGration\TechGration\CYMEUPLOAD\PHDIEN-479\CymeTextFile\Network.txt
Code : 230050 [Import Export]   Warning : Found gaps in the sequence numbers for intermediate nodes concerning the Section ID : 'OH_4837'. File name : D:\vishal all data\OLD DATA\2025\Rajib Sir\LATEST VIETNAM\TechGration\TechGration\CYMEUPLOAD\PHDIEN-479\CymeTextFile\Network.txt
Code : 230050 [Import Export]   Warning : Found gaps in the sequence numbers for intermediate nodes concerning the Section ID : 'OH_4838'. File name : D:\vishal all data\OLD DATA\2025\Rajib Sir\LATEST VIETNAM\TechGration\TechGration\CYMEUPLOAD\PHDIEN-479\CymeTextFile\Network.txt
Code : 230050 [Import Export]   Warning : Found gaps in the sequence numbers for intermediate nodes concerning the Section ID : 'OH_4839'. File name : D:\vishal all data\OLD DATA\2025\Rajib Sir\LATEST VIETNAM\TechGration\TechGration\CYMEUPLOAD\PHDIEN-479\CymeTextFile\Network.txt
Code : 230050 [Import Export]   Warning : Found gaps in the sequence numbers for intermediate nodes concerning the Section ID : 'OH_4840'. File name : D:\vishal all data\OLD DATA\2025\Rajib Sir\LATEST VIETNAM\TechGration\TechGration\CYMEUPLOAD\PHDIEN-479\CymeTextFile\Network.txt
Code : 230050 [Import Export]   Warning : Found gaps in the sequence numbers for intermediate nodes concerning the Section ID : 'OH_4841'. File name : D:\vishal all data\OLD DATA\2025\Rajib Sir\LATEST VIETNAM\TechGration\TechGration\CYMEUPLOAD\PHDIEN-479\CymeTextFile\Network.txt
Code : 230050 [Import Export]   Warning : Found gaps in the sequence numbers for intermediate nodes concerning the Section ID : 'OH_4842'. File name : D:\vishal all data\OLD DATA\2025\Rajib Sir\LATEST VIETNAM\TechGration\TechGration\CYMEUPLOAD\PHDIEN-479\CymeTextFile\Network.txt
Code : 230050 [Import Export]   Warning : Found gaps in the sequence numbers for intermediate nodes concerning the Section ID : 'OH_4843'. File name : D:\vishal all data\OLD DATA\2025\Rajib Sir\LATEST VIETNAM\TechGration\TechGration\CYMEUPLOAD\PHDIEN-479\CymeTextFile\Network.txt
Code : 230050 [Import Export]   Warning : Found gaps in the sequence numbers for intermediate nodes concerning the Section ID : 'OH_4844'. File name : D:\vishal all data\OLD DATA\2025\Rajib Sir\LATEST VIETNAM\TechGration\TechGration\CYMEUPLOAD\PHDIEN-479\CymeTextFile\Network.txt
Code : 230050 [Import Export]   Warning : Found gaps in the sequence numbers for intermediate nodes concerning the Section ID : 'OH_4850'. File name : D:\vishal all data\OLD DATA\2025\Rajib Sir\LATEST VIETNAM\TechGration\TechGration\CYMEUPLOAD\PHDIEN-479\CymeTextFile\Network.txt
Code : 230050 [Import Export]   Warning : Found gaps in the sequence numbers for intermediate nodes concerning the Section ID : 'OH_5544'. File name : D:\vishal all data\OLD DATA\2025\Rajib Sir\LATEST VIETNAM\TechGration\TechGration\CYMEUPLOAD\PHDIEN-479\CymeTextFile\Network.txt
Code : 230050 [Import Export]   Warning : Found gaps in the sequence numbers for intermediate nodes concerning the Section ID : 'OH_5545'. File name : D:\vishal all data\OLD DATA\2025\Rajib Sir\LATEST VIETNAM\TechGration\TechGration\CYMEUPLOAD\PHDIEN-479\CymeTextFile\Network.txt
Code : 230050 [Import Export]   Warning : Found gaps in the sequence numbers for intermediate nodes concerning the Section ID : 'OH_5548'. File name : D:\vishal all data\OLD DATA\2025\Rajib Sir\LATEST VIETNAM\TechGration\TechGration\CYMEUPLOAD\PHDIEN-479\CymeTextFile\Network.txt
Code : 230050 [Import Export]   Warning : Found gaps in the sequence numbers for intermediate nodes concerning the Section ID : 'OH_5552'. File name : D:\vishal all data\OLD DATA\2025\Rajib Sir\LATEST VIETNAM\TechGration\TechGration\CYMEUPLOAD\PHDIEN-479\CymeTextFile\Network.txt
Code : 230050 [Import Export]   Warning : Found gaps in the sequence numbers for intermediate nodes concerning the Section ID : 'OH_5556'. File name : D:\vishal all data\OLD DATA\2025\Rajib Sir\LATEST VIETNAM\TechGration\TechGration\CYMEUPLOAD\PHDIEN-479\CymeTextFile\Network.txt
Code : 230050 [Import Export]   Warning : Found gaps in the sequence numbers for intermediate nodes concerning the Section ID : 'OH_5557'. File name : D:\vishal all data\OLD DATA\2025\Rajib Sir\LATEST VIETNAM\TechGration\TechGration\CYMEUPLOAD\PHDIEN-479\CymeTextFile\Network.txt
Code : 230050 [Import Export]   Warning : Found gaps in the sequence numbers for intermediate nodes concerning the Section ID : 'OH_5558'. File name : D:\vishal all data\OLD DATA\2025\Rajib Sir\LATEST VIETNAM\TechGration\TechGration\CYMEUPLOAD\PHDIEN-479\CymeTextFile\Network.txt
Code : 230050 [Import Export]   Warning : Found gaps in the sequence numbers for intermediate nodes concerning the Section ID : 'OH_5559'. File name : D:\vishal all data\OLD DATA\2025\Rajib Sir\LATEST VIETNAM\TechGration\TechGration\CYMEUPLOAD\PHDIEN-479\CymeTextFile\Network.txt
Code : 230050 [Import Export]   Warning : Found gaps in the sequence numbers for intermediate nodes concerning the Section ID : 'OH_5561'. File name : D:\vishal all data\OLD DATA\2025\Rajib Sir\LATEST VIETNAM\TechGration\TechGration\CYMEUPLOAD\PHDIEN-479\CymeTextFile\Network.txt
Code : 230050 [Import Export]   Warning : Found gaps in the sequence numbers for intermediate nodes concerning the Section ID : 'OH_5562'. File name : D:\vishal all data\OLD DATA\2025\Rajib Sir\LATEST VIETNAM\TechGration\TechGration\CYMEUPLOAD\PHDIEN-479\CymeTextFile\Network.txt
Code : 230050 [Import Export]   Warning : Found gaps in the sequence numbers for intermediate nodes concerning the Section ID : 'OH_5632'. File name : D:\vishal all data\OLD DATA\2025\Rajib Sir\LATEST VIETNAM\TechGration\TechGration\CYMEUPLOAD\PHDIEN-479\CymeTextFile\Network.txt
Code : 230050 [Import Export]   Warning : Found gaps in the sequence numbers for intermediate nodes concerning the Section ID : 'OH_5666'. File name : D:\vishal all data\OLD DATA\2025\Rajib Sir\LATEST VIETNAM\TechGration\TechGration\CYMEUPLOAD\PHDIEN-479\CymeTextFile\Network.txt
Code : 230050 [Import Export]   Warning : Found gaps in the sequence numbers for intermediate nodes concerning the Section ID : 'OH_5707'. File name : D:\vishal all data\OLD DATA\2025\Rajib Sir\LATEST VIETNAM\TechGration\TechGration\CYMEUPLOAD\PHDIEN-479\CymeTextFile\Network.txt
Code : 230050 [Import Export]   Warning : Found gaps in the sequence numbers for intermediate nodes concerning the Section ID : 'OH_5708'. File name : D:\vishal all data\OLD DATA\2025\Rajib Sir\LATEST VIETNAM\TechGration\TechGration\CYMEUPLOAD\PHDIEN-479\CymeTextFile\Network.txt
Code : 230050 [Import Export]   Warning : Found gaps in the sequence numbers for intermediate nodes concerning the Section ID : 'OH_5736'. File name : D:\vishal all data\OLD DATA\2025\Rajib Sir\LATEST VIETNAM\TechGration\TechGration\CYMEUPLOAD\PHDIEN-479\CymeTextFile\Network.txt
Code : 230050 [Import Export]   Warning : Found gaps in the sequence numbers for intermediate nodes concerning the Section ID : 'OH_5738'. File name : D:\vishal all data\OLD DATA\2025\Rajib Sir\LATEST VIETNAM\TechGration\TechGration\CYMEUPLOAD\PHDIEN-479\CymeTextFile\Network.txt
Code : 230050 [Import Export]   Warning : Found gaps in the sequence numbers for intermediate nodes concerning the Section ID : 'OH_5744'. File name : D:\vishal all data\OLD DATA\2025\Rajib Sir\LATEST VIETNAM\TechGration\TechGration\CYMEUPLOAD\PHDIEN-479\CymeTextFile\Network.txt
Code : 230050 [Import Export]   Warning : Found gaps in the sequence numbers for intermediate nodes concerning the Section ID : 'OH_5755'. File name : D:\vishal all data\OLD DATA\2025\Rajib Sir\LATEST VIETNAM\TechGration\TechGration\CYMEUPLOAD\PHDIEN-479\CymeTextFile\Network.txt
Code : 230050 [Import Export]   Warning : Found gaps in the sequence numbers for intermediate nodes concerning the Section ID : 'OH_5759'. File name : D:\vishal all data\OLD DATA\2025\Rajib Sir\LATEST VIETNAM\TechGration\TechGration\CYMEUPLOAD\PHDIEN-479\CymeTextFile\Network.txt
Code : 230050 [Import Export]   Warning : Found gaps in the sequence numbers for intermediate nodes concerning the Section ID : 'OH_5763'. File name : D:\vishal all data\OLD DATA\2025\Rajib Sir\LATEST VIETNAM\TechGration\TechGration\CYMEUPLOAD\PHDIEN-479\CymeTextFile\Network.txt
Code : 230050 [Import Export]   Warning : Found gaps in the sequence numbers for intermediate nodes concerning the Section ID : 'OH_5768'. File name : D:\vishal all data\OLD DATA\2025\Rajib Sir\LATEST VIETNAM\TechGration\TechGration\CYMEUPLOAD\PHDIEN-479\CymeTextFile\Network.txt
Code : 230050 [Import Export]   Warning : Found gaps in the sequence numbers for intermediate nodes concerning the Section ID : 'OH_5771'. File name : D:\vishal all data\OLD DATA\2025\Rajib Sir\LATEST VIETNAM\TechGration\TechGration\CYMEUPLOAD\PHDIEN-479\CymeTextFile\Network.txt
Code : 230050 [Import Export]   Warning : Found gaps in the sequence numbers for intermediate nodes concerning the Section ID : 'OH_5779'. File name : D:\vishal all data\OLD DATA\2025\Rajib Sir\LATEST VIETNAM\TechGration\TechGration\CYMEUPLOAD\PHDIEN-479\CymeTextFile\Network.txt
Code : 230050 [Import Export]   Warning : Found gaps in the sequence numbers for intermediate nodes concerning the Section ID : 'OH_5788'. File name : D:\vishal all data\OLD DATA\2025\Rajib Sir\LATEST VIETNAM\TechGration\TechGration\CYMEUPLOAD\PHDIEN-479\CymeTextFile\Network.txt
Code : 230050 [Import Export]   Warning : Found gaps in the sequence numbers for intermediate nodes concerning the Section ID : 'OH_5792'. File name : D:\vishal all data\OLD DATA\2025\Rajib Sir\LATEST VIETNAM\TechGration\TechGration\CYMEUPLOAD\PHDIEN-479\CymeTextFile\Network.txt
Code : 230050 [Import Export]   Warning : Found gaps in the sequence numbers for intermediate nodes concerning the Section ID : 'OH_5850'. File name : D:\vishal all data\OLD DATA\2025\Rajib Sir\LATEST VIETNAM\TechGration\TechGration\CYMEUPLOAD\PHDIEN-479\CymeTextFile\Network.txt
Code : 230050 [Import Export]   Warning : Found gaps in the sequence numbers for intermediate nodes concerning the Section ID : 'OH_5851'. File name : D:\vishal all data\OLD DATA\2025\Rajib Sir\LATEST VIETNAM\TechGration\TechGration\CYMEUPLOAD\PHDIEN-479\CymeTextFile\Network.txt
Code : 230050 [Import Export]   Warning : Found gaps in the sequence numbers for intermediate nodes concerning the Section ID : 'OH_5852'. File name : D:\vishal all data\OLD DATA\2025\Rajib Sir\LATEST VIETNAM\TechGration\TechGration\CYMEUPLOAD\PHDIEN-479\CymeTextFile\Network.txt
Code : 230050 [Import Export]   Warning : Found gaps in the sequence numbers for intermediate nodes concerning the Section ID : 'OH_5854'. File name : D:\vishal all data\OLD DATA\2025\Rajib Sir\LATEST VIETNAM\TechGration\TechGration\CYMEUPLOAD\PHDIEN-479\CymeTextFile\Network.txt
Code : 230050 [Import Export]   Warning : Found gaps in the sequence numbers for intermediate nodes concerning the Section ID : 'OH_5897'. File name : D:\vishal all data\OLD DATA\2025\Rajib Sir\LATEST VIETNAM\TechGration\TechGration\CYMEUPLOAD\PHDIEN-479\CymeTextFile\Network.txt
Code : 230050 [Import Export]   Warning : Found gaps in the sequence numbers for intermediate nodes concerning the Section ID : 'OH_5900'. File name : D:\vishal all data\OLD DATA\2025\Rajib Sir\LATEST VIETNAM\TechGration\TechGration\CYMEUPLOAD\PHDIEN-479\CymeTextFile\Network.txt
Code : 230050 [Import Export]   Warning : Found gaps in the sequence numbers for intermediate nodes concerning the Section ID : 'OH_5901'. File name : D:\vishal all data\OLD DATA\2025\Rajib Sir\LATEST VIETNAM\TechGration\TechGration\CYMEUPLOAD\PHDIEN-479\CymeTextFile\Network.txt
Code : 230234 [Import Export]   Warning : Defined UserDefinedValue is not used. DeviceNumber : 'SG_1888' and DeviceType : '8'. File name : D:\vishal all data\OLD DATA\2025\Rajib Sir\LATEST VIETNAM\TechGration\TechGration\CYMEUPLOAD\PHDIEN-479\CymeTextFile\Network.txt
Code : 230234 [Import Export]   Warning : Defined UserDefinedValue is not used. DeviceNumber : 'SG_1889' and DeviceType : '8'. File name : D:\vishal all data\OLD DATA\2025\Rajib Sir\LATEST VIETNAM\TechGration\TechGration\CYMEUPLOAD\PHDIEN-479\CymeTextFile\Network.txt
Code : 230234 [Import Export]   Warning : Defined UserDefinedValue is not used. DeviceNumber : 'SG_1896' and DeviceType : '8'. File name : D:\vishal all data\OLD DATA\2025\Rajib Sir\LATEST VIETNAM\TechGration\TechGration\CYMEUPLOAD\PHDIEN-479\CymeTextFile\Network.txt
Code : 230234 [Import Export]   Warning : Defined UserDefinedValue is not used. DeviceNumber : 'SG_2043' and DeviceType : '8'. File name : D:\vishal all data\OLD DATA\2025\Rajib Sir\LATEST VIETNAM\TechGration\TechGration\CYMEUPLOAD\PHDIEN-479\CymeTextFile\Network.txt
Code : 230234 [Import Export]   Warning : Defined UserDefinedValue is not used. DeviceNumber : 'SG_2211' and DeviceType : '8'. File name : D:\vishal all data\OLD DATA\2025\Rajib Sir\LATEST VIETNAM\TechGration\TechGration\CYMEUPLOAD\PHDIEN-479\CymeTextFile\Network.txt
Code : 230234 [Import Export]   Warning : Defined UserDefinedValue is not used. DeviceNumber : 'SG_1888' and DeviceType : '8'. File name : D:\vishal all data\OLD DATA\2025\Rajib Sir\LATEST VIETNAM\TechGration\TechGration\CYMEUPLOAD\PHDIEN-479\CymeTextFile\Network.txt
Code : 230234 [Import Export]   Warning : Defined UserDefinedValue is not used. DeviceNumber : 'SG_1889' and DeviceType : '8'. File name : D:\vishal all data\OLD DATA\2025\Rajib Sir\LATEST VIETNAM\TechGration\TechGration\CYMEUPLOAD\PHDIEN-479\CymeTextFile\Network.txt
Code : 230234 [Import Export]   Warning : Defined UserDefinedValue is not used. DeviceNumber : 'SG_1896' and DeviceType : '8'. File name : D:\vishal all data\OLD DATA\2025\Rajib Sir\LATEST VIETNAM\TechGration\TechGration\CYMEUPLOAD\PHDIEN-479\CymeTextFile\Network.txt
Code : 230234 [Import Export]   Warning : Defined UserDefinedValue is not used. DeviceNumber : 'SG_2043' and DeviceType : '8'. File name : D:\vishal all data\OLD DATA\2025\Rajib Sir\LATEST VIETNAM\TechGration\TechGration\CYMEUPLOAD\PHDIEN-479\CymeTextFile\Network.txt
Code : 230234 [Import Export]   Warning : Defined UserDefinedValue is not used. DeviceNumber : 'SG_2211' and DeviceType : '8'. File name : D:\vishal all data\OLD DATA\2025\Rajib Sir\LATEST VIETNAM\TechGration\TechGration\CYMEUPLOAD\PHDIEN-479\CymeTextFile\Network.txt
Code : 440101 [SQL]   Warning : Source Device Number '755030.405697971_1832351.77484815-S1' already exists in database. Source Device Number changed to : '755030.405697971_1832351.77484815-S1' ( Node : 755030.405697971_1832351.77484815 ) ( Network : PHDIEN-472 )
